<?xml version="1.0" encoding="UTF-8"?>
<coverage generated="1785886084151" clover="3.2.0">
  <project timestamp="1785886084151" name="All files">
    <metrics statements="1520" coveredstatements="1505" conditionals="992" coveredconditionals="929" methods="409" coveredmethods="405" elements="2921" coveredelements="2839" complexity="0" loc="1520" ncloc="1520" packages="7" files="46" classes="46"/>
    <package name="src">
      <metrics statements="47" coveredstatements="47" conditionals="14" coveredconditionals="13" methods="19" coveredmethods="19"/>
      <file name="facilitiesService.ts" path="E:\DZ_Inspection\src\facilitiesService.ts">
        <metrics statements="47" coveredstatements="47" conditionals="14" coveredconditionals="13" methods="19" coveredmethods="19"/>
        <line num="19" count="4" type="stmt"/>
        <line num="20" count="93" type="stmt"/>
        <line num="25" count="4" type="stmt"/>
        <line num="26" count="33" type="stmt"/>
        <line num="27" count="33" type="stmt"/>
        <line num="28" count="31" type="stmt"/>
        <line num="30" count="2" type="stmt"/>
        <line num="39" count="4" type="stmt"/>
        <line num="40" count="22" type="stmt"/>
        <line num="41" count="12" type="cond" truecount="2" falsecount="0"/>
        <line num="42" count="10" type="stmt"/>
        <line num="46" count="4" type="stmt"/>
        <line num="47" count="9" type="stmt"/>
        <line num="48" count="9" type="stmt"/>
        <line num="50" count="1" type="stmt"/>
        <line num="62" count="4" type="stmt"/>
        <line num="63" count="21" type="stmt"/>
        <line num="64" count="21" type="cond" truecount="2" falsecount="0"/>
        <line num="66" count="15" type="stmt"/>
        <line num="68" count="15" type="stmt"/>
        <line num="69" count="34" type="stmt"/>
        <line num="72" count="34" type="stmt"/>
        <line num="80" count="4" type="stmt"/>
        <line num="81" count="4" type="stmt"/>
        <line num="82" count="4" type="stmt"/>
        <line num="83" count="9" type="stmt"/>
        <line num="91" count="4" type="stmt"/>
        <line num="92" count="8" type="stmt"/>
        <line num="93" count="8" type="cond" truecount="2" falsecount="0"/>
        <line num="94" count="6" type="stmt"/>
        <line num="95" count="14" type="cond" truecount="1" falsecount="1"/>
        <line num="102" count="4" type="stmt"/>
        <line num="106" count="7" type="stmt"/>
        <line num="107" count="7" type="cond" truecount="2" falsecount="0"/>
        <line num="108" count="3" type="stmt"/>
        <line num="109" count="3" type="stmt"/>
        <line num="118" count="4" type="stmt"/>
        <line num="121" count="29" type="stmt"/>
        <line num="128" count="4" type="stmt"/>
        <line num="133" count="14" type="cond" truecount="2" falsecount="0"/>
        <line num="134" count="6" type="stmt"/>
        <line num="135" count="6" type="stmt"/>
        <line num="139" count="4" type="stmt"/>
        <line num="141" count="10" type="cond" truecount="2" falsecount="0"/>
        <line num="142" count="4" type="stmt"/>
        <line num="146" count="4" type="stmt"/>
        <line num="147" count="2" type="stmt"/>
      </file>
    </package>
    <package name="src.db">
      <metrics statements="58" coveredstatements="58" conditionals="119" coveredconditionals="102" methods="11" coveredmethods="11"/>
      <file name="schema.ts" path="E:\DZ_Inspection\src\db\schema.ts">
        <metrics statements="35" coveredstatements="35" conditionals="104" coveredconditionals="89" methods="5" coveredmethods="5"/>
        <line num="37" count="15" type="stmt"/>
        <line num="45" count="16" type="cond" truecount="2" falsecount="0"/>
        <line num="46" count="14" type="stmt"/>
        <line num="47" count="13" type="stmt"/>
        <line num="48" count="13" type="stmt"/>
        <line num="56" count="10" type="stmt"/>
        <line num="70" count="15" type="stmt"/>
        <line num="233" count="14" type="stmt"/>
        <line num="240" count="14" type="stmt"/>
        <line num="241" count="126" type="stmt"/>
        <line num="245" count="126" type="cond" truecount="2" falsecount="0"/>
        <line num="247" count="117" type="stmt"/>
        <line num="248" count="117" type="stmt"/>
        <line num="249" count="117" type="stmt"/>
        <line num="273" count="6" type="stmt"/>
        <line num="274" count="6" type="stmt"/>
        <line num="277" count="6" type="stmt"/>
        <line num="278" count="6" type="cond" truecount="2" falsecount="0"/>
        <line num="279" count="2" type="stmt"/>
        <line num="280" count="2" type="stmt"/>
        <line num="281" count="2" type="stmt"/>
        <line num="318" count="2" type="stmt"/>
        <line num="322" count="6" type="stmt"/>
        <line num="323" count="6" type="cond" truecount="2" falsecount="0"/>
        <line num="324" count="1" type="stmt"/>
        <line num="325" count="1" type="stmt"/>
        <line num="326" count="1" type="stmt"/>
        <line num="340" count="1" type="stmt"/>
        <line num="344" count="6" type="stmt"/>
        <line num="345" count="6" type="cond" truecount="2" falsecount="0"/>
        <line num="346" count="1" type="stmt"/>
        <line num="347" count="1" type="stmt"/>
        <line num="348" count="1" type="stmt"/>
        <line num="360" count="1" type="stmt"/>
        <line num="363" count="6" type="stmt"/>
      </file>
      <file name="syncEngine.ts" path="E:\DZ_Inspection\src\db\syncEngine.ts">
        <metrics statements="23" coveredstatements="23" conditionals="15" coveredconditionals="13" methods="6" coveredmethods="6"/>
        <line num="35" count="1" type="stmt"/>
        <line num="38" count="22" type="cond" truecount="1" falsecount="1"/>
        <line num="42" count="9" type="cond" truecount="1" falsecount="1"/>
        <line num="43" count="9" type="stmt"/>
        <line num="45" count="9" type="stmt"/>
        <line num="46" count="9" type="stmt"/>
        <line num="47" count="8" type="cond" truecount="2" falsecount="0"/>
        <line num="48" count="1" type="stmt"/>
        <line num="51" count="1" type="stmt"/>
        <line num="56" count="13" type="cond" truecount="2" falsecount="0"/>
        <line num="57" count="2" type="stmt"/>
        <line num="60" count="11" type="stmt"/>
        <line num="63" count="11" type="stmt"/>
        <line num="65" count="11" type="stmt"/>
        <line num="67" count="11" type="stmt"/>
        <line num="75" count="11" type="stmt"/>
        <line num="77" count="6" type="cond" truecount="2" falsecount="0"/>
        <line num="79" count="6" type="cond" truecount="4" falsecount="0"/>
        <line num="80" count="1" type="stmt"/>
        <line num="82" count="6" type="stmt"/>
        <line num="88" count="11" type="stmt"/>
        <line num="89" count="3" type="stmt"/>
        <line num="90" count="3" type="stmt"/>
      </file>
    </package>
    <package name="src.hooks">
      <metrics statements="180" coveredstatements="180" conditionals="89" coveredconditionals="86" methods="58" coveredmethods="58"/>
      <file name="useChecklistData.ts" path="E:\DZ_Inspection\src\hooks\useChecklistData.ts">
        <metrics statements="111" coveredstatements="111" conditionals="71" coveredconditionals="69" methods="27" coveredmethods="27"/>
        <line num="30" count="1" type="stmt"/>
        <line num="63" count="167" type="stmt"/>
        <line num="64" count="167" type="stmt"/>
        <line num="66" count="167" type="stmt"/>
        <line num="67" count="167" type="stmt"/>
        <line num="68" count="167" type="cond" truecount="2" falsecount="0"/>
        <line num="69" count="167" type="stmt"/>
        <line num="71" count="167" type="stmt"/>
        <line num="72" count="167" type="stmt"/>
        <line num="73" count="167" type="stmt"/>
        <line num="74" count="167" type="stmt"/>
        <line num="77" count="167" type="stmt"/>
        <line num="78" count="50" type="stmt"/>
        <line num="79" count="50" type="stmt"/>
        <line num="80" count="50" type="cond" truecount="2" falsecount="0"/>
        <line num="81" count="8" type="stmt"/>
        <line num="82" count="8" type="cond" truecount="2" falsecount="0"/>
        <line num="83" count="7" type="stmt"/>
        <line num="84" count="7" type="stmt"/>
        <line num="88" count="42" type="cond" truecount="4" falsecount="0"/>
        <line num="91" count="124" type="stmt"/>
        <line num="98" count="42" type="stmt"/>
        <line num="99" count="42" type="stmt"/>
        <line num="101" count="50" type="stmt"/>
        <line num="103" count="50" type="stmt"/>
        <line num="107" count="167" type="stmt"/>
        <line num="109" count="27" type="stmt"/>
        <line num="110" count="27" type="stmt"/>
        <line num="111" count="27" type="stmt"/>
        <line num="112" count="27" type="stmt"/>
        <line num="114" count="27" type="stmt"/>
        <line num="141" count="27" type="cond" truecount="2" falsecount="0"/>
        <line num="142" count="25" type="stmt"/>
        <line num="143" count="25" type="stmt"/>
        <line num="144" count="25" type="stmt"/>
        <line num="145" count="25" type="stmt"/>
        <line num="146" count="25" type="stmt"/>
        <line num="147" count="25" type="stmt"/>
        <line num="148" count="25" type="stmt"/>
        <line num="149" count="25" type="stmt"/>
        <line num="150" count="25" type="cond" truecount="2" falsecount="0"/>
        <line num="153" count="27" type="stmt"/>
        <line num="154" count="25" type="stmt"/>
        <line num="156" count="2" type="stmt"/>
        <line num="157" count="2" type="stmt"/>
        <line num="158" count="2" type="stmt"/>
        <line num="165" count="167" type="stmt"/>
        <line num="166" count="165" type="stmt"/>
        <line num="167" count="3" type="cond" truecount="2" falsecount="0"/>
        <line num="168" count="2" type="stmt"/>
        <line num="169" count="2" type="stmt"/>
        <line num="170" count="2" type="stmt"/>
        <line num="172" count="165" type="stmt"/>
        <line num="176" count="167" type="stmt"/>
        <line num="177" count="81" type="stmt"/>
        <line num="178" count="243" type="cond" truecount="2" falsecount="0"/>
        <line num="182" count="167" type="stmt"/>
        <line num="183" count="1" type="stmt"/>
        <line num="184" count="3" type="cond" truecount="2" falsecount="0"/>
        <line num="188" count="167" type="stmt"/>
        <line num="189" count="7" type="stmt"/>
        <line num="190" count="7" type="stmt"/>
        <line num="191" count="19" type="cond" truecount="2" falsecount="0"/>
        <line num="192" count="7" type="cond" truecount="2" falsecount="0"/>
        <line num="193" count="1" type="stmt"/>
        <line num="195" count="6" type="cond" truecount="3" falsecount="1"/>
        <line num="196" count="6" type="stmt"/>
        <line num="212" count="167" type="stmt"/>
        <line num="214" count="5" type="stmt"/>
        <line num="215" count="5" type="stmt"/>
        <line num="216" count="9" type="cond" truecount="2" falsecount="0"/>
        <line num="218" count="5" type="stmt"/>
        <line num="224" count="5" type="cond" truecount="4" falsecount="0"/>
        <line num="225" count="1" type="stmt"/>
        <line num="226" count="1" type="stmt"/>
        <line num="227" count="1" type="cond" truecount="1" falsecount="1"/>
        <line num="228" count="1" type="stmt"/>
        <line num="232" count="5" type="stmt"/>
        <line num="240" count="167" type="stmt"/>
        <line num="241" count="79" type="stmt"/>
        <line num="242" count="27" type="stmt"/>
        <line num="243" count="77" type="stmt"/>
        <line num="246" count="27" type="cond" truecount="2" falsecount="0"/>
        <line num="248" count="27" type="cond" truecount="2" falsecount="0"/>
        <line num="249" count="1" type="stmt"/>
        <line num="250" count="1" type="stmt"/>
        <line num="255" count="1" type="stmt"/>
        <line num="258" count="26" type="stmt"/>
        <line num="260" count="76" type="cond" truecount="4" falsecount="0"/>
        <line num="266" count="26" type="cond" truecount="2" falsecount="0"/>
        <line num="267" count="1" type="stmt"/>
        <line num="272" count="1" type="stmt"/>
        <line num="275" count="25" type="stmt"/>
        <line num="276" count="25" type="stmt"/>
        <line num="277" count="25" type="cond" truecount="2" falsecount="0"/>
        <line num="278" count="2" type="stmt"/>
        <line num="279" count="2" type="stmt"/>
        <line num="282" count="23" type="stmt"/>
        <line num="283" count="23" type="cond" truecount="2" falsecount="0"/>
        <line num="284" count="2" type="stmt"/>
        <line num="285" count="2" type="stmt"/>
        <line num="287" count="1" type="stmt"/>
        <line num="289" count="2" type="stmt"/>
        <line num="291" count="21" type="stmt"/>
        <line num="294" count="23" type="stmt"/>
        <line num="298" count="167" type="stmt"/>
        <line num="299" count="167" type="stmt"/>
        <line num="300" count="167" type="stmt"/>
        <line num="301" count="167" type="stmt"/>
        <line num="302" count="130" type="cond" truecount="2" falsecount="0"/>
        <line num="306" count="167" type="stmt"/>
      </file>
      <file name="useCollapsibleSections.ts" path="E:\DZ_Inspection\src\hooks\useCollapsibleSections.ts">
        <metrics statements="22" coveredstatements="22" conditionals="6" coveredconditionals="6" methods="10" coveredmethods="10"/>
        <line num="7" count="31" type="stmt"/>
        <line num="8" count="20" type="stmt"/>
        <line num="11" count="31" type="stmt"/>
        <line num="12" count="31" type="stmt"/>
        <line num="13" count="31" type="stmt"/>
        <line num="15" count="31" type="stmt"/>
        <line num="16" count="19" type="stmt"/>
        <line num="17" count="19" type="stmt"/>
        <line num="18" count="19" type="stmt"/>
        <line num="19" count="19" type="stmt"/>
        <line num="20" count="28" type="cond" truecount="2" falsecount="0"/>
        <line num="21" count="3" type="stmt"/>
        <line num="22" count="3" type="stmt"/>
        <line num="25" count="19" type="cond" truecount="2" falsecount="0"/>
        <line num="29" count="31" type="stmt"/>
        <line num="30" count="9" type="stmt"/>
        <line num="33" count="31" type="stmt"/>
        <line num="34" count="12" type="cond" truecount="2" falsecount="0"/>
        <line num="38" count="31" type="stmt"/>
        <line num="40" count="6" type="stmt"/>
        <line num="41" count="3" type="stmt"/>
        <line num="46" count="31" type="stmt"/>
      </file>
      <file name="useHomeData.ts" path="E:\DZ_Inspection\src\hooks\useHomeData.ts">
        <metrics statements="12" coveredstatements="12" conditionals="4" coveredconditionals="4" methods="6" coveredmethods="6"/>
        <line num="7" count="2" type="stmt"/>
        <line num="23" count="25" type="stmt"/>
        <line num="25" count="25" type="stmt"/>
        <line num="27" count="22" type="stmt"/>
        <line num="28" count="22" type="stmt"/>
        <line num="29" count="17" type="cond" truecount="2" falsecount="0"/>
        <line num="31" count="3" type="stmt"/>
        <line num="32" count="3" type="cond" truecount="2" falsecount="0"/>
        <line num="34" count="22" type="stmt"/>
        <line num="38" count="25" type="stmt"/>
        <line num="40" count="5" type="stmt"/>
        <line num="44" count="25" type="stmt"/>
      </file>
      <file name="useInspectionList.ts" path="E:\DZ_Inspection\src\hooks\useInspectionList.ts">
        <metrics statements="26" coveredstatements="26" conditionals="8" coveredconditionals="7" methods="12" coveredmethods="12"/>
        <line num="9" count="80" type="stmt"/>
        <line num="10" count="80" type="stmt"/>
        <line num="11" count="80" type="stmt"/>
        <line num="13" count="80" type="stmt"/>
        <line num="15" count="62" type="stmt"/>
        <line num="16" count="62" type="stmt"/>
        <line num="17" count="62" type="stmt"/>
        <line num="18" count="62" type="stmt"/>
        <line num="19" count="58" type="cond" truecount="1" falsecount="1"/>
        <line num="21" count="2" type="stmt"/>
        <line num="24" count="62" type="stmt"/>
        <line num="25" count="62" type="stmt"/>
        <line num="29" count="80" type="stmt"/>
        <line num="30" count="6" type="stmt"/>
        <line num="35" count="3" type="stmt"/>
        <line num="36" count="3" type="stmt"/>
        <line num="37" count="2" type="stmt"/>
        <line num="39" count="1" type="stmt"/>
        <line num="46" count="80" type="stmt"/>
        <line num="47" count="62" type="stmt"/>
        <line num="48" count="82" type="cond" truecount="2" falsecount="0"/>
        <line num="50" count="76" type="cond" truecount="2" falsecount="0"/>
        <line num="51" count="15" type="stmt"/>
        <line num="52" count="15" type="stmt"/>
        <line num="57" count="44" type="stmt"/>
        <line num="60" count="80" type="stmt"/>
      </file>
      <file name="useSignature.ts" path="E:\DZ_Inspection\src\hooks\useSignature.ts">
        <metrics statements="9" coveredstatements="9" conditionals="0" coveredconditionals="0" methods="3" coveredmethods="3"/>
        <line num="5" count="25" type="stmt"/>
        <line num="6" count="25" type="stmt"/>
        <line num="8" count="25" type="stmt"/>
        <line num="9" count="7" type="stmt"/>
        <line num="10" count="7" type="stmt"/>
        <line num="13" count="25" type="stmt"/>
        <line num="14" count="2" type="stmt"/>
        <line num="18" count="25" type="stmt"/>
        <line num="20" count="25" type="stmt"/>
      </file>
    </package>
    <package name="src.repositories">
      <metrics statements="365" coveredstatements="357" conditionals="179" coveredconditionals="172" methods="131" coveredmethods="128"/>
      <file name="AgendaRepository.ts" path="E:\DZ_Inspection\src\repositories\AgendaRepository.ts">
        <metrics statements="27" coveredstatements="27" conditionals="10" coveredconditionals="10" methods="11" coveredmethods="11"/>
        <line num="11" count="36" type="stmt"/>
        <line num="12" count="36" type="stmt"/>
        <line num="13" count="36" type="cond" truecount="2" falsecount="0"/>
        <line num="15" count="2" type="stmt"/>
        <line num="20" count="19" type="stmt"/>
        <line num="23" count="4" type="stmt"/>
        <line num="26" count="9" type="stmt"/>
        <line num="30" count="6" type="stmt"/>
        <line num="31" count="6" type="cond" truecount="2" falsecount="0"/>
        <line num="40" count="13" type="stmt"/>
        <line num="41" count="13" type="stmt"/>
        <line num="42" count="13" type="cond" truecount="2" falsecount="0"/>
        <line num="43" count="2" type="stmt"/>
        <line num="45" count="11" type="stmt"/>
        <line num="47" count="13" type="stmt"/>
        <line num="50" count="13" type="cond" truecount="2" falsecount="0"/>
        <line num="51" count="11" type="stmt"/>
        <line num="59" count="2" type="stmt"/>
        <line num="67" count="3" type="stmt"/>
        <line num="68" count="3" type="stmt"/>
        <line num="69" count="3" type="stmt"/>
        <line num="77" count="5" type="stmt"/>
        <line num="78" count="5" type="stmt"/>
        <line num="79" count="5" type="cond" truecount="2" falsecount="0"/>
        <line num="80" count="3" type="stmt"/>
        <line num="85" count="3" type="stmt"/>
        <line num="86" count="3" type="stmt"/>
      </file>
      <file name="ApprovalRepository.ts" path="E:\DZ_Inspection\src\repositories\ApprovalRepository.ts">
        <metrics statements="50" coveredstatements="50" conditionals="22" coveredconditionals="22" methods="15" coveredmethods="15"/>
        <line num="29" count="89" type="stmt"/>
        <line num="30" count="89" type="cond" truecount="2" falsecount="0"/>
        <line num="34" count="56" type="stmt"/>
        <line num="43" count="23" type="stmt"/>
        <line num="46" count="4" type="stmt"/>
        <line num="49" count="17" type="stmt"/>
        <line num="50" count="17" type="stmt"/>
        <line num="55" count="2" type="stmt"/>
        <line num="56" count="4" type="stmt"/>
        <line num="61" count="35" type="stmt"/>
        <line num="62" count="35" type="stmt"/>
        <line num="63" count="35" type="cond" truecount="2" falsecount="0"/>
        <line num="64" count="33" type="stmt"/>
        <line num="73" count="33" type="stmt"/>
        <line num="82" count="18" type="stmt"/>
        <line num="83" count="18" type="stmt"/>
        <line num="84" count="18" type="cond" truecount="2" falsecount="0"/>
        <line num="85" count="16" type="cond" truecount="2" falsecount="0"/>
        <line num="86" count="14" type="stmt"/>
        <line num="87" count="14" type="stmt"/>
        <line num="88" count="14" type="stmt"/>
        <line num="89" count="14" type="stmt"/>
        <line num="90" count="14" type="stmt"/>
        <line num="91" count="14" type="cond" truecount="2" falsecount="0"/>
        <line num="92" count="7" type="stmt"/>
        <line num="101" count="14" type="stmt"/>
        <line num="114" count="8" type="stmt"/>
        <line num="115" count="8" type="stmt"/>
        <line num="116" count="8" type="cond" truecount="2" falsecount="0"/>
        <line num="117" count="6" type="cond" truecount="2" falsecount="0"/>
        <line num="118" count="4" type="stmt"/>
        <line num="119" count="4" type="stmt"/>
        <line num="120" count="4" type="stmt"/>
        <line num="121" count="4" type="stmt"/>
        <line num="122" count="4" type="stmt"/>
        <line num="123" count="4" type="cond" truecount="2" falsecount="0"/>
        <line num="124" count="2" type="stmt"/>
        <line num="133" count="4" type="stmt"/>
        <line num="146" count="9" type="stmt"/>
        <line num="147" count="9" type="stmt"/>
        <line num="148" count="9" type="cond" truecount="2" falsecount="0"/>
        <line num="149" count="7" type="cond" truecount="2" falsecount="0"/>
        <line num="150" count="5" type="stmt"/>
        <line num="151" count="5" type="stmt"/>
        <line num="152" count="5" type="stmt"/>
        <line num="153" count="5" type="stmt"/>
        <line num="154" count="5" type="stmt"/>
        <line num="155" count="5" type="cond" truecount="2" falsecount="0"/>
        <line num="156" count="3" type="stmt"/>
        <line num="165" count="5" type="stmt"/>
      </file>
      <file name="AuditLogRepository.ts" path="E:\DZ_Inspection\src\repositories\AuditLogRepository.ts">
        <metrics statements="21" coveredstatements="21" conditionals="4" coveredconditionals="4" methods="10" coveredmethods="10"/>
        <line num="14" count="4" type="stmt"/>
        <line num="39" count="533" type="stmt"/>
        <line num="43" count="552" type="stmt"/>
        <line num="44" count="552" type="stmt"/>
        <line num="45" count="551" type="cond" truecount="2" falsecount="0"/>
        <line num="47" count="1" type="stmt"/>
        <line num="52" count="533" type="stmt"/>
        <line num="57" count="4" type="stmt"/>
        <line num="71" count="533" type="stmt"/>
        <line num="72" count="533" type="stmt"/>
        <line num="81" count="533" type="stmt"/>
        <line num="82" count="533" type="stmt"/>
        <line num="84" count="533" type="cond" truecount="2" falsecount="0"/>
        <line num="85" count="533" type="stmt"/>
        <line num="93" count="10" type="stmt"/>
        <line num="94" count="10" type="stmt"/>
        <line num="99" count="4" type="stmt"/>
        <line num="100" count="9" type="stmt"/>
        <line num="105" count="5" type="stmt"/>
        <line num="106" count="8" type="stmt"/>
        <line num="111" count="2" type="stmt"/>
      </file>
      <file name="AuthRepository.ts" path="E:\DZ_Inspection\src\repositories\AuthRepository.ts">
        <metrics statements="41" coveredstatements="41" conditionals="25" coveredconditionals="25" methods="17" coveredmethods="17"/>
        <line num="9" count="2" type="stmt"/>
        <line num="11" count="2" type="stmt"/>
        <line num="19" count="2" type="stmt"/>
        <line num="20" count="40" type="stmt"/>
        <line num="23" count="56" type="stmt"/>
        <line num="27" count="15" type="cond" truecount="2" falsecount="0"/>
        <line num="33" count="12" type="cond" truecount="2" falsecount="0"/>
        <line num="39" count="3" type="cond" truecount="2" falsecount="0"/>
        <line num="44" count="2" type="stmt"/>
        <line num="46" count="9" type="stmt"/>
        <line num="49" count="10" type="cond" truecount="2" falsecount="0"/>
        <line num="50" count="3" type="stmt"/>
        <line num="52" count="7" type="stmt"/>
        <line num="54" count="10" type="stmt"/>
        <line num="58" count="34" type="stmt"/>
        <line num="59" count="34" type="cond" truecount="2" falsecount="0"/>
        <line num="63" count="24" type="stmt"/>
        <line num="64" count="24" type="stmt"/>
        <line num="65" count="24" type="stmt"/>
        <line num="66" count="24" type="stmt"/>
        <line num="70" count="2" type="stmt"/>
        <line num="73" count="4" type="stmt"/>
        <line num="74" count="4" type="stmt"/>
        <line num="78" count="8" type="cond" truecount="2" falsecount="0"/>
        <line num="79" count="6" type="stmt"/>
        <line num="80" count="6" type="cond" truecount="2" falsecount="0"/>
        <line num="81" count="4" type="stmt"/>
        <line num="85" count="10" type="cond" truecount="2" falsecount="0"/>
        <line num="86" count="8" type="stmt"/>
        <line num="87" count="8" type="cond" truecount="2" falsecount="0"/>
        <line num="88" count="6" type="cond" truecount="2" falsecount="0"/>
        <line num="89" count="4" type="cond" truecount="2" falsecount="0"/>
        <line num="90" count="2" type="stmt"/>
        <line num="94" count="6" type="stmt"/>
        <line num="95" count="6" type="stmt"/>
        <line num="99" count="5" type="stmt"/>
        <line num="102" count="8" type="cond" truecount="2" falsecount="0"/>
        <line num="103" count="6" type="stmt"/>
        <line num="104" count="6" type="stmt"/>
        <line num="110" count="4" type="stmt"/>
        <line num="112" count="2" type="stmt"/>
      </file>
      <file name="CorrectiveActionRepository.ts" path="E:\DZ_Inspection\src\repositories\CorrectiveActionRepository.ts">
        <metrics statements="79" coveredstatements="79" conditionals="41" coveredconditionals="41" methods="26" coveredmethods="26"/>
        <line num="7" count="77" type="stmt"/>
        <line num="14" count="37" type="stmt"/>
        <line num="18" count="1" type="stmt"/>
        <line num="19" count="1" type="stmt"/>
        <line num="20" count="1" type="stmt"/>
        <line num="24" count="142" type="stmt"/>
        <line num="25" count="142" type="stmt"/>
        <line num="26" count="141" type="cond" truecount="2" falsecount="0"/>
        <line num="28" count="106" type="stmt"/>
        <line num="29" count="103" type="stmt"/>
        <line num="30" count="103" type="stmt"/>
        <line num="32" count="103" type="stmt"/>
        <line num="33" count="149" type="cond" truecount="2" falsecount="0"/>
        <line num="37" count="11" type="stmt"/>
        <line num="38" count="11" type="stmt"/>
        <line num="40" count="138" type="stmt"/>
        <line num="43" count="103" type="cond" truecount="2" falsecount="0"/>
        <line num="44" count="11" type="stmt"/>
        <line num="47" count="103" type="stmt"/>
        <line num="49" count="4" type="stmt"/>
        <line num="62" count="7" type="stmt"/>
        <line num="64" count="43" type="stmt"/>
        <line num="68" count="5" type="stmt"/>
        <line num="69" count="8" type="stmt"/>
        <line num="73" count="4" type="stmt"/>
        <line num="74" count="7" type="stmt"/>
        <line num="78" count="4" type="stmt"/>
        <line num="79" count="4" type="stmt"/>
        <line num="80" count="12" type="cond" truecount="3" falsecount="0"/>
        <line num="87" count="6" type="stmt"/>
        <line num="88" count="9" type="stmt"/>
        <line num="92" count="16" type="stmt"/>
        <line num="93" count="16" type="stmt"/>
        <line num="95" count="16" type="stmt"/>
        <line num="96" count="16" type="stmt"/>
        <line num="97" count="16" type="stmt"/>
        <line num="99" count="16" type="stmt"/>
        <line num="108" count="16" type="stmt"/>
        <line num="109" count="29" type="cond" truecount="2" falsecount="0"/>
        <line num="110" count="13" type="cond" truecount="2" falsecount="0"/>
        <line num="111" count="10" type="cond" truecount="2" falsecount="0"/>
        <line num="113" count="6" type="stmt"/>
        <line num="115" count="29" type="cond" truecount="2" falsecount="0"/>
        <line num="120" count="14" type="stmt"/>
        <line num="124" count="16" type="stmt"/>
        <line num="128" count="14" type="stmt"/>
        <line num="129" count="14" type="stmt"/>
        <line num="130" count="12" type="cond" truecount="2" falsecount="0"/>
        <line num="132" count="9" type="stmt"/>
        <line num="133" count="9" type="stmt"/>
        <line num="134" count="9" type="stmt"/>
        <line num="136" count="9" type="stmt"/>
        <line num="137" count="15" type="cond" truecount="2" falsecount="0"/>
        <line num="141" count="7" type="stmt"/>
        <line num="142" count="7" type="stmt"/>
        <line num="144" count="8" type="stmt"/>
        <line num="147" count="9" type="cond" truecount="2" falsecount="0"/>
        <line num="148" count="9" type="stmt"/>
        <line num="158" count="43" type="stmt"/>
        <line num="159" count="43" type="stmt"/>
        <line num="160" count="43" type="cond" truecount="2" falsecount="0"/>
        <line num="162" count="43" type="stmt"/>
        <line num="163" count="43" type="stmt"/>
        <line num="172" count="43" type="cond" truecount="2" falsecount="0"/>
        <line num="173" count="3" type="stmt"/>
        <line num="175" count="40" type="stmt"/>
        <line num="178" count="43" type="stmt"/>
        <line num="179" count="43" type="stmt"/>
        <line num="187" count="12" type="stmt"/>
        <line num="188" count="12" type="stmt"/>
        <line num="189" count="12" type="cond" truecount="2" falsecount="0"/>
        <line num="191" count="9" type="stmt"/>
        <line num="192" count="9" type="stmt"/>
        <line num="194" count="9" type="stmt"/>
        <line num="202" count="9" type="stmt"/>
        <line num="206" count="5" type="stmt"/>
        <line num="207" count="7" type="stmt"/>
        <line num="211" count="4" type="stmt"/>
        <line num="212" count="8" type="stmt"/>
      </file>
      <file name="FacilityRepository.ts" path="E:\DZ_Inspection\src\repositories\FacilityRepository.ts">
        <metrics statements="34" coveredstatements="34" conditionals="31" coveredconditionals="31" methods="12" coveredmethods="12"/>
        <line num="16" count="6" type="stmt"/>
        <line num="33" count="11" type="cond" truecount="5" falsecount="0"/>
        <line num="34" count="10" type="cond" truecount="2" falsecount="0"/>
        <line num="35" count="10" type="cond" truecount="2" falsecount="0"/>
        <line num="36" count="9" type="cond" truecount="5" falsecount="0"/>
        <line num="37" count="7" type="cond" truecount="5" falsecount="0"/>
        <line num="38" count="6" type="stmt"/>
        <line num="46" count="75" type="stmt"/>
        <line num="47" count="75" type="cond" truecount="2" falsecount="0"/>
        <line num="48" count="75" type="cond" truecount="2" falsecount="0"/>
        <line num="49" count="75" type="stmt"/>
        <line num="55" count="153" type="stmt"/>
        <line num="56" count="152" type="cond" truecount="2" falsecount="0"/>
        <line num="60" count="80" type="stmt"/>
        <line num="65" count="6" type="stmt"/>
        <line num="71" count="16" type="stmt"/>
        <line num="72" count="16" type="cond" truecount="2" falsecount="0"/>
        <line num="80" count="66" type="stmt"/>
        <line num="81" count="66" type="stmt"/>
        <line num="85" count="66" type="stmt"/>
        <line num="86" count="66" type="stmt"/>
        <line num="98" count="13" type="stmt"/>
        <line num="99" count="13" type="stmt"/>
        <line num="100" count="13" type="cond" truecount="2" falsecount="0"/>
        <line num="101" count="9" type="stmt"/>
        <line num="102" count="9" type="stmt"/>
        <line num="103" count="9" type="stmt"/>
        <line num="104" count="9" type="stmt"/>
        <line num="112" count="10" type="stmt"/>
        <line num="113" count="10" type="stmt"/>
        <line num="114" count="10" type="cond" truecount="2" falsecount="0"/>
        <line num="115" count="5" type="stmt"/>
        <line num="116" count="5" type="stmt"/>
        <line num="121" count="6" type="stmt"/>
      </file>
      <file name="InspectionRepository.ts" path="E:\DZ_Inspection\src\repositories\InspectionRepository.ts">
        <metrics statements="56" coveredstatements="48" conditionals="24" coveredconditionals="17" methods="20" coveredmethods="17"/>
        <line num="16" count="28" type="stmt"/>
        <line num="17" count="0" type="stmt"/>
        <line num="18" count="0" type="cond" truecount="0" falsecount="2"/>
        <line num="19" count="0" type="cond" truecount="0" falsecount="5"/>
        <line num="20" count="0" type="stmt"/>
        <line num="21" count="0" type="stmt"/>
        <line num="23" count="0" type="stmt"/>
        <line num="28" count="65" type="stmt"/>
        <line num="29" count="65" type="cond" truecount="2" falsecount="0"/>
        <line num="30" count="38" type="stmt"/>
        <line num="31" count="38" type="stmt"/>
        <line num="33" count="2" type="stmt"/>
        <line num="38" count="40" type="stmt"/>
        <line num="39" count="40" type="stmt"/>
        <line num="42" count="5" type="stmt"/>
        <line num="44" count="15" type="stmt"/>
        <line num="48" count="2" type="stmt"/>
        <line num="49" count="5" type="stmt"/>
        <line num="53" count="4" type="stmt"/>
        <line num="54" count="7" type="cond" truecount="2" falsecount="0"/>
        <line num="58" count="4" type="stmt"/>
        <line num="59" count="4" type="cond" truecount="2" falsecount="0"/>
        <line num="63" count="28" type="stmt"/>
        <line num="64" count="28" type="stmt"/>
        <line num="66" count="28" type="cond" truecount="3" falsecount="0"/>
        <line num="70" count="28" type="stmt"/>
        <line num="75" count="28" type="cond" truecount="2" falsecount="0"/>
        <line num="76" count="14" type="stmt"/>
        <line num="77" count="14" type="stmt"/>
        <line num="78" count="0" type="stmt"/>
        <line num="79" count="0" type="stmt"/>
        <line num="81" count="14" type="stmt"/>
        <line num="88" count="12" type="stmt"/>
        <line num="93" count="14" type="stmt"/>
        <line num="94" count="14" type="stmt"/>
        <line num="101" count="28" type="cond" truecount="2" falsecount="0"/>
        <line num="102" count="24" type="stmt"/>
        <line num="104" count="4" type="stmt"/>
        <line num="106" count="28" type="stmt"/>
        <line num="108" count="28" type="cond" truecount="2" falsecount="0"/>
        <line num="110" count="14" type="stmt"/>
        <line num="119" count="14" type="stmt"/>
        <line num="121" count="14" type="stmt"/>
        <line num="122" count="14" type="stmt"/>
        <line num="125" count="14" type="stmt"/>
        <line num="126" count="14" type="stmt"/>
        <line num="132" count="6" type="stmt"/>
        <line num="133" count="6" type="stmt"/>
        <line num="134" count="6" type="stmt"/>
        <line num="135" count="6" type="stmt"/>
        <line num="136" count="6" type="cond" truecount="2" falsecount="0"/>
        <line num="138" count="3" type="stmt"/>
        <line num="147" count="6" type="stmt"/>
        <line num="148" count="10" type="stmt"/>
        <line num="149" count="6" type="stmt"/>
        <line num="151" count="6" type="stmt"/>
      </file>
      <file name="NotificationRepository.ts" path="E:\DZ_Inspection\src\repositories\NotificationRepository.ts">
        <metrics statements="28" coveredstatements="28" conditionals="12" coveredconditionals="12" methods="15" coveredmethods="15"/>
        <line num="6" count="2" type="stmt"/>
        <line num="9" count="86" type="stmt"/>
        <line num="10" count="86" type="cond" truecount="2" falsecount="0"/>
        <line num="14" count="52" type="stmt"/>
        <line num="17" count="2" type="stmt"/>
        <line num="20" count="35" type="stmt"/>
        <line num="21" count="35" type="stmt"/>
        <line num="26" count="35" type="stmt"/>
        <line num="27" count="35" type="stmt"/>
        <line num="31" count="29" type="stmt"/>
        <line num="35" count="4" type="stmt"/>
        <line num="36" count="7" type="cond" truecount="2" falsecount="0"/>
        <line num="40" count="3" type="stmt"/>
        <line num="41" count="5" type="cond" truecount="2" falsecount="0"/>
        <line num="45" count="7" type="stmt"/>
        <line num="46" count="7" type="stmt"/>
        <line num="47" count="8" type="cond" truecount="2" falsecount="0"/>
        <line num="49" count="7" type="stmt"/>
        <line num="53" count="4" type="stmt"/>
        <line num="54" count="4" type="stmt"/>
        <line num="55" count="4" type="stmt"/>
        <line num="56" count="6" type="cond" truecount="2" falsecount="0"/>
        <line num="58" count="4" type="stmt"/>
        <line num="62" count="4" type="stmt"/>
        <line num="63" count="4" type="stmt"/>
        <line num="64" count="5" type="cond" truecount="2" falsecount="0"/>
        <line num="66" count="4" type="stmt"/>
        <line num="70" count="2" type="stmt"/>
      </file>
      <file name="SettingsRepository.ts" path="E:\DZ_Inspection\src\repositories\SettingsRepository.ts">
        <metrics statements="27" coveredstatements="27" conditionals="10" coveredconditionals="10" methods="5" coveredmethods="5"/>
        <line num="12" count="4" type="stmt"/>
        <line num="18" count="4" type="stmt"/>
        <line num="24" count="4" type="stmt"/>
        <line num="26" count="18" type="stmt"/>
        <line num="27" count="18" type="stmt"/>
        <line num="28" count="18" type="stmt"/>
        <line num="29" count="15" type="stmt"/>
        <line num="30" count="15" type="stmt"/>
        <line num="31" count="90" type="stmt"/>
        <line num="32" count="45" type="cond" truecount="4" falsecount="0"/>
        <line num="34" count="15" type="stmt"/>
        <line num="36" count="3" type="stmt"/>
        <line num="41" count="16" type="stmt"/>
        <line num="42" count="16" type="stmt"/>
        <line num="43" count="14" type="cond" truecount="4" falsecount="0"/>
        <line num="44" count="10" type="stmt"/>
        <line num="45" count="10" type="stmt"/>
        <line num="46" count="10" type="stmt"/>
        <line num="48" count="11" type="stmt"/>
        <line num="50" count="10" type="stmt"/>
        <line num="52" count="2" type="stmt"/>
        <line num="60" count="29" type="stmt"/>
        <line num="63" count="29" type="cond" truecount="2" falsecount="0"/>
        <line num="64" count="8" type="stmt"/>
        <line num="66" count="24" type="stmt"/>
        <line num="74" count="25" type="stmt"/>
        <line num="76" count="2" type="stmt"/>
      </file>
      <file name="keys.ts" path="E:\DZ_Inspection\src\repositories\keys.ts">
        <metrics statements="2" coveredstatements="2" conditionals="0" coveredconditionals="0" methods="0" coveredmethods="0"/>
        <line num="3" count="33" type="stmt"/>
        <line num="45" count="33" type="stmt"/>
      </file>
    </package>
    <package name="src.services">
      <metrics statements="677" coveredstatements="670" conditionals="487" coveredconditionals="453" methods="134" coveredmethods="133"/>
      <file name="BackupService.ts" path="E:\DZ_Inspection\src\services\BackupService.ts">
        <metrics statements="57" coveredstatements="57" conditionals="68" coveredconditionals="62" methods="10" coveredmethods="10"/>
        <line num="39" count="1" type="stmt"/>
        <line num="47" count="10" type="stmt"/>
        <line num="48" count="10" type="stmt"/>
        <line num="49" count="9" type="stmt"/>
        <line num="50" count="2" type="cond" truecount="2" falsecount="0"/>
        <line num="51" count="1" type="stmt"/>
        <line num="53" count="2" type="cond" truecount="4" falsecount="0"/>
        <line num="55" count="1" type="stmt"/>
        <line num="59" count="10" type="stmt"/>
        <line num="71" count="6" type="cond" truecount="4" falsecount="0"/>
        <line num="73" count="5" type="stmt"/>
        <line num="76" count="6" type="stmt"/>
        <line num="77" count="6" type="stmt"/>
        <line num="78" count="6" type="stmt"/>
        <line num="79" count="6" type="cond" truecount="4" falsecount="0"/>
        <line num="80" count="4" type="stmt"/>
        <line num="82" count="6" type="cond" truecount="2" falsecount="0"/>
        <line num="83" count="1" type="stmt"/>
        <line num="85" count="6" type="stmt"/>
        <line num="112" count="1" type="stmt"/>
        <line num="135" count="10" type="stmt"/>
        <line num="146" count="10" type="stmt"/>
        <line num="147" count="90" type="stmt"/>
        <line num="149" count="10" type="cond" truecount="2" falsecount="0"/>
        <line num="153" count="10" type="stmt"/>
        <line num="172" count="10" type="stmt"/>
        <line num="173" count="10" type="stmt"/>
        <line num="174" count="10" type="stmt"/>
        <line num="175" count="10" type="stmt"/>
        <line num="180" count="10" type="stmt"/>
        <line num="181" count="10" type="cond" truecount="2" falsecount="0"/>
        <line num="182" count="9" type="stmt"/>
        <line num="190" count="10" type="stmt"/>
        <line num="192" count="10" type="stmt"/>
        <line num="211" count="18" type="stmt"/>
        <line num="216" count="18" type="cond" truecount="2" falsecount="0"/>
        <line num="218" count="17" type="stmt"/>
        <line num="219" count="16" type="cond" truecount="2" falsecount="0"/>
        <line num="222" count="14" type="stmt"/>
        <line num="227" count="14" type="stmt"/>
        <line num="228" count="14" type="stmt"/>
        <line num="230" count="1" type="stmt"/>
        <line num="234" count="13" type="cond" truecount="4" falsecount="0"/>
        <line num="235" count="1" type="stmt"/>
        <line num="239" count="12" type="cond" truecount="4" falsecount="0"/>
        <line num="240" count="1" type="stmt"/>
        <line num="245" count="11" type="cond" truecount="2" falsecount="0"/>
        <line num="250" count="11" type="stmt"/>
        <line num="263" count="11" type="stmt"/>
        <line num="264" count="11" type="stmt"/>
        <line num="265" count="11" type="stmt"/>
        <line num="266" count="11" type="stmt"/>
        <line num="268" count="11" type="stmt"/>
        <line num="278" count="3" type="stmt"/>
        <line num="279" count="3" type="stmt"/>
        <line num="280" count="2" type="cond" truecount="2" falsecount="0"/>
        <line num="282" count="1" type="stmt"/>
      </file>
      <file name="CapNotificationService.ts" path="E:\DZ_Inspection\src\services\CapNotificationService.ts">
        <metrics statements="151" coveredstatements="149" conditionals="108" coveredconditionals="94" methods="18" coveredmethods="18"/>
        <line num="31" count="1" type="stmt"/>
        <line num="33" count="1" type="stmt"/>
        <line num="34" count="1" type="stmt"/>
        <line num="35" count="1" type="cond" truecount="1" falsecount="1"/>
        <line num="36" count="1" type="stmt"/>
        <line num="39" count="0" type="stmt"/>
        <line num="43" count="1" type="stmt"/>
        <line num="44" count="1" type="stmt"/>
        <line num="45" count="1" type="stmt"/>
        <line num="46" count="1" type="stmt"/>
        <line num="47" count="1" type="stmt"/>
        <line num="48" count="1" type="stmt"/>
        <line num="49" count="1" type="stmt"/>
        <line num="53" count="8" type="cond" truecount="3" falsecount="1"/>
        <line num="54" count="8" type="stmt"/>
        <line num="63" count="8" type="cond" truecount="3" falsecount="1"/>
        <line num="64" count="8" type="stmt"/>
        <line num="73" count="8" type="cond" truecount="3" falsecount="1"/>
        <line num="74" count="8" type="stmt"/>
        <line num="84" count="11" type="stmt"/>
        <line num="85" count="11" type="stmt"/>
        <line num="86" count="10" type="stmt"/>
        <line num="87" count="10" type="stmt"/>
        <line num="89" count="1" type="stmt"/>
        <line num="94" count="8" type="stmt"/>
        <line num="95" count="8" type="stmt"/>
        <line num="108" count="44" type="stmt"/>
        <line num="109" count="44" type="stmt"/>
        <line num="110" count="44" type="cond" truecount="3" falsecount="1"/>
        <line num="111" count="44" type="stmt"/>
        <line num="112" count="44" type="stmt"/>
        <line num="116" count="27" type="stmt"/>
        <line num="117" count="27" type="stmt"/>
        <line num="118" count="26" type="stmt"/>
        <line num="120" count="26" type="stmt"/>
        <line num="122" count="1" type="stmt"/>
        <line num="127" count="18" type="stmt"/>
        <line num="128" count="18" type="stmt"/>
        <line num="134" count="34" type="stmt"/>
        <line num="138" count="8" type="stmt"/>
        <line num="139" count="8" type="stmt"/>
        <line num="140" count="8" type="stmt"/>
        <line num="145" count="8" type="stmt"/>
        <line num="146" count="8" type="stmt"/>
        <line num="147" count="8" type="stmt"/>
        <line num="148" count="8" type="stmt"/>
        <line num="150" count="8" type="stmt"/>
        <line num="151" count="7" type="stmt"/>
        <line num="152" count="7" type="stmt"/>
        <line num="155" count="7" type="stmt"/>
        <line num="156" count="7" type="cond" truecount="4" falsecount="0"/>
        <line num="158" count="5" type="stmt"/>
        <line num="159" count="5" type="stmt"/>
        <line num="160" count="5" type="cond" truecount="1" falsecount="1"/>
        <line num="162" count="5" type="stmt"/>
        <line num="167" count="5" type="cond" truecount="1" falsecount="1"/>
        <line num="171" count="5" type="stmt"/>
        <line num="189" count="20" type="cond" truecount="1" falsecount="1"/>
        <line num="190" count="20" type="stmt"/>
        <line num="191" count="20" type="stmt"/>
        <line num="192" count="20" type="cond" truecount="2" falsecount="0"/>
        <line num="193" count="1" type="stmt"/>
        <line num="196" count="20" type="stmt"/>
        <line num="197" count="19" type="stmt"/>
        <line num="198" count="19" type="stmt"/>
        <line num="199" count="19" type="stmt"/>
        <line num="200" count="19" type="stmt"/>
        <line num="202" count="19" type="stmt"/>
        <line num="203" count="19" type="stmt"/>
        <line num="204" count="9" type="cond" truecount="2" falsecount="0"/>
        <line num="206" count="19" type="stmt"/>
        <line num="208" count="19" type="cond" truecount="5" falsecount="0"/>
        <line num="210" count="13" type="stmt"/>
        <line num="211" count="13" type="cond" truecount="2" falsecount="0"/>
        <line num="212" count="13" type="cond" truecount="2" falsecount="0"/>
        <line num="213" count="13" type="cond" truecount="2" falsecount="0"/>
        <line num="215" count="13" type="cond" truecount="2" falsecount="0"/>
        <line num="219" count="13" type="stmt"/>
        <line num="220" count="13" type="stmt"/>
        <line num="221" count="13" type="cond" truecount="2" falsecount="0"/>
        <line num="223" count="13" type="stmt"/>
        <line num="225" count="13" type="stmt"/>
        <line num="242" count="13" type="stmt"/>
        <line num="244" count="1" type="stmt"/>
        <line num="250" count="27" type="cond" truecount="1" falsecount="1"/>
        <line num="251" count="27" type="stmt"/>
        <line num="252" count="27" type="cond" truecount="2" falsecount="0"/>
        <line num="255" count="26" type="stmt"/>
        <line num="256" count="26" type="cond" truecount="2" falsecount="0"/>
        <line num="257" count="1" type="stmt"/>
        <line num="261" count="26" type="stmt"/>
        <line num="264" count="25" type="cond" truecount="2" falsecount="0"/>
        <line num="267" count="18" type="cond" truecount="1" falsecount="1"/>
        <line num="273" count="18" type="cond" truecount="2" falsecount="0"/>
        <line num="274" count="6" type="cond" truecount="2" falsecount="0"/>
        <line num="275" count="12" type="cond" truecount="2" falsecount="0"/>
        <line num="276" count="4" type="cond" truecount="2" falsecount="0"/>
        <line num="278" count="8" type="stmt"/>
        <line num="282" count="18" type="stmt"/>
        <line num="283" count="18" type="cond" truecount="2" falsecount="0"/>
        <line num="284" count="18" type="cond" truecount="2" falsecount="0"/>
        <line num="285" count="18" type="cond" truecount="2" falsecount="0"/>
        <line num="286" count="18" type="cond" truecount="2" falsecount="0"/>
        <line num="287" count="18" type="stmt"/>
        <line num="290" count="18" type="stmt"/>
        <line num="291" count="18" type="stmt"/>
        <line num="292" count="18" type="stmt"/>
        <line num="295" count="18" type="stmt"/>
        <line num="296" count="18" type="cond" truecount="2" falsecount="0"/>
        <line num="297" count="1" type="stmt"/>
        <line num="300" count="18" type="stmt"/>
        <line num="302" count="18" type="stmt"/>
        <line num="319" count="18" type="stmt"/>
        <line num="320" count="18" type="stmt"/>
        <line num="322" count="18" type="stmt"/>
        <line num="326" count="1" type="stmt"/>
        <line num="332" count="11" type="cond" truecount="1" falsecount="1"/>
        <line num="333" count="11" type="stmt"/>
        <line num="334" count="11" type="cond" truecount="2" falsecount="0"/>
        <line num="335" count="10" type="cond" truecount="2" falsecount="0"/>
        <line num="336" count="9" type="cond" truecount="2" falsecount="0"/>
        <line num="338" count="8" type="stmt"/>
        <line num="339" count="8" type="stmt"/>
        <line num="340" count="8" type="stmt"/>
        <line num="344" count="8" type="stmt"/>
        <line num="345" count="8" type="cond" truecount="2" falsecount="0"/>
        <line num="346" count="1" type="stmt"/>
        <line num="350" count="8" type="stmt"/>
        <line num="353" count="8" type="stmt"/>
        <line num="356" count="8" type="stmt"/>
        <line num="358" count="8" type="stmt"/>
        <line num="360" count="0" type="stmt"/>
        <line num="366" count="2" type="cond" truecount="1" falsecount="1"/>
        <line num="367" count="2" type="stmt"/>
        <line num="368" count="2" type="stmt"/>
        <line num="370" count="1" type="stmt"/>
        <line num="376" count="3" type="cond" truecount="1" falsecount="1"/>
        <line num="377" count="3" type="stmt"/>
        <line num="378" count="3" type="stmt"/>
        <line num="379" count="3" type="cond" truecount="2" falsecount="0"/>
        <line num="380" count="2" type="stmt"/>
        <line num="381" count="1" type="stmt"/>
        <line num="384" count="1" type="stmt"/>
        <line num="390" count="4" type="cond" truecount="1" falsecount="1"/>
        <line num="391" count="4" type="stmt"/>
        <line num="392" count="4" type="stmt"/>
        <line num="393" count="4" type="cond" truecount="2" falsecount="0"/>
        <line num="394" count="3" type="stmt"/>
        <line num="395" count="2" type="stmt"/>
        <line num="396" count="2" type="stmt"/>
        <line num="399" count="1" type="stmt"/>
      </file>
      <file name="CapReportService.ts" path="E:\DZ_Inspection\src\services\CapReportService.ts">
        <metrics statements="41" coveredstatements="40" conditionals="28" coveredconditionals="22" methods="10" coveredmethods="10"/>
        <line num="23" count="1" type="stmt"/>
        <line num="30" count="1" type="stmt"/>
        <line num="37" count="1" type="stmt"/>
        <line num="44" count="1" type="stmt"/>
        <line num="52" count="12" type="stmt"/>
        <line num="53" count="12" type="stmt"/>
        <line num="57" count="0" type="stmt"/>
        <line num="68" count="9" type="stmt"/>
        <line num="69" count="9" type="stmt"/>
        <line num="71" count="12" type="stmt"/>
        <line num="72" count="12" type="stmt"/>
        <line num="73" count="12" type="stmt"/>
        <line num="74" count="12" type="stmt"/>
        <line num="75" count="9" type="stmt"/>
        <line num="76" count="9" type="cond" truecount="1" falsecount="1"/>
        <line num="79" count="9" type="stmt"/>
        <line num="92" count="9" type="stmt"/>
        <line num="94" count="12" type="cond" truecount="2" falsecount="0"/>
        <line num="95" count="12" type="stmt"/>
        <line num="96" count="12" type="stmt"/>
        <line num="97" count="12" type="stmt"/>
        <line num="111" count="9" type="stmt"/>
        <line num="270" count="1" type="stmt"/>
        <line num="278" count="11" type="stmt"/>
        <line num="279" count="11" type="stmt"/>
        <line num="285" count="11" type="cond" truecount="2" falsecount="0"/>
        <line num="288" count="3" type="stmt"/>
        <line num="289" count="6" type="cond" truecount="2" falsecount="1"/>
        <line num="291" count="11" type="cond" truecount="2" falsecount="0"/>
        <line num="292" count="2" type="stmt"/>
        <line num="293" count="2" type="stmt"/>
        <line num="296" count="9" type="stmt"/>
        <line num="302" count="9" type="cond" truecount="2" falsecount="0"/>
        <line num="303" count="8" type="stmt"/>
        <line num="305" count="7" type="cond" truecount="1" falsecount="1"/>
        <line num="307" count="7" type="stmt"/>
        <line num="308" count="7" type="stmt"/>
        <line num="309" count="7" type="stmt"/>
        <line num="316" count="1" type="stmt"/>
        <line num="319" count="1" type="stmt"/>
        <line num="320" count="1" type="stmt"/>
      </file>
      <file name="IntegrityService.ts" path="E:\DZ_Inspection\src\services\IntegrityService.ts">
        <metrics statements="29" coveredstatements="28" conditionals="4" coveredconditionals="4" methods="10" coveredmethods="10"/>
        <line num="19" count="42" type="stmt"/>
        <line num="20" count="42" type="stmt"/>
        <line num="26" count="42" type="stmt"/>
        <line num="36" count="30" type="stmt"/>
        <line num="37" count="30" type="stmt"/>
        <line num="38" count="30" type="cond" truecount="2" falsecount="0"/>
        <line num="40" count="0" type="stmt"/>
        <line num="45" count="17" type="stmt"/>
        <line num="50" count="3" type="stmt"/>
        <line num="56" count="17" type="stmt"/>
        <line num="64" count="12" type="stmt"/>
        <line num="65" count="12" type="stmt"/>
        <line num="66" count="12" type="stmt"/>
        <line num="67" count="12" type="stmt"/>
        <line num="68" count="12" type="stmt"/>
        <line num="78" count="13" type="stmt"/>
        <line num="79" count="13" type="stmt"/>
        <line num="80" count="13" type="stmt"/>
        <line num="81" count="13" type="cond" truecount="2" falsecount="0"/>
        <line num="82" count="4" type="stmt"/>
        <line num="84" count="9" type="stmt"/>
        <line num="88" count="3" type="stmt"/>
        <line num="89" count="3" type="stmt"/>
        <line num="90" count="3" type="stmt"/>
        <line num="94" count="2" type="stmt"/>
        <line num="95" count="2" type="stmt"/>
        <line num="96" count="2" type="stmt"/>
        <line num="101" count="17" type="stmt"/>
        <line num="102" count="3" type="stmt"/>
      </file>
      <file name="NotificationService.ts" path="E:\DZ_Inspection\src\services\NotificationService.ts">
        <metrics statements="60" coveredstatements="58" conditionals="38" coveredconditionals="37" methods="9" coveredmethods="8"/>
        <line num="23" count="48" type="stmt"/>
        <line num="25" count="48" type="stmt"/>
        <line num="28" count="48" type="cond" truecount="2" falsecount="0"/>
        <line num="30" count="44" type="stmt"/>
        <line num="37" count="4" type="stmt"/>
        <line num="39" count="48" type="stmt"/>
        <line num="40" count="48" type="cond" truecount="4" falsecount="0"/>
        <line num="41" count="2" type="stmt"/>
        <line num="42" count="2" type="stmt"/>
        <line num="43" count="0" type="stmt"/>
        <line num="50" count="48" type="stmt"/>
        <line num="63" count="14" type="stmt"/>
        <line num="64" count="14" type="cond" truecount="2" falsecount="0"/>
        <line num="65" count="13" type="stmt"/>
        <line num="66" count="13" type="stmt"/>
        <line num="67" count="12" type="cond" truecount="2" falsecount="0"/>
        <line num="69" count="2" type="stmt"/>
        <line num="70" count="2" type="cond" truecount="2" falsecount="0"/>
        <line num="82" count="1" type="stmt"/>
        <line num="84" count="1" type="stmt"/>
        <line num="85" count="1" type="stmt"/>
        <line num="92" count="13" type="stmt"/>
        <line num="93" count="13" type="stmt"/>
        <line num="94" count="13" type="cond" truecount="2" falsecount="0"/>
        <line num="96" count="0" type="stmt"/>
        <line num="101" count="8" type="stmt"/>
        <line num="102" count="8" type="stmt"/>
        <line num="103" count="8" type="cond" truecount="4" falsecount="0"/>
        <line num="104" count="4" type="stmt"/>
        <line num="113" count="9" type="stmt"/>
        <line num="114" count="9" type="cond" truecount="2" falsecount="0"/>
        <line num="115" count="8" type="stmt"/>
        <line num="116" count="8" type="stmt"/>
        <line num="117" count="8" type="cond" truecount="2" falsecount="0"/>
        <line num="119" count="7" type="stmt"/>
        <line num="120" count="7" type="cond" truecount="1" falsecount="1"/>
        <line num="122" count="7" type="stmt"/>
        <line num="123" count="7" type="stmt"/>
        <line num="125" count="7" type="stmt"/>
        <line num="128" count="7" type="stmt"/>
        <line num="129" count="7" type="cond" truecount="2" falsecount="0"/>
        <line num="130" count="3" type="stmt"/>
        <line num="143" count="6" type="stmt"/>
        <line num="144" count="6" type="stmt"/>
        <line num="145" count="6" type="cond" truecount="2" falsecount="0"/>
        <line num="146" count="2" type="stmt"/>
        <line num="159" count="1" type="stmt"/>
        <line num="164" count="13" type="stmt"/>
        <line num="165" count="13" type="cond" truecount="2" falsecount="0"/>
        <line num="166" count="12" type="stmt"/>
        <line num="167" count="12" type="stmt"/>
        <line num="172" count="1" type="stmt"/>
        <line num="179" count="4" type="stmt"/>
        <line num="180" count="4" type="cond" truecount="2" falsecount="0"/>
        <line num="181" count="3" type="stmt"/>
        <line num="182" count="3" type="stmt"/>
        <line num="183" count="2" type="stmt"/>
        <line num="184" count="2" type="cond" truecount="2" falsecount="0"/>
        <line num="185" count="1" type="stmt"/>
        <line num="187" count="1" type="stmt"/>
      </file>
      <file name="PhotoService.ts" path="E:\DZ_Inspection\src\services\PhotoService.ts">
        <metrics statements="21" coveredstatements="21" conditionals="4" coveredconditionals="4" methods="4" coveredmethods="4"/>
        <line num="13" count="1" type="stmt"/>
        <line num="17" count="4" type="stmt"/>
        <line num="18" count="4" type="cond" truecount="2" falsecount="0"/>
        <line num="19" count="1" type="stmt"/>
        <line num="34" count="4" type="stmt"/>
        <line num="35" count="4" type="stmt"/>
        <line num="38" count="4" type="stmt"/>
        <line num="39" count="4" type="stmt"/>
        <line num="40" count="4" type="stmt"/>
        <line num="41" count="3" type="stmt"/>
        <line num="43" count="1" type="stmt"/>
        <line num="44" count="1" type="stmt"/>
        <line num="55" count="3" type="stmt"/>
        <line num="56" count="3" type="stmt"/>
        <line num="57" count="2" type="cond" truecount="2" falsecount="0"/>
        <line num="58" count="1" type="stmt"/>
        <line num="61" count="1" type="stmt"/>
        <line num="72" count="3" type="stmt"/>
        <line num="73" count="3" type="stmt"/>
        <line num="74" count="2" type="stmt"/>
        <line num="76" count="1" type="stmt"/>
      </file>
      <file name="SessionLockService.ts" path="E:\DZ_Inspection\src\services\SessionLockService.ts">
        <metrics statements="21" coveredstatements="21" conditionals="12" coveredconditionals="12" methods="5" coveredmethods="5"/>
        <line num="16" count="1" type="stmt"/>
        <line num="19" count="1" type="stmt"/>
        <line num="20" count="1" type="stmt"/>
        <line num="24" count="1" type="stmt"/>
        <line num="29" count="2" type="stmt"/>
        <line num="34" count="15" type="stmt"/>
        <line num="35" count="15" type="stmt"/>
        <line num="40" count="16" type="cond" truecount="2" falsecount="0"/>
        <line num="42" count="14" type="stmt"/>
        <line num="43" count="14" type="cond" truecount="2" falsecount="0"/>
        <line num="45" count="11" type="stmt"/>
        <line num="46" count="11" type="stmt"/>
        <line num="52" count="14" type="stmt"/>
        <line num="53" count="14" type="stmt"/>
        <line num="54" count="12" type="stmt"/>
        <line num="55" count="12" type="cond" truecount="4" falsecount="0"/>
        <line num="56" count="9" type="stmt"/>
        <line num="57" count="9" type="cond" truecount="4" falsecount="0"/>
        <line num="58" count="6" type="stmt"/>
        <line num="60" count="2" type="stmt"/>
        <line num="65" count="1" type="stmt"/>
      </file>
      <file name="SyncService.ts" path="E:\DZ_Inspection\src\services\SyncService.ts">
        <metrics statements="48" coveredstatements="47" conditionals="32" coveredconditionals="31" methods="9" coveredmethods="9"/>
        <line num="56" count="1" type="stmt"/>
        <line num="59" count="13" type="cond" truecount="4" falsecount="0"/>
        <line num="77" count="47" type="stmt"/>
        <line num="78" count="47" type="stmt"/>
        <line num="79" count="47" type="cond" truecount="2" falsecount="0"/>
        <line num="81" count="3" type="stmt"/>
        <line num="86" count="39" type="stmt"/>
        <line num="92" count="18" type="stmt"/>
        <line num="94" count="18" type="stmt"/>
        <line num="102" count="18" type="stmt"/>
        <line num="103" count="16" type="cond" truecount="2" falsecount="0"/>
        <line num="105" count="2" type="stmt"/>
        <line num="112" count="31" type="stmt"/>
        <line num="113" count="31" type="stmt"/>
        <line num="115" count="31" type="stmt"/>
        <line num="121" count="31" type="cond" truecount="2" falsecount="0"/>
        <line num="122" count="5" type="stmt"/>
        <line num="125" count="5" type="cond" truecount="3" falsecount="0"/>
        <line num="126" count="5" type="cond" truecount="3" falsecount="0"/>
        <line num="127" count="5" type="cond" truecount="2" falsecount="0"/>
        <line num="128" count="3" type="stmt"/>
        <line num="131" count="26" type="stmt"/>
        <line num="134" count="31" type="stmt"/>
        <line num="138" count="13" type="stmt"/>
        <line num="139" count="13" type="cond" truecount="2" falsecount="0"/>
        <line num="141" count="12" type="stmt"/>
        <line num="142" count="12" type="cond" truecount="2" falsecount="0"/>
        <line num="144" count="10" type="stmt"/>
        <line num="145" count="10" type="cond" truecount="2" falsecount="0"/>
        <line num="147" count="8" type="stmt"/>
        <line num="148" count="8" type="stmt"/>
        <line num="150" count="8" type="stmt"/>
        <line num="151" count="10" type="stmt"/>
        <line num="157" count="10" type="stmt"/>
        <line num="162" count="9" type="cond" truecount="2" falsecount="0"/>
        <line num="164" count="6" type="stmt"/>
        <line num="165" count="3" type="cond" truecount="1" falsecount="1"/>
        <line num="170" count="0" type="stmt"/>
        <line num="173" count="3" type="stmt"/>
        <line num="176" count="1" type="stmt"/>
        <line num="180" count="8" type="stmt"/>
        <line num="182" count="8" type="cond" truecount="2" falsecount="0"/>
        <line num="183" count="5" type="stmt"/>
        <line num="189" count="8" type="stmt"/>
        <line num="193" count="6" type="stmt"/>
        <line num="198" count="6" type="stmt"/>
        <line num="200" count="6" type="stmt"/>
        <line num="208" count="1" type="stmt"/>
      </file>
      <file name="apiClient.ts" path="E:\DZ_Inspection\src\services\apiClient.ts">
        <metrics statements="11" coveredstatements="11" conditionals="13" coveredconditionals="13" methods="3" coveredmethods="3"/>
        <line num="18" count="1" type="stmt"/>
        <line num="20" count="7" type="cond" truecount="4" falsecount="0"/>
        <line num="32" count="7" type="stmt"/>
        <line num="34" count="8" type="stmt"/>
        <line num="40" count="7" type="stmt"/>
        <line num="42" count="7" type="stmt"/>
        <line num="48" count="6" type="cond" truecount="2" falsecount="0"/>
        <line num="49" count="2" type="stmt"/>
        <line num="50" count="2" type="cond" truecount="2" falsecount="0"/>
        <line num="51" count="1" type="stmt"/>
        <line num="58" count="5" type="stmt"/>
      </file>
      <file name="briefService.ts" path="E:\DZ_Inspection\src\services\briefService.ts">
        <metrics statements="12" coveredstatements="12" conditionals="12" coveredconditionals="11" methods="5" coveredmethods="5"/>
        <line num="15" count="8" type="stmt"/>
        <line num="16" count="8" type="stmt"/>
        <line num="17" count="8" type="stmt"/>
        <line num="18" count="1" type="stmt"/>
        <line num="20" count="8" type="cond" truecount="2" falsecount="0"/>
        <line num="22" count="8" type="cond" truecount="2" falsecount="0"/>
        <line num="23" count="2" type="stmt"/>
        <line num="33" count="6" type="stmt"/>
        <line num="34" count="6" type="stmt"/>
        <line num="35" count="8" type="stmt"/>
        <line num="36" count="7" type="cond" truecount="3" falsecount="1"/>
        <line num="39" count="6" type="stmt"/>
      </file>
      <file name="capFactory.ts" path="E:\DZ_Inspection\src\services\capFactory.ts">
        <metrics statements="18" coveredstatements="18" conditionals="10" coveredconditionals="9" methods="6" coveredmethods="6"/>
        <line num="12" count="10" type="cond" truecount="4" falsecount="0"/>
        <line num="13" count="2" type="stmt"/>
        <line num="14" count="1" type="stmt"/>
        <line num="15" count="6" type="stmt"/>
        <line num="16" count="1" type="stmt"/>
        <line num="21" count="10" type="stmt"/>
        <line num="22" count="10" type="stmt"/>
        <line num="23" count="10" type="stmt"/>
        <line num="31" count="10" type="stmt"/>
        <line num="32" count="10" type="stmt"/>
        <line num="34" count="2" type="stmt"/>
        <line num="35" count="1" type="stmt"/>
        <line num="38" count="10" type="stmt"/>
        <line num="39" count="13" type="stmt"/>
        <line num="42" count="10" type="stmt"/>
        <line num="43" count="11" type="cond" truecount="2" falsecount="0"/>
        <line num="49" count="10" type="cond" truecount="2" falsecount="0"/>
        <line num="53" count="10" type="stmt"/>
      </file>
      <file name="decisionSupport.ts" path="E:\DZ_Inspection\src\services\decisionSupport.ts">
        <metrics statements="56" coveredstatements="56" conditionals="46" coveredconditionals="46" methods="1" coveredmethods="1"/>
        <line num="60" count="2" type="stmt"/>
        <line num="76" count="40" type="stmt"/>
        <line num="78" count="40" type="stmt"/>
        <line num="79" count="40" type="stmt"/>
        <line num="86" count="40" type="cond" truecount="2" falsecount="0"/>
        <line num="87" count="2" type="stmt"/>
        <line num="89" count="40" type="cond" truecount="2" falsecount="0"/>
        <line num="90" count="6" type="stmt"/>
        <line num="92" count="40" type="cond" truecount="2" falsecount="0"/>
        <line num="93" count="25" type="stmt"/>
        <line num="95" count="40" type="cond" truecount="2" falsecount="0"/>
        <line num="96" count="1" type="stmt"/>
        <line num="99" count="40" type="cond" truecount="2" falsecount="0"/>
        <line num="100" count="40" type="cond" truecount="2" falsecount="0"/>
        <line num="101" count="40" type="cond" truecount="2" falsecount="0"/>
        <line num="103" count="40" type="cond" truecount="2" falsecount="0"/>
        <line num="104" count="4" type="stmt"/>
        <line num="106" count="40" type="cond" truecount="2" falsecount="0"/>
        <line num="107" count="2" type="stmt"/>
        <line num="109" count="40" type="cond" truecount="2" falsecount="0"/>
        <line num="110" count="1" type="stmt"/>
        <line num="116" count="40" type="cond" truecount="4" falsecount="0"/>
        <line num="118" count="2" type="stmt"/>
        <line num="119" count="2" type="stmt"/>
        <line num="120" count="2" type="stmt"/>
        <line num="121" count="2" type="stmt"/>
        <line num="122" count="2" type="stmt"/>
        <line num="124" count="38" type="cond" truecount="4" falsecount="0"/>
        <line num="126" count="1" type="stmt"/>
        <line num="127" count="1" type="stmt"/>
        <line num="128" count="1" type="stmt"/>
        <line num="129" count="1" type="stmt"/>
        <line num="130" count="1" type="stmt"/>
        <line num="132" count="37" type="cond" truecount="2" falsecount="0"/>
        <line num="133" count="3" type="cond" truecount="2" falsecount="0"/>
        <line num="134" count="3" type="stmt"/>
        <line num="135" count="3" type="stmt"/>
        <line num="136" count="3" type="stmt"/>
        <line num="137" count="3" type="cond" truecount="2" falsecount="0"/>
        <line num="141" count="34" type="cond" truecount="2" falsecount="0"/>
        <line num="142" count="26" type="cond" truecount="2" falsecount="0"/>
        <line num="143" count="26" type="cond" truecount="2" falsecount="0"/>
        <line num="144" count="26" type="stmt"/>
        <line num="145" count="26" type="cond" truecount="2" falsecount="0"/>
        <line num="149" count="8" type="cond" truecount="2" falsecount="0"/>
        <line num="150" count="4" type="stmt"/>
        <line num="151" count="4" type="stmt"/>
        <line num="152" count="4" type="stmt"/>
        <line num="153" count="4" type="stmt"/>
        <line num="157" count="4" type="stmt"/>
        <line num="158" count="4" type="stmt"/>
        <line num="159" count="4" type="stmt"/>
        <line num="160" count="4" type="stmt"/>
        <line num="163" count="40" type="cond" truecount="2" falsecount="0"/>
        <line num="164" count="6" type="stmt"/>
        <line num="167" count="40" type="stmt"/>
      </file>
      <file name="differentialView.ts" path="E:\DZ_Inspection\src\services\differentialView.ts">
        <metrics statements="50" coveredstatements="50" conditionals="47" coveredconditionals="47" methods="12" coveredmethods="12"/>
        <line num="77" count="9" type="stmt"/>
        <line num="79" count="9" type="cond" truecount="2" falsecount="0"/>
        <line num="80" count="3" type="stmt"/>
        <line num="83" count="3" type="cond" truecount="2" falsecount="0"/>
        <line num="86" count="9" type="cond" truecount="2" falsecount="0"/>
        <line num="87" count="8" type="stmt"/>
        <line num="88" count="8" type="stmt"/>
        <line num="91" count="15" type="cond" truecount="3" falsecount="0"/>
        <line num="95" count="1" type="stmt"/>
        <line num="96" count="8" type="cond" truecount="2" falsecount="0"/>
        <line num="100" count="9" type="stmt"/>
        <line num="101" count="9" type="cond" truecount="2" falsecount="0"/>
        <line num="102" count="6" type="stmt"/>
        <line num="103" count="21" type="stmt"/>
        <line num="107" count="9" type="stmt"/>
        <line num="108" count="41" type="stmt"/>
        <line num="111" count="41" type="cond" truecount="4" falsecount="0"/>
        <line num="112" count="20" type="stmt"/>
        <line num="113" count="21" type="cond" truecount="4" falsecount="0"/>
        <line num="114" count="6" type="stmt"/>
        <line num="115" count="15" type="cond" truecount="4" falsecount="0"/>
        <line num="116" count="5" type="stmt"/>
        <line num="117" count="10" type="cond" truecount="4" falsecount="0"/>
        <line num="118" count="5" type="stmt"/>
        <line num="120" count="5" type="stmt"/>
        <line num="123" count="41" type="stmt"/>
        <line num="126" count="41" type="stmt"/>
        <line num="127" count="41" type="stmt"/>
        <line num="128" count="41" type="stmt"/>
        <line num="130" count="9" type="stmt"/>
        <line num="152" count="2" type="stmt"/>
        <line num="153" count="2" type="cond" truecount="2" falsecount="0"/>
        <line num="154" count="1" type="stmt"/>
        <line num="155" count="4" type="stmt"/>
        <line num="159" count="2" type="stmt"/>
        <line num="160" count="10" type="stmt"/>
        <line num="163" count="10" type="cond" truecount="4" falsecount="0"/>
        <line num="164" count="6" type="stmt"/>
        <line num="165" count="4" type="cond" truecount="4" falsecount="0"/>
        <line num="166" count="1" type="stmt"/>
        <line num="167" count="3" type="cond" truecount="4" falsecount="0"/>
        <line num="168" count="1" type="stmt"/>
        <line num="169" count="2" type="cond" truecount="4" falsecount="0"/>
        <line num="170" count="1" type="stmt"/>
        <line num="172" count="1" type="stmt"/>
        <line num="175" count="10" type="stmt"/>
        <line num="178" count="10" type="stmt"/>
        <line num="179" count="10" type="stmt"/>
        <line num="180" count="10" type="stmt"/>
        <line num="182" count="2" type="stmt"/>
      </file>
      <file name="followUpService.ts" path="E:\DZ_Inspection\src\services\followUpService.ts">
        <metrics statements="13" coveredstatements="13" conditionals="12" coveredconditionals="12" methods="3" coveredmethods="3"/>
        <line num="10" count="4" type="stmt"/>
        <line num="11" count="4" type="stmt"/>
        <line num="12" count="4" type="stmt"/>
        <line num="23" count="7" type="cond" truecount="2" falsecount="0"/>
        <line num="26" count="6" type="cond" truecount="2" falsecount="0"/>
        <line num="29" count="6" type="cond" truecount="2" falsecount="0"/>
        <line num="32" count="5" type="stmt"/>
        <line num="33" count="5" type="stmt"/>
        <line num="35" count="1" type="cond" truecount="2" falsecount="0"/>
        <line num="38" count="5" type="cond" truecount="2" falsecount="0"/>
        <line num="40" count="4" type="stmt"/>
        <line num="41" count="4" type="cond" truecount="2" falsecount="0"/>
        <line num="43" count="4" type="stmt"/>
      </file>
      <file name="geofencingService.ts" path="E:\DZ_Inspection\src\services\geofencingService.ts">
        <metrics statements="9" coveredstatements="9" conditionals="1" coveredconditionals="1" methods="3" coveredmethods="3"/>
        <line num="4" count="1" type="stmt"/>
        <line num="5" count="1" type="stmt"/>
        <line num="8" count="52" type="stmt"/>
        <line num="15" count="13" type="stmt"/>
        <line num="16" count="13" type="stmt"/>
        <line num="18" count="13" type="stmt"/>
        <line num="20" count="13" type="stmt"/>
        <line num="37" count="13" type="stmt"/>
        <line num="38" count="13" type="stmt"/>
      </file>
      <file name="meetingGateService.ts" path="E:\DZ_Inspection\src\services\meetingGateService.ts">
        <metrics statements="6" coveredstatements="6" conditionals="4" coveredconditionals="4" methods="2" coveredmethods="2"/>
        <line num="11" count="3" type="stmt"/>
        <line num="12" count="3" type="cond" truecount="2" falsecount="0"/>
        <line num="13" count="2" type="stmt"/>
        <line num="21" count="3" type="stmt"/>
        <line num="22" count="3" type="cond" truecount="2" falsecount="0"/>
        <line num="23" count="2" type="stmt"/>
      </file>
      <file name="serverAuth.ts" path="E:\DZ_Inspection\src\services\serverAuth.ts">
        <metrics statements="50" coveredstatements="50" conditionals="30" coveredconditionals="26" methods="15" coveredmethods="15"/>
        <line num="21" count="1" type="stmt"/>
        <line num="23" count="12" type="cond" truecount="4" falsecount="0"/>
        <line num="26" count="1" type="stmt"/>
        <line num="31" count="36" type="stmt"/>
        <line num="35" count="19" type="cond" truecount="1" falsecount="1"/>
        <line num="41" count="11" type="cond" truecount="1" falsecount="1"/>
        <line num="47" count="6" type="cond" truecount="1" falsecount="1"/>
        <line num="55" count="6" type="stmt"/>
        <line num="56" count="6" type="stmt"/>
        <line num="57" count="6" type="cond" truecount="1" falsecount="1"/>
        <line num="58" count="6" type="stmt"/>
        <line num="59" count="5" type="stmt"/>
        <line num="61" count="1" type="stmt"/>
        <line num="66" count="6" type="stmt"/>
        <line num="67" count="6" type="cond" truecount="2" falsecount="0"/>
        <line num="69" count="5" type="stmt"/>
        <line num="80" count="5" type="stmt"/>
        <line num="87" count="2" type="stmt"/>
        <line num="97" count="7" type="stmt"/>
        <line num="98" count="7" type="cond" truecount="2" falsecount="0"/>
        <line num="100" count="5" type="stmt"/>
        <line num="101" count="5" type="stmt"/>
        <line num="107" count="3" type="cond" truecount="2" falsecount="0"/>
        <line num="108" count="1" type="stmt"/>
        <line num="109" count="1" type="stmt"/>
        <line num="112" count="2" type="stmt"/>
        <line num="113" count="2" type="stmt"/>
        <line num="114" count="2" type="stmt"/>
        <line num="116" count="2" type="stmt"/>
        <line num="127" count="8" type="stmt"/>
        <line num="128" count="8" type="cond" truecount="2" falsecount="0"/>
        <line num="129" count="6" type="cond" truecount="2" falsecount="0"/>
        <line num="130" count="3" type="stmt"/>
        <line num="150" count="5" type="stmt"/>
        <line num="151" count="5" type="stmt"/>
        <line num="157" count="4" type="stmt"/>
        <line num="164" count="4" type="cond" truecount="2" falsecount="0"/>
        <line num="165" count="2" type="cond" truecount="2" falsecount="0"/>
        <line num="168" count="2" type="stmt"/>
        <line num="169" count="2" type="cond" truecount="2" falsecount="0"/>
        <line num="170" count="1" type="stmt"/>
        <line num="173" count="2" type="stmt"/>
        <line num="175" count="1" type="stmt"/>
        <line num="184" count="2" type="stmt"/>
        <line num="185" count="2" type="stmt"/>
        <line num="192" count="2" type="stmt"/>
        <line num="201" count="3" type="stmt"/>
        <line num="202" count="3" type="cond" truecount="2" falsecount="0"/>
        <line num="204" count="2" type="stmt"/>
        <line num="205" count="2" type="stmt"/>
      </file>
      <file name="violationHistory.ts" path="E:\DZ_Inspection\src\services\violationHistory.ts">
        <metrics statements="24" coveredstatements="24" conditionals="18" coveredconditionals="18" methods="9" coveredmethods="9"/>
        <line num="50" count="13" type="stmt"/>
        <line num="51" count="13" type="stmt"/>
        <line num="54" count="12" type="cond" truecount="3" falsecount="0"/>
        <line num="58" count="1" type="stmt"/>
        <line num="71" count="15" type="cond" truecount="2" falsecount="0"/>
        <line num="72" count="5" type="stmt"/>
        <line num="73" count="5" type="cond" truecount="5" falsecount="0"/>
        <line num="74" count="2" type="stmt"/>
        <line num="77" count="13" type="stmt"/>
        <line num="78" count="13" type="cond" truecount="2" falsecount="0"/>
        <line num="87" count="4" type="stmt"/>
        <line num="88" count="4" type="cond" truecount="2" falsecount="0"/>
        <line num="89" count="4" type="stmt"/>
        <line num="90" count="3" type="stmt"/>
        <line num="100" count="4" type="stmt"/>
        <line num="107" count="4" type="cond" truecount="2" falsecount="0"/>
        <line num="108" count="5" type="stmt"/>
        <line num="115" count="2" type="stmt"/>
        <line num="116" count="2" type="stmt"/>
        <line num="117" count="3" type="stmt"/>
        <line num="120" count="2" type="stmt"/>
        <line num="121" count="4" type="stmt"/>
        <line num="123" count="4" type="cond" truecount="2" falsecount="0"/>
        <line num="126" count="4" type="stmt"/>
      </file>
    </package>
    <package name="src.stores">
      <metrics statements="10" coveredstatements="10" conditionals="0" coveredconditionals="0" methods="5" coveredmethods="5"/>
      <file name="CriteriaPreviewStore.ts" path="E:\DZ_Inspection\src\stores\CriteriaPreviewStore.ts">
        <metrics statements="10" coveredstatements="10" conditionals="0" coveredconditionals="0" methods="5" coveredmethods="5"/>
        <line num="8" count="2" type="stmt"/>
        <line num="9" count="2" type="stmt"/>
        <line num="11" count="2" type="stmt"/>
        <line num="14" count="10" type="stmt"/>
        <line num="17" count="15" type="stmt"/>
        <line num="22" count="8" type="stmt"/>
        <line num="23" count="8" type="stmt"/>
        <line num="26" count="7" type="stmt"/>
        <line num="30" count="23" type="stmt"/>
        <line num="31" count="23" type="stmt"/>
      </file>
    </package>
    <package name="src.utils">
      <metrics statements="183" coveredstatements="183" conditionals="104" coveredconditionals="103" methods="51" coveredmethods="51"/>
      <file name="dateUtils.ts" path="E:\DZ_Inspection\src\utils\dateUtils.ts">
        <metrics statements="20" coveredstatements="20" conditionals="0" coveredconditionals="0" methods="5" coveredmethods="5"/>
        <line num="7" count="7" type="stmt"/>
        <line num="8" count="30" type="stmt"/>
        <line num="9" count="30" type="stmt"/>
        <line num="23" count="7" type="stmt"/>
        <line num="24" count="26" type="stmt"/>
        <line num="25" count="26" type="stmt"/>
        <line num="26" count="26" type="stmt"/>
        <line num="27" count="26" type="stmt"/>
        <line num="28" count="26" type="stmt"/>
        <line num="29" count="26" type="stmt"/>
        <line num="30" count="26" type="stmt"/>
        <line num="37" count="7" type="stmt"/>
        <line num="43" count="7" type="stmt"/>
        <line num="44" count="11" type="stmt"/>
        <line num="45" count="11" type="stmt"/>
        <line num="52" count="7" type="stmt"/>
        <line num="53" count="6" type="stmt"/>
        <line num="54" count="6" type="stmt"/>
        <line num="68" count="7" type="stmt"/>
        <line num="69" count="7" type="stmt"/>
      </file>
      <file name="fileUtils.ts" path="E:\DZ_Inspection\src\utils\fileUtils.ts">
        <metrics statements="6" coveredstatements="6" conditionals="0" coveredconditionals="0" methods="1" coveredmethods="1"/>
        <line num="9" count="6" type="stmt"/>
        <line num="10" count="52" type="stmt"/>
        <line num="11" count="52" type="stmt"/>
        <line num="15" count="52" type="stmt"/>
        <line num="20" count="52" type="stmt"/>
        <line num="21" count="52" type="stmt"/>
      </file>
      <file name="groupViolations.ts" path="E:\DZ_Inspection\src\utils\groupViolations.ts">
        <metrics statements="12" coveredstatements="12" conditionals="8" coveredconditionals="8" methods="5" coveredmethods="5"/>
        <line num="31" count="33" type="stmt"/>
        <line num="33" count="18" type="stmt"/>
        <line num="34" count="20" type="stmt"/>
        <line num="35" count="20" type="stmt"/>
        <line num="46" count="20" type="stmt"/>
        <line num="47" count="20" type="cond" truecount="2" falsecount="0"/>
        <line num="49" count="16" type="stmt"/>
        <line num="50" count="16" type="cond" truecount="2" falsecount="0"/>
        <line num="51" count="8" type="stmt"/>
        <line num="53" count="16" type="cond" truecount="2" falsecount="0"/>
        <line num="54" count="12" type="cond" truecount="2" falsecount="0"/>
        <line num="56" count="16" type="stmt"/>
      </file>
      <file name="inspectionUtils.ts" path="E:\DZ_Inspection\src\utils\inspectionUtils.ts">
        <metrics statements="20" coveredstatements="20" conditionals="6" coveredconditionals="6" methods="10" coveredmethods="10"/>
        <line num="4" count="7" type="stmt"/>
        <line num="5" count="309" type="stmt"/>
        <line num="8" count="7" type="stmt"/>
        <line num="9" count="16" type="stmt"/>
        <line num="10" count="16" type="cond" truecount="2" falsecount="0"/>
        <line num="11" count="11" type="stmt"/>
        <line num="12" count="11" type="stmt"/>
        <line num="15" count="7" type="stmt"/>
        <line num="16" count="193" type="stmt"/>
        <line num="17" count="193" type="stmt"/>
        <line num="18" count="354" type="cond" truecount="2" falsecount="0"/>
        <line num="19" count="354" type="cond" truecount="2" falsecount="0"/>
        <line num="20" count="354" type="stmt"/>
        <line num="22" count="193" type="stmt"/>
        <line num="25" count="7" type="stmt"/>
        <line num="26" count="191" type="stmt"/>
        <line num="29" count="7" type="stmt"/>
        <line num="30" count="8" type="stmt"/>
        <line num="31" count="11" type="stmt"/>
        <line num="34" count="18" type="stmt"/>
      </file>
      <file name="loadHomeData.ts" path="E:\DZ_Inspection\src\utils\loadHomeData.ts">
        <metrics statements="19" coveredstatements="19" conditionals="10" coveredconditionals="10" methods="7" coveredmethods="7"/>
        <line num="31" count="10" type="stmt"/>
        <line num="32" count="10" type="cond" truecount="2" falsecount="0"/>
        <line num="33" count="5" type="stmt"/>
        <line num="38" count="27" type="stmt"/>
        <line num="48" count="26" type="cond" truecount="2" falsecount="0"/>
        <line num="51" count="26" type="stmt"/>
        <line num="52" count="26" type="stmt"/>
        <line num="53" count="26" type="stmt"/>
        <line num="56" count="26" type="cond" truecount="2" falsecount="0"/>
        <line num="57" count="24" type="stmt"/>
        <line num="58" count="24" type="stmt"/>
        <line num="59" count="24" type="stmt"/>
        <line num="61" count="17" type="stmt"/>
        <line num="65" count="26" type="stmt"/>
        <line num="66" count="26" type="stmt"/>
        <line num="69" count="26" type="stmt"/>
        <line num="70" count="26" type="stmt"/>
        <line num="71" count="11" type="cond" truecount="2" falsecount="0"/>
        <line num="74" count="26" type="stmt"/>
      </file>
      <file name="numericUtils.ts" path="E:\DZ_Inspection\src\utils\numericUtils.ts">
        <metrics statements="14" coveredstatements="14" conditionals="25" coveredconditionals="25" methods="2" coveredmethods="2"/>
        <line num="35" count="47" type="cond" truecount="5" falsecount="0"/>
        <line num="37" count="35" type="stmt"/>
        <line num="39" count="35" type="cond" truecount="2" falsecount="0"/>
        <line num="40" count="35" type="cond" truecount="2" falsecount="0"/>
        <line num="41" count="35" type="cond" truecount="4" falsecount="0"/>
        <line num="43" count="16" type="cond" truecount="2" falsecount="0"/>
        <line num="44" count="16" type="cond" truecount="2" falsecount="0"/>
        <line num="45" count="16" type="cond" truecount="4" falsecount="0"/>
        <line num="47" count="8" type="stmt"/>
        <line num="63" count="17" type="cond" truecount="4" falsecount="0"/>
        <line num="64" count="5" type="stmt"/>
        <line num="65" count="4" type="stmt"/>
        <line num="66" count="4" type="stmt"/>
        <line num="67" count="4" type="stmt"/>
      </file>
      <file name="scoringUtils.ts" path="E:\DZ_Inspection\src\utils\scoringUtils.ts">
        <metrics statements="51" coveredstatements="51" conditionals="28" coveredconditionals="27" methods="13" coveredmethods="13"/>
        <line num="44" count="6" type="stmt"/>
        <line num="50" count="6" type="stmt"/>
        <line num="51" count="6" type="stmt"/>
        <line num="52" count="6" type="stmt"/>
        <line num="55" count="6" type="stmt"/>
        <line num="56" count="6" type="stmt"/>
        <line num="60" count="6" type="stmt"/>
        <line num="119" count="1269" type="cond" truecount="1" falsecount="1"/>
        <line num="123" count="147" type="cond" truecount="2" falsecount="0"/>
        <line num="124" count="96" type="cond" truecount="2" falsecount="0"/>
        <line num="125" count="83" type="cond" truecount="2" falsecount="0"/>
        <line num="126" count="31" type="stmt"/>
        <line num="130" count="147" type="cond" truecount="4" falsecount="0"/>
        <line num="131" count="45" type="stmt"/>
        <line num="132" count="10" type="stmt"/>
        <line num="133" count="56" type="stmt"/>
        <line num="134" count="36" type="stmt"/>
        <line num="139" count="147" type="cond" truecount="4" falsecount="0"/>
        <line num="140" count="45" type="stmt"/>
        <line num="141" count="10" type="stmt"/>
        <line num="142" count="56" type="stmt"/>
        <line num="143" count="36" type="stmt"/>
        <line num="150" count="800" type="stmt"/>
        <line num="151" count="800" type="stmt"/>
        <line num="152" count="147" type="stmt"/>
        <line num="156" count="800" type="stmt"/>
        <line num="158" count="147" type="stmt"/>
        <line num="159" count="147" type="stmt"/>
        <line num="160" count="147" type="cond" truecount="2" falsecount="0"/>
        <line num="161" count="147" type="stmt"/>
        <line num="164" count="147" type="stmt"/>
        <line num="165" count="223" type="stmt"/>
        <line num="166" count="223" type="stmt"/>
        <line num="167" count="223" type="stmt"/>
        <line num="172" count="523" type="stmt"/>
        <line num="173" count="746" type="stmt"/>
        <line num="174" count="147" type="cond" truecount="2" falsecount="0"/>
        <line num="179" count="147" type="stmt"/>
        <line num="182" count="147" type="stmt"/>
        <line num="183" count="147" type="stmt"/>
        <line num="185" count="147" type="cond" truecount="2" falsecount="0"/>
        <line num="187" count="10" type="stmt"/>
        <line num="188" count="10" type="stmt"/>
        <line num="189" count="137" type="cond" truecount="2" falsecount="0"/>
        <line num="191" count="16" type="cond" truecount="4" falsecount="0"/>
        <line num="192" count="6" type="stmt"/>
        <line num="193" count="6" type="stmt"/>
        <line num="196" count="10" type="stmt"/>
        <line num="200" count="147" type="stmt"/>
        <line num="201" count="147" type="stmt"/>
        <line num="203" count="147" type="stmt"/>
      </file>
      <file name="statsUtils.ts" path="E:\DZ_Inspection\src\utils\statsUtils.ts">
        <metrics statements="21" coveredstatements="21" conditionals="18" coveredconditionals="18" methods="2" coveredmethods="2"/>
        <line num="16" count="5" type="stmt"/>
        <line num="17" count="42" type="stmt"/>
        <line num="18" count="42" type="stmt"/>
        <line num="19" count="42" type="stmt"/>
        <line num="20" count="42" type="stmt"/>
        <line num="21" count="42" type="stmt"/>
        <line num="22" count="42" type="stmt"/>
        <line num="24" count="42" type="stmt"/>
        <line num="25" count="77" type="cond" truecount="2" falsecount="0"/>
        <line num="26" count="25" type="cond" truecount="2" falsecount="0"/>
        <line num="27" count="18" type="cond" truecount="2" falsecount="0"/>
        <line num="28" count="10" type="cond" truecount="2" falsecount="0"/>
        <line num="30" count="77" type="cond" truecount="2" falsecount="0"/>
        <line num="31" count="70" type="stmt"/>
        <line num="32" count="70" type="stmt"/>
        <line num="35" count="77" type="cond" truecount="2" falsecount="0"/>
        <line num="36" count="8" type="stmt"/>
        <line num="39" count="77" type="cond" truecount="2" falsecount="0"/>
        <line num="40" count="8" type="stmt"/>
        <line num="46" count="42" type="cond" truecount="2" falsecount="0"/>
        <line num="48" count="42" type="stmt"/>
      </file>
      <file name="statusUtils.ts" path="E:\DZ_Inspection\src\utils\statusUtils.ts">
        <metrics statements="20" coveredstatements="20" conditionals="9" coveredconditionals="9" methods="6" coveredmethods="6"/>
        <line num="8" count="8" type="stmt"/>
        <line num="9" count="77" type="cond" truecount="5" falsecount="0"/>
        <line num="11" count="32" type="stmt"/>
        <line num="13" count="32" type="stmt"/>
        <line num="15" count="5" type="stmt"/>
        <line num="17" count="4" type="stmt"/>
        <line num="19" count="4" type="stmt"/>
        <line num="26" count="8" type="stmt"/>
        <line num="27" count="18" type="cond" truecount="4" falsecount="0"/>
        <line num="29" count="5" type="stmt"/>
        <line num="31" count="4" type="stmt"/>
        <line num="33" count="5" type="stmt"/>
        <line num="35" count="4" type="stmt"/>
        <line num="42" count="8" type="stmt"/>
        <line num="43" count="24" type="stmt"/>
        <line num="44" count="47" type="stmt"/>
        <line num="45" count="47" type="stmt"/>
        <line num="46" count="47" type="stmt"/>
        <line num="47" count="24" type="stmt"/>
        <line num="48" count="24" type="stmt"/>
      </file>
    </package>
  </project>
</coverage>
