{"E:\\DZ_Inspection\\src\\facilitiesService.ts": {"path":"E:\\DZ_Inspection\\src\\facilitiesService.ts","statementMap":{"0":{"start":{"line":19,"column":24},"end":{"line":20,"column":66}},"1":{"start":{"line":20,"column":2},"end":{"line":20,"column":66}},"2":{"start":{"line":25,"column":32},"end":{"line":32,"column":1}},"3":{"start":{"line":26,"column":2},"end":{"line":31,"column":3}},"4":{"start":{"line":27,"column":27},"end":{"line":27,"column":60}},"5":{"start":{"line":28,"column":4},"end":{"line":28,"column":55}},"6":{"start":{"line":30,"column":4},"end":{"line":30,"column":36}},"7":{"start":{"line":39,"column":31},"end":{"line":43,"column":1}},"8":{"start":{"line":40,"column":20},"end":{"line":40,"column":62}},"9":{"start":{"line":40,"column":50},"end":{"line":40,"column":61}},"10":{"start":{"line":41,"column":2},"end":{"line":41,"column":34}},"11":{"start":{"line":41,"column":17},"end":{"line":41,"column":34}},"12":{"start":{"line":42,"column":2},"end":{"line":42,"column":40}},"13":{"start":{"line":46,"column":33},"end":{"line":52,"column":1}},"14":{"start":{"line":47,"column":2},"end":{"line":51,"column":3}},"15":{"start":{"line":48,"column":4},"end":{"line":48,"column":45}},"16":{"start":{"line":50,"column":4},"end":{"line":50,"column":14}},"17":{"start":{"line":62,"column":32},"end":{"line":74,"column":1}},"18":{"start":{"line":63,"column":12},"end":{"line":63,"column":41}},"19":{"start":{"line":64,"column":2},"end":{"line":64,"column":20}},"20":{"start":{"line":64,"column":10},"end":{"line":64,"column":20}},"21":{"start":{"line":66,"column":14},"end":{"line":66,"column":38}},"22":{"start":{"line":68,"column":2},"end":{"line":73,"column":5}},"23":{"start":{"line":69,"column":21},"end":{"line":71,"column":5}},"24":{"start":{"line":72,"column":4},"end":{"line":72,"column":32}},"25":{"start":{"line":80,"column":32},"end":{"line":84,"column":1}},"26":{"start":{"line":81,"column":14},"end":{"line":81,"column":38}},"27":{"start":{"line":82,"column":17},"end":{"line":82,"column":42}},"28":{"start":{"line":83,"column":2},"end":{"line":83,"column":65}},"29":{"start":{"line":83,"column":25},"end":{"line":83,"column":63}},"30":{"start":{"line":91,"column":42},"end":{"line":96,"column":1}},"31":{"start":{"line":92,"column":14},"end":{"line":92,"column":38}},"32":{"start":{"line":93,"column":2},"end":{"line":93,"column":35}},"33":{"start":{"line":93,"column":24},"end":{"line":93,"column":35}},"34":{"start":{"line":94,"column":17},"end":{"line":94,"column":49}},"35":{"start":{"line":95,"column":2},"end":{"line":95,"column":71}},"36":{"start":{"line":95,"column":25},"end":{"line":95,"column":69}},"37":{"start":{"line":102,"column":31},"end":{"line":110,"column":1}},"38":{"start":{"line":106,"column":19},"end":{"line":106,"column":48}},"39":{"start":{"line":107,"column":2},"end":{"line":107,"column":41}},"40":{"start":{"line":107,"column":25},"end":{"line":107,"column":41}},"41":{"start":{"line":108,"column":17},"end":{"line":108,"column":49}},"42":{"start":{"line":109,"column":2},"end":{"line":109,"column":70}},"43":{"start":{"line":109,"column":30},"end":{"line":109,"column":68}},"44":{"start":{"line":118,"column":31},"end":{"line":122,"column":1}},"45":{"start":{"line":121,"column":2},"end":{"line":121,"column":42}},"46":{"start":{"line":128,"column":34},"end":{"line":136,"column":1}},"47":{"start":{"line":133,"column":2},"end":{"line":133,"column":63}},"48":{"start":{"line":133,"column":36},"end":{"line":133,"column":47}},"49":{"start":{"line":133,"column":50},"end":{"line":133,"column":63}},"50":{"start":{"line":134,"column":17},"end":{"line":134,"column":65}},"51":{"start":{"line":135,"column":2},"end":{"line":135,"column":25}},"52":{"start":{"line":139,"column":34},"end":{"line":143,"column":1}},"53":{"start":{"line":141,"column":2},"end":{"line":141,"column":63}},"54":{"start":{"line":141,"column":36},"end":{"line":141,"column":47}},"55":{"start":{"line":141,"column":50},"end":{"line":141,"column":63}},"56":{"start":{"line":142,"column":2},"end":{"line":142,"column":39}},"57":{"start":{"line":146,"column":38},"end":{"line":148,"column":1}},"58":{"start":{"line":147,"column":2},"end":{"line":147,"column":35}}},"fnMap":{"0":{"name":"(anonymous_0)","decl":{"start":{"line":19,"column":24},"end":{"line":19,"column":25}},"loc":{"start":{"line":20,"column":2},"end":{"line":20,"column":66}},"line":20},"1":{"name":"(anonymous_1)","decl":{"start":{"line":25,"column":32},"end":{"line":25,"column":33}},"loc":{"start":{"line":25,"column":65},"end":{"line":32,"column":1}},"line":25},"2":{"name":"(anonymous_2)","decl":{"start":{"line":39,"column":31},"end":{"line":39,"column":32}},"loc":{"start":{"line":39,"column":79},"end":{"line":43,"column":1}},"line":39},"3":{"name":"(anonymous_3)","decl":{"start":{"line":40,"column":45},"end":{"line":40,"column":46}},"loc":{"start":{"line":40,"column":50},"end":{"line":40,"column":61}},"line":40},"4":{"name":"(anonymous_4)","decl":{"start":{"line":46,"column":33},"end":{"line":46,"column":34}},"loc":{"start":{"line":46,"column":66},"end":{"line":52,"column":1}},"line":46},"5":{"name":"(anonymous_5)","decl":{"start":{"line":62,"column":32},"end":{"line":62,"column":33}},"loc":{"start":{"line":62,"column":78},"end":{"line":74,"column":1}},"line":62},"6":{"name":"(anonymous_6)","decl":{"start":{"line":68,"column":20},"end":{"line":68,"column":21}},"loc":{"start":{"line":68,"column":25},"end":{"line":73,"column":3}},"line":68},"7":{"name":"(anonymous_7)","decl":{"start":{"line":80,"column":32},"end":{"line":80,"column":33}},"loc":{"start":{"line":80,"column":81},"end":{"line":84,"column":1}},"line":80},"8":{"name":"(anonymous_8)","decl":{"start":{"line":83,"column":20},"end":{"line":83,"column":21}},"loc":{"start":{"line":83,"column":25},"end":{"line":83,"column":63}},"line":83},"9":{"name":"(anonymous_9)","decl":{"start":{"line":91,"column":42},"end":{"line":91,"column":43}},"loc":{"start":{"line":91,"column":91},"end":{"line":96,"column":1}},"line":91},"10":{"name":"(anonymous_10)","decl":{"start":{"line":95,"column":20},"end":{"line":95,"column":21}},"loc":{"start":{"line":95,"column":25},"end":{"line":95,"column":69}},"line":95},"11":{"name":"(anonymous_11)","decl":{"start":{"line":102,"column":31},"end":{"line":102,"column":32}},"loc":{"start":{"line":105,"column":26},"end":{"line":110,"column":1}},"line":105},"12":{"name":"(anonymous_12)","decl":{"start":{"line":109,"column":25},"end":{"line":109,"column":26}},"loc":{"start":{"line":109,"column":30},"end":{"line":109,"column":68}},"line":109},"13":{"name":"(anonymous_13)","decl":{"start":{"line":118,"column":31},"end":{"line":118,"column":32}},"loc":{"start":{"line":120,"column":24},"end":{"line":122,"column":1}},"line":120},"14":{"name":"(anonymous_14)","decl":{"start":{"line":128,"column":34},"end":{"line":128,"column":35}},"loc":{"start":{"line":131,"column":23},"end":{"line":136,"column":1}},"line":131},"15":{"name":"(anonymous_15)","decl":{"start":{"line":133,"column":31},"end":{"line":133,"column":32}},"loc":{"start":{"line":133,"column":36},"end":{"line":133,"column":47}},"line":133},"16":{"name":"(anonymous_16)","decl":{"start":{"line":139,"column":34},"end":{"line":139,"column":35}},"loc":{"start":{"line":139,"column":74},"end":{"line":143,"column":1}},"line":139},"17":{"name":"(anonymous_17)","decl":{"start":{"line":141,"column":31},"end":{"line":141,"column":32}},"loc":{"start":{"line":141,"column":36},"end":{"line":141,"column":47}},"line":141},"18":{"name":"(anonymous_18)","decl":{"start":{"line":146,"column":38},"end":{"line":146,"column":39}},"loc":{"start":{"line":146,"column":65},"end":{"line":148,"column":1}},"line":146}},"branchMap":{"0":{"loc":{"start":{"line":41,"column":2},"end":{"line":41,"column":34}},"type":"if","locations":[{"start":{"line":41,"column":2},"end":{"line":41,"column":34}},{"start":{},"end":{}}],"line":41},"1":{"loc":{"start":{"line":64,"column":2},"end":{"line":64,"column":20}},"type":"if","locations":[{"start":{"line":64,"column":2},"end":{"line":64,"column":20}},{"start":{},"end":{}}],"line":64},"2":{"loc":{"start":{"line":93,"column":2},"end":{"line":93,"column":35}},"type":"if","locations":[{"start":{"line":93,"column":2},"end":{"line":93,"column":35}},{"start":{},"end":{}}],"line":93},"3":{"loc":{"start":{"line":95,"column":41},"end":{"line":95,"column":57}},"type":"binary-expr","locations":[{"start":{"line":95,"column":41},"end":{"line":95,"column":51}},{"start":{"line":95,"column":55},"end":{"line":95,"column":57}}],"line":95},"4":{"loc":{"start":{"line":107,"column":2},"end":{"line":107,"column":41}},"type":"if","locations":[{"start":{"line":107,"column":2},"end":{"line":107,"column":41}},{"start":{},"end":{}}],"line":107},"5":{"loc":{"start":{"line":133,"column":2},"end":{"line":133,"column":63}},"type":"if","locations":[{"start":{"line":133,"column":2},"end":{"line":133,"column":63}},{"start":{},"end":{}}],"line":133},"6":{"loc":{"start":{"line":141,"column":2},"end":{"line":141,"column":63}},"type":"if","locations":[{"start":{"line":141,"column":2},"end":{"line":141,"column":63}},{"start":{},"end":{}}],"line":141}},"s":{"0":4,"1":93,"2":4,"3":33,"4":33,"5":31,"6":2,"7":4,"8":12,"9":22,"10":12,"11":2,"12":10,"13":4,"14":9,"15":9,"16":1,"17":4,"18":21,"19":21,"20":6,"21":15,"22":15,"23":34,"24":34,"25":4,"26":4,"27":4,"28":4,"29":9,"30":4,"31":8,"32":8,"33":2,"34":6,"35":6,"36":14,"37":4,"38":7,"39":7,"40":4,"41":3,"42":3,"43":2,"44":4,"45":29,"46":4,"47":8,"48":14,"49":2,"50":6,"51":6,"52":4,"53":6,"54":10,"55":2,"56":4,"57":4,"58":2},"f":{"0":93,"1":33,"2":12,"3":22,"4":9,"5":21,"6":34,"7":4,"8":9,"9":8,"10":14,"11":7,"12":2,"13":29,"14":8,"15":14,"16":6,"17":10,"18":2},"b":{"0":[2,10],"1":[6,15],"2":[2,6],"3":[14,0],"4":[4,3],"5":[2,6],"6":[2,4]},"_coverageSchema":"1a1c01bbd47fc00a2c39e90264f33305004495a9","hash":"b0841deb86b661e4636550a364a665d2c62b65b9"}
,"E:\\DZ_Inspection\\src\\db\\schema.ts": {"path":"E:\\DZ_Inspection\\src\\db\\schema.ts","statementMap":{"0":{"start":{"line":37,"column":40},"end":{"line":37,"column":44}},"1":{"start":{"line":45,"column":2},"end":{"line":45,"column":22}},"2":{"start":{"line":45,"column":11},"end":{"line":45,"column":22}},"3":{"start":{"line":46,"column":2},"end":{"line":46,"column":57}},"4":{"start":{"line":47,"column":2},"end":{"line":47,"column":27}},"5":{"start":{"line":48,"column":2},"end":{"line":48,"column":13}},"6":{"start":{"line":56,"column":2},"end":{"line":56,"column":16}},"7":{"start":{"line":70,"column":32},"end":{"line":225,"column":1}},"8":{"start":{"line":233,"column":2},"end":{"line":238,"column":5}},"9":{"start":{"line":240,"column":2},"end":{"line":254,"column":3}},"10":{"start":{"line":241,"column":21},"end":{"line":244,"column":5}},"11":{"start":{"line":245,"column":4},"end":{"line":245,"column":27}},"12":{"start":{"line":245,"column":18},"end":{"line":245,"column":27}},"13":{"start":{"line":247,"column":4},"end":{"line":253,"column":7}},"14":{"start":{"line":248,"column":6},"end":{"line":248,"column":40}},"15":{"start":{"line":249,"column":6},"end":{"line":252,"column":8}},"16":{"start":{"line":273,"column":23},"end":{"line":273,"column":90}},"17":{"start":{"line":274,"column":13},"end":{"line":274,"column":26}},"18":{"start":{"line":277,"column":25},"end":{"line":277,"column":66}},"19":{"start":{"line":278,"column":2},"end":{"line":319,"column":3}},"20":{"start":{"line":279,"column":24},"end":{"line":279,"column":84}},"21":{"start":{"line":280,"column":4},"end":{"line":317,"column":5}},"22":{"start":{"line":281,"column":6},"end":{"line":316,"column":8}},"23":{"start":{"line":318,"column":4},"end":{"line":318,"column":32}},"24":{"start":{"line":322,"column":24},"end":{"line":322,"column":68}},"25":{"start":{"line":323,"column":2},"end":{"line":341,"column":3}},"26":{"start":{"line":324,"column":23},"end":{"line":324,"column":82}},"27":{"start":{"line":325,"column":4},"end":{"line":339,"column":5}},"28":{"start":{"line":326,"column":6},"end":{"line":338,"column":8}},"29":{"start":{"line":340,"column":4},"end":{"line":340,"column":31}},"30":{"start":{"line":344,"column":20},"end":{"line":344,"column":56}},"31":{"start":{"line":345,"column":2},"end":{"line":361,"column":3}},"32":{"start":{"line":346,"column":19},"end":{"line":346,"column":74}},"33":{"start":{"line":347,"column":4},"end":{"line":359,"column":5}},"34":{"start":{"line":348,"column":6},"end":{"line":358,"column":8}},"35":{"start":{"line":360,"column":4},"end":{"line":360,"column":27}},"36":{"start":{"line":363,"column":2},"end":{"line":363,"column":23}}},"fnMap":{"0":{"name":"getDb","decl":{"start":{"line":44,"column":22},"end":{"line":44,"column":27}},"loc":{"start":{"line":44,"column":62},"end":{"line":49,"column":1}},"line":44},"1":{"name":"initializeDatabase","decl":{"start":{"line":55,"column":22},"end":{"line":55,"column":40}},"loc":{"start":{"line":55,"column":58},"end":{"line":57,"column":1}},"line":55},"2":{"name":"runMigrations","decl":{"start":{"line":231,"column":22},"end":{"line":231,"column":35}},"loc":{"start":{"line":231,"column":78},"end":{"line":255,"column":1}},"line":231},"3":{"name":"(anonymous_3)","decl":{"start":{"line":247,"column":34},"end":{"line":247,"column":35}},"loc":{"start":{"line":247,"column":46},"end":{"line":253,"column":5}},"line":247},"4":{"name":"migrateAsyncStorageToSQLite","decl":{"start":{"line":270,"column":22},"end":{"line":270,"column":49}},"loc":{"start":{"line":272,"column":17},"end":{"line":364,"column":1}},"line":272}},"branchMap":{"0":{"loc":{"start":{"line":45,"column":2},"end":{"line":45,"column":22}},"type":"if","locations":[{"start":{"line":45,"column":2},"end":{"line":45,"column":22}},{"start":{},"end":{}}],"line":45},"1":{"loc":{"start":{"line":245,"column":4},"end":{"line":245,"column":27}},"type":"if","locations":[{"start":{"line":245,"column":4},"end":{"line":245,"column":27}},{"start":{},"end":{}}],"line":245},"2":{"loc":{"start":{"line":278,"column":2},"end":{"line":319,"column":3}},"type":"if","locations":[{"start":{"line":278,"column":2},"end":{"line":319,"column":3}},{"start":{},"end":{}}],"line":278},"3":{"loc":{"start":{"line":297,"column":46},"end":{"line":297,"column":69}},"type":"binary-expr","locations":[{"start":{"line":297,"column":46},"end":{"line":297,"column":63}},{"start":{"line":297,"column":67},"end":{"line":297,"column":69}}],"line":297},"4":{"loc":{"start":{"line":298,"column":10},"end":{"line":298,"column":31}},"type":"binary-expr","locations":[{"start":{"line":298,"column":10},"end":{"line":298,"column":25}},{"start":{"line":298,"column":29},"end":{"line":298,"column":31}}],"line":298},"5":{"loc":{"start":{"line":298,"column":33},"end":{"line":298,"column":52}},"type":"binary-expr","locations":[{"start":{"line":298,"column":33},"end":{"line":298,"column":41}},{"start":{"line":298,"column":45},"end":{"line":298,"column":52}}],"line":298},"6":{"loc":{"start":{"line":299,"column":10},"end":{"line":299,"column":34}},"type":"binary-expr","locations":[{"start":{"line":299,"column":10},"end":{"line":299,"column":26}},{"start":{"line":299,"column":30},"end":{"line":299,"column":34}}],"line":299},"7":{"loc":{"start":{"line":299,"column":36},"end":{"line":299,"column":63}},"type":"binary-expr","locations":[{"start":{"line":299,"column":36},"end":{"line":299,"column":55}},{"start":{"line":299,"column":59},"end":{"line":299,"column":63}}],"line":299},"8":{"loc":{"start":{"line":300,"column":10},"end":{"line":300,"column":38}},"type":"cond-expr","locations":[{"start":{"line":300,"column":33},"end":{"line":300,"column":34}},{"start":{"line":300,"column":37},"end":{"line":300,"column":38}}],"line":300},"9":{"loc":{"start":{"line":300,"column":40},"end":{"line":300,"column":68}},"type":"cond-expr","locations":[{"start":{"line":300,"column":63},"end":{"line":300,"column":64}},{"start":{"line":300,"column":67},"end":{"line":300,"column":68}}],"line":300},"10":{"loc":{"start":{"line":301,"column":10},"end":{"line":301,"column":40}},"type":"binary-expr","locations":[{"start":{"line":301,"column":10},"end":{"line":301,"column":32}},{"start":{"line":301,"column":36},"end":{"line":301,"column":40}}],"line":301},"11":{"loc":{"start":{"line":302,"column":10},"end":{"line":302,"column":25}},"type":"binary-expr","locations":[{"start":{"line":302,"column":10},"end":{"line":302,"column":17}},{"start":{"line":302,"column":21},"end":{"line":302,"column":25}}],"line":302},"12":{"loc":{"start":{"line":302,"column":27},"end":{"line":302,"column":42}},"type":"binary-expr","locations":[{"start":{"line":302,"column":27},"end":{"line":302,"column":34}},{"start":{"line":302,"column":38},"end":{"line":302,"column":42}}],"line":302},"13":{"loc":{"start":{"line":302,"column":44},"end":{"line":302,"column":63}},"type":"binary-expr","locations":[{"start":{"line":302,"column":44},"end":{"line":302,"column":55}},{"start":{"line":302,"column":59},"end":{"line":302,"column":63}}],"line":302},"14":{"loc":{"start":{"line":303,"column":10},"end":{"line":303,"column":36}},"type":"cond-expr","locations":[{"start":{"line":303,"column":31},"end":{"line":303,"column":32}},{"start":{"line":303,"column":35},"end":{"line":303,"column":36}}],"line":303},"15":{"loc":{"start":{"line":303,"column":38},"end":{"line":303,"column":58}},"type":"cond-expr","locations":[{"start":{"line":303,"column":53},"end":{"line":303,"column":54}},{"start":{"line":303,"column":57},"end":{"line":303,"column":58}}],"line":303},"16":{"loc":{"start":{"line":304,"column":10},"end":{"line":304,"column":38}},"type":"binary-expr","locations":[{"start":{"line":304,"column":10},"end":{"line":304,"column":30}},{"start":{"line":304,"column":34},"end":{"line":304,"column":38}}],"line":304},"17":{"loc":{"start":{"line":304,"column":40},"end":{"line":304,"column":74}},"type":"binary-expr","locations":[{"start":{"line":304,"column":40},"end":{"line":304,"column":66}},{"start":{"line":304,"column":70},"end":{"line":304,"column":74}}],"line":304},"18":{"loc":{"start":{"line":305,"column":10},"end":{"line":305,"column":29}},"type":"binary-expr","locations":[{"start":{"line":305,"column":10},"end":{"line":305,"column":21}},{"start":{"line":305,"column":25},"end":{"line":305,"column":29}}],"line":305},"19":{"loc":{"start":{"line":305,"column":31},"end":{"line":305,"column":51}},"type":"binary-expr","locations":[{"start":{"line":305,"column":31},"end":{"line":305,"column":43}},{"start":{"line":305,"column":47},"end":{"line":305,"column":51}}],"line":305},"20":{"loc":{"start":{"line":306,"column":10},"end":{"line":306,"column":35}},"type":"binary-expr","locations":[{"start":{"line":306,"column":10},"end":{"line":306,"column":27}},{"start":{"line":306,"column":31},"end":{"line":306,"column":35}}],"line":306},"21":{"loc":{"start":{"line":306,"column":37},"end":{"line":306,"column":64}},"type":"binary-expr","locations":[{"start":{"line":306,"column":37},"end":{"line":306,"column":56}},{"start":{"line":306,"column":60},"end":{"line":306,"column":64}}],"line":306},"22":{"loc":{"start":{"line":307,"column":10},"end":{"line":307,"column":72}},"type":"cond-expr","locations":[{"start":{"line":307,"column":31},"end":{"line":307,"column":65}},{"start":{"line":307,"column":68},"end":{"line":307,"column":72}}],"line":307},"23":{"loc":{"start":{"line":308,"column":10},"end":{"line":308,"column":79}},"type":"binary-expr","locations":[{"start":{"line":308,"column":10},"end":{"line":308,"column":71}},{"start":{"line":308,"column":75},"end":{"line":308,"column":79}}],"line":308},"24":{"loc":{"start":{"line":309,"column":10},"end":{"line":309,"column":81}},"type":"binary-expr","locations":[{"start":{"line":309,"column":10},"end":{"line":309,"column":73}},{"start":{"line":309,"column":77},"end":{"line":309,"column":81}}],"line":309},"25":{"loc":{"start":{"line":310,"column":10},"end":{"line":310,"column":33}},"type":"binary-expr","locations":[{"start":{"line":310,"column":10},"end":{"line":310,"column":25}},{"start":{"line":310,"column":29},"end":{"line":310,"column":33}}],"line":310},"26":{"loc":{"start":{"line":310,"column":35},"end":{"line":310,"column":65}},"type":"binary-expr","locations":[{"start":{"line":310,"column":35},"end":{"line":310,"column":57}},{"start":{"line":310,"column":61},"end":{"line":310,"column":65}}],"line":310},"27":{"loc":{"start":{"line":311,"column":10},"end":{"line":311,"column":34}},"type":"binary-expr","locations":[{"start":{"line":311,"column":10},"end":{"line":311,"column":26}},{"start":{"line":311,"column":30},"end":{"line":311,"column":34}}],"line":311},"28":{"loc":{"start":{"line":311,"column":36},"end":{"line":311,"column":56}},"type":"binary-expr","locations":[{"start":{"line":311,"column":36},"end":{"line":311,"column":48}},{"start":{"line":311,"column":52},"end":{"line":311,"column":56}}],"line":311},"29":{"loc":{"start":{"line":312,"column":10},"end":{"line":312,"column":30}},"type":"binary-expr","locations":[{"start":{"line":312,"column":10},"end":{"line":312,"column":22}},{"start":{"line":312,"column":26},"end":{"line":312,"column":30}}],"line":312},"30":{"loc":{"start":{"line":312,"column":32},"end":{"line":312,"column":56}},"type":"binary-expr","locations":[{"start":{"line":312,"column":32},"end":{"line":312,"column":48}},{"start":{"line":312,"column":52},"end":{"line":312,"column":56}}],"line":312},"31":{"loc":{"start":{"line":312,"column":58},"end":{"line":312,"column":80}},"type":"binary-expr","locations":[{"start":{"line":312,"column":58},"end":{"line":312,"column":72}},{"start":{"line":312,"column":76},"end":{"line":312,"column":80}}],"line":312},"32":{"loc":{"start":{"line":313,"column":25},"end":{"line":313,"column":38}},"type":"binary-expr","locations":[{"start":{"line":313,"column":25},"end":{"line":313,"column":32}},{"start":{"line":313,"column":36},"end":{"line":313,"column":38}}],"line":313},"33":{"loc":{"start":{"line":314,"column":10},"end":{"line":314,"column":60}},"type":"cond-expr","locations":[{"start":{"line":314,"column":25},"end":{"line":314,"column":53}},{"start":{"line":314,"column":56},"end":{"line":314,"column":60}}],"line":314},"34":{"loc":{"start":{"line":323,"column":2},"end":{"line":341,"column":3}},"type":"if","locations":[{"start":{"line":323,"column":2},"end":{"line":341,"column":3}},{"start":{},"end":{}}],"line":323},"35":{"loc":{"start":{"line":332,"column":16},"end":{"line":332,"column":35}},"type":"binary-expr","locations":[{"start":{"line":332,"column":16},"end":{"line":332,"column":29}},{"start":{"line":332,"column":33},"end":{"line":332,"column":35}}],"line":332},"36":{"loc":{"start":{"line":332,"column":37},"end":{"line":332,"column":54}},"type":"binary-expr","locations":[{"start":{"line":332,"column":37},"end":{"line":332,"column":48}},{"start":{"line":332,"column":52},"end":{"line":332,"column":54}}],"line":332},"37":{"loc":{"start":{"line":332,"column":56},"end":{"line":332,"column":72}},"type":"binary-expr","locations":[{"start":{"line":332,"column":56},"end":{"line":332,"column":66}},{"start":{"line":332,"column":70},"end":{"line":332,"column":72}}],"line":332},"38":{"loc":{"start":{"line":332,"column":74},"end":{"line":332,"column":89}},"type":"binary-expr","locations":[{"start":{"line":332,"column":74},"end":{"line":332,"column":83}},{"start":{"line":332,"column":87},"end":{"line":332,"column":89}}],"line":332},"39":{"loc":{"start":{"line":333,"column":10},"end":{"line":333,"column":50}},"type":"cond-expr","locations":[{"start":{"line":333,"column":38},"end":{"line":333,"column":43}},{"start":{"line":333,"column":46},"end":{"line":333,"column":50}}],"line":333},"40":{"loc":{"start":{"line":334,"column":10},"end":{"line":334,"column":50}},"type":"cond-expr","locations":[{"start":{"line":334,"column":38},"end":{"line":334,"column":43}},{"start":{"line":334,"column":46},"end":{"line":334,"column":50}}],"line":334},"41":{"loc":{"start":{"line":335,"column":10},"end":{"line":335,"column":31}},"type":"binary-expr","locations":[{"start":{"line":335,"column":10},"end":{"line":335,"column":23}},{"start":{"line":335,"column":27},"end":{"line":335,"column":31}}],"line":335},"42":{"loc":{"start":{"line":335,"column":33},"end":{"line":335,"column":57}},"type":"binary-expr","locations":[{"start":{"line":335,"column":33},"end":{"line":335,"column":49}},{"start":{"line":335,"column":53},"end":{"line":335,"column":57}}],"line":335},"43":{"loc":{"start":{"line":336,"column":10},"end":{"line":336,"column":24}},"type":"binary-expr","locations":[{"start":{"line":336,"column":10},"end":{"line":336,"column":16}},{"start":{"line":336,"column":20},"end":{"line":336,"column":24}}],"line":336},"44":{"loc":{"start":{"line":336,"column":26},"end":{"line":336,"column":44}},"type":"binary-expr","locations":[{"start":{"line":336,"column":26},"end":{"line":336,"column":36}},{"start":{"line":336,"column":40},"end":{"line":336,"column":44}}],"line":336},"45":{"loc":{"start":{"line":336,"column":46},"end":{"line":336,"column":61}},"type":"binary-expr","locations":[{"start":{"line":336,"column":46},"end":{"line":336,"column":53}},{"start":{"line":336,"column":57},"end":{"line":336,"column":61}}],"line":336},"46":{"loc":{"start":{"line":345,"column":2},"end":{"line":361,"column":3}},"type":"if","locations":[{"start":{"line":345,"column":2},"end":{"line":361,"column":3}},{"start":{},"end":{}}],"line":345},"47":{"loc":{"start":{"line":354,"column":46},"end":{"line":354,"column":71}},"type":"binary-expr","locations":[{"start":{"line":354,"column":46},"end":{"line":354,"column":63}},{"start":{"line":354,"column":67},"end":{"line":354,"column":71}}],"line":354},"48":{"loc":{"start":{"line":355,"column":10},"end":{"line":355,"column":28}},"type":"binary-expr","locations":[{"start":{"line":355,"column":10},"end":{"line":355,"column":20}},{"start":{"line":355,"column":24},"end":{"line":355,"column":28}}],"line":355},"49":{"loc":{"start":{"line":355,"column":38},"end":{"line":355,"column":51}},"type":"binary-expr","locations":[{"start":{"line":355,"column":38},"end":{"line":355,"column":45}},{"start":{"line":355,"column":49},"end":{"line":355,"column":51}}],"line":355},"50":{"loc":{"start":{"line":355,"column":53},"end":{"line":355,"column":74}},"type":"binary-expr","locations":[{"start":{"line":355,"column":53},"end":{"line":355,"column":61}},{"start":{"line":355,"column":65},"end":{"line":355,"column":74}}],"line":355},"51":{"loc":{"start":{"line":356,"column":10},"end":{"line":356,"column":32}},"type":"binary-expr","locations":[{"start":{"line":356,"column":10},"end":{"line":356,"column":24}},{"start":{"line":356,"column":28},"end":{"line":356,"column":32}}],"line":356}},"s":{"0":15,"1":16,"2":2,"3":14,"4":13,"5":13,"6":10,"7":15,"8":14,"9":14,"10":126,"11":126,"12":9,"13":117,"14":117,"15":117,"16":6,"17":6,"18":6,"19":6,"20":2,"21":2,"22":2,"23":2,"24":6,"25":6,"26":1,"27":1,"28":1,"29":1,"30":6,"31":6,"32":1,"33":1,"34":1,"35":1,"36":6},"f":{"0":16,"1":10,"2":14,"3":117,"4":6},"b":{"0":[2,14],"1":[9,117],"2":[2,4],"3":[2,0],"4":[2,1],"5":[2,0],"6":[2,2],"7":[2,2],"8":[1,1],"9":[0,2],"10":[2,2],"11":[2,1],"12":[2,1],"13":[2,1],"14":[0,2],"15":[0,2],"16":[2,2],"17":[2,2],"18":[2,2],"19":[2,2],"20":[2,2],"21":[2,2],"22":[1,1],"23":[2,1],"24":[2,1],"25":[2,2],"26":[2,2],"27":[2,2],"28":[2,2],"29":[2,2],"30":[2,2],"31":[2,2],"32":[2,0],"33":[0,2],"34":[1,5],"35":[1,0],"36":[1,0],"37":[1,0],"38":[1,0],"39":[1,0],"40":[1,0],"41":[1,1],"42":[1,1],"43":[1,1],"44":[1,1],"45":[1,1],"46":[1,5],"47":[1,1],"48":[1,1],"49":[1,0],"50":[1,0],"51":[1,1]},"_coverageSchema":"1a1c01bbd47fc00a2c39e90264f33305004495a9","hash":"19a616782702fcb305307ef8fc4211fd094f1058"}
,"E:\\DZ_Inspection\\src\\db\\syncEngine.ts": {"path":"E:\\DZ_Inspection\\src\\db\\syncEngine.ts","statementMap":{"0":{"start":{"line":35,"column":25},"end":{"line":35,"column":51}},"1":{"start":{"line":38,"column":2},"end":{"line":38,"column":63}},"2":{"start":{"line":42,"column":2},"end":{"line":42,"column":28}},"3":{"start":{"line":42,"column":21},"end":{"line":42,"column":28}},"4":{"start":{"line":43,"column":2},"end":{"line":52,"column":3}},"5":{"start":{"line":45,"column":22},"end":{"line":45,"column":100}},"6":{"start":{"line":46,"column":19},"end":{"line":46,"column":32}},"7":{"start":{"line":47,"column":4},"end":{"line":49,"column":5}},"8":{"start":{"line":48,"column":6},"end":{"line":48,"column":76}},"9":{"start":{"line":51,"column":4},"end":{"line":51,"column":69}},"10":{"start":{"line":56,"column":2},"end":{"line":58,"column":3}},"11":{"start":{"line":57,"column":4},"end":{"line":57,"column":20}},"12":{"start":{"line":60,"column":16},"end":{"line":60,"column":50}},"13":{"start":{"line":63,"column":34},"end":{"line":63,"column":38}},"14":{"start":{"line":65,"column":2},"end":{"line":86,"column":3}},"15":{"start":{"line":67,"column":20},"end":{"line":73,"column":5}},"16":{"start":{"line":75,"column":4},"end":{"line":83,"column":7}},"17":{"start":{"line":77,"column":8},"end":{"line":77,"column":73}},"18":{"start":{"line":79,"column":6},"end":{"line":81,"column":7}},"19":{"start":{"line":80,"column":8},"end":{"line":80,"column":20}},"20":{"start":{"line":82,"column":6},"end":{"line":82,"column":27}},"21":{"start":{"line":88,"column":2},"end":{"line":91,"column":4}},"22":{"start":{"line":89,"column":4},"end":{"line":89,"column":25}},"23":{"start":{"line":90,"column":4},"end":{"line":90,"column":27}}},"fnMap":{"0":{"name":"hasSyncUrl","decl":{"start":{"line":37,"column":9},"end":{"line":37,"column":19}},"loc":{"start":{"line":37,"column":31},"end":{"line":39,"column":1}},"line":37},"1":{"name":"safeFlush","decl":{"start":{"line":41,"column":15},"end":{"line":41,"column":24}},"loc":{"start":{"line":41,"column":42},"end":{"line":53,"column":1}},"line":41},"2":{"name":"startSyncScheduler","decl":{"start":{"line":55,"column":16},"end":{"line":55,"column":34}},"loc":{"start":{"line":55,"column":68},"end":{"line":92,"column":1}},"line":55},"3":{"name":"(anonymous_3)","decl":{"start":{"line":57,"column":11},"end":{"line":57,"column":12}},"loc":{"start":{"line":57,"column":17},"end":{"line":57,"column":19}},"line":57},"4":{"name":"(anonymous_4)","decl":{"start":{"line":75,"column":58},"end":{"line":75,"column":59}},"loc":{"start":{"line":75,"column":69},"end":{"line":83,"column":5}},"line":75},"5":{"name":"(anonymous_5)","decl":{"start":{"line":88,"column":9},"end":{"line":88,"column":10}},"loc":{"start":{"line":88,"column":15},"end":{"line":91,"column":3}},"line":88}},"branchMap":{"0":{"loc":{"start":{"line":38,"column":18},"end":{"line":38,"column":53}},"type":"binary-expr","locations":[{"start":{"line":38,"column":18},"end":{"line":38,"column":47}},{"start":{"line":38,"column":51},"end":{"line":38,"column":53}}],"line":38},"1":{"loc":{"start":{"line":42,"column":2},"end":{"line":42,"column":28}},"type":"if","locations":[{"start":{"line":42,"column":2},"end":{"line":42,"column":28}},{"start":{},"end":{}}],"line":42},"2":{"loc":{"start":{"line":47,"column":4},"end":{"line":49,"column":5}},"type":"if","locations":[{"start":{"line":47,"column":4},"end":{"line":49,"column":5}},{"start":{},"end":{}}],"line":47},"3":{"loc":{"start":{"line":55,"column":35},"end":{"line":55,"column":54}},"type":"default-arg","locations":[{"start":{"line":55,"column":48},"end":{"line":55,"column":54}}],"line":55},"4":{"loc":{"start":{"line":56,"column":2},"end":{"line":58,"column":3}},"type":"if","locations":[{"start":{"line":56,"column":2},"end":{"line":58,"column":3}},{"start":{},"end":{}}],"line":56},"5":{"loc":{"start":{"line":77,"column":8},"end":{"line":77,"column":73}},"type":"binary-expr","locations":[{"start":{"line":77,"column":8},"end":{"line":77,"column":34}},{"start":{"line":77,"column":38},"end":{"line":77,"column":73}}],"line":77},"6":{"loc":{"start":{"line":79,"column":6},"end":{"line":81,"column":7}},"type":"if","locations":[{"start":{"line":79,"column":6},"end":{"line":81,"column":7}},{"start":{},"end":{}}],"line":79},"7":{"loc":{"start":{"line":79,"column":10},"end":{"line":79,"column":41}},"type":"binary-expr","locations":[{"start":{"line":79,"column":10},"end":{"line":79,"column":29}},{"start":{"line":79,"column":33},"end":{"line":79,"column":41}}],"line":79}},"s":{"0":1,"1":22,"2":9,"3":0,"4":9,"5":9,"6":9,"7":8,"8":1,"9":1,"10":13,"11":2,"12":11,"13":11,"14":11,"15":11,"16":11,"17":6,"18":6,"19":1,"20":6,"21":11,"22":3,"23":3},"f":{"0":22,"1":9,"2":13,"3":2,"4":6,"5":3},"b":{"0":[22,0],"1":[0,9],"2":[1,7],"3":[1],"4":[2,11],"5":[6,4],"6":[1,5],"7":[6,1]},"_coverageSchema":"1a1c01bbd47fc00a2c39e90264f33305004495a9","hash":"83fb7afb6c871930321b45f36e0ecbb4d719d763"}
,"E:\\DZ_Inspection\\src\\hooks\\useChecklistData.ts": {"path":"E:\\DZ_Inspection\\src\\hooks\\useChecklistData.ts","statementMap":{"0":{"start":{"line":30,"column":24},"end":{"line":30,"column":28}},"1":{"start":{"line":63,"column":17},"end":{"line":63,"column":28}},"2":{"start":{"line":64,"column":21},"end":{"line":64,"column":36}},"3":{"start":{"line":66,"column":26},"end":{"line":66,"column":56}},"4":{"start":{"line":67,"column":36},"end":{"line":67,"column":50}},"5":{"start":{"line":68,"column":42},"end":{"line":68,"column":72}},"6":{"start":{"line":69,"column":40},"end":{"line":69,"column":55}},"7":{"start":{"line":71,"column":20},"end":{"line":71,"column":34}},"8":{"start":{"line":72,"column":2},"end":{"line":72,"column":29}},"9":{"start":{"line":73,"column":23},"end":{"line":73,"column":40}},"10":{"start":{"line":74,"column":2},"end":{"line":74,"column":35}},"11":{"start":{"line":77,"column":2},"end":{"line":104,"column":9}},"12":{"start":{"line":78,"column":17},"end":{"line":102,"column":5}},"13":{"start":{"line":79,"column":16},"end":{"line":79,"column":33}},"14":{"start":{"line":80,"column":6},"end":{"line":100,"column":7}},"15":{"start":{"line":81,"column":22},"end":{"line":81,"column":67}},"16":{"start":{"line":82,"column":8},"end":{"line":85,"column":9}},"17":{"start":{"line":83,"column":10},"end":{"line":83,"column":31}},"18":{"start":{"line":84,"column":10},"end":{"line":84,"column":36}},"19":{"start":{"line":88,"column":10},"end":{"line":90,"column":40}},"20":{"start":{"line":91,"column":24},"end":{"line":97,"column":11}},"21":{"start":{"line":91,"column":46},"end":{"line":97,"column":9}},"22":{"start":{"line":98,"column":8},"end":{"line":98,"column":25}},"23":{"start":{"line":99,"column":8},"end":{"line":99,"column":45}},"24":{"start":{"line":101,"column":6},"end":{"line":101,"column":26}},"25":{"start":{"line":103,"column":4},"end":{"line":103,"column":11}},"26":{"start":{"line":107,"column":25},"end":{"line":162,"column":3}},"27":{"start":{"line":109,"column":16},"end":{"line":109,"column":33}},"28":{"start":{"line":110,"column":18},"end":{"line":110,"column":38}},"29":{"start":{"line":111,"column":6},"end":{"line":159,"column":7}},"30":{"start":{"line":112,"column":25},"end":{"line":112,"column":55}},"31":{"start":{"line":114,"column":44},"end":{"line":139,"column":9}},"32":{"start":{"line":141,"column":8},"end":{"line":151,"column":9}},"33":{"start":{"line":142,"column":25},"end":{"line":142,"column":51}},"34":{"start":{"line":143,"column":10},"end":{"line":143,"column":55}},"35":{"start":{"line":144,"column":10},"end":{"line":144,"column":55}},"36":{"start":{"line":145,"column":10},"end":{"line":145,"column":59}},"37":{"start":{"line":146,"column":10},"end":{"line":146,"column":60}},"38":{"start":{"line":147,"column":10},"end":{"line":147,"column":66}},"39":{"start":{"line":148,"column":10},"end":{"line":148,"column":60}},"40":{"start":{"line":149,"column":10},"end":{"line":149,"column":68}},"41":{"start":{"line":150,"column":10},"end":{"line":150,"column":46}},"42":{"start":{"line":150,"column":19},"end":{"line":150,"column":46}},"43":{"start":{"line":153,"column":8},"end":{"line":153,"column":52}},"44":{"start":{"line":154,"column":8},"end":{"line":154,"column":20}},"45":{"start":{"line":156,"column":8},"end":{"line":156,"column":57}},"46":{"start":{"line":157,"column":8},"end":{"line":157,"column":50}},"47":{"start":{"line":158,"column":8},"end":{"line":158,"column":21}},"48":{"start":{"line":165,"column":2},"end":{"line":173,"column":48}},"49":{"start":{"line":166,"column":24},"end":{"line":171,"column":6}},"50":{"start":{"line":167,"column":6},"end":{"line":167,"column":30}},"51":{"start":{"line":167,"column":23},"end":{"line":167,"column":30}},"52":{"start":{"line":168,"column":6},"end":{"line":168,"column":25}},"53":{"start":{"line":169,"column":6},"end":{"line":169,"column":42}},"54":{"start":{"line":170,"column":6},"end":{"line":170,"column":41}},"55":{"start":{"line":172,"column":4},"end":{"line":172,"column":23}},"56":{"start":{"line":176,"column":29},"end":{"line":180,"column":8}},"57":{"start":{"line":177,"column":4},"end":{"line":179,"column":6}},"58":{"start":{"line":178,"column":6},"end":{"line":178,"column":87}},"59":{"start":{"line":178,"column":24},"end":{"line":178,"column":85}},"60":{"start":{"line":182,"column":30},"end":{"line":186,"column":8}},"61":{"start":{"line":183,"column":4},"end":{"line":185,"column":6}},"62":{"start":{"line":184,"column":6},"end":{"line":184,"column":70}},"63":{"start":{"line":184,"column":24},"end":{"line":184,"column":68}},"64":{"start":{"line":188,"column":26},"end":{"line":203,"column":8}},"65":{"start":{"line":189,"column":4},"end":{"line":202,"column":6}},"66":{"start":{"line":190,"column":6},"end":{"line":201,"column":8}},"67":{"start":{"line":191,"column":8},"end":{"line":191,"column":40}},"68":{"start":{"line":191,"column":28},"end":{"line":191,"column":40}},"69":{"start":{"line":192,"column":8},"end":{"line":194,"column":9}},"70":{"start":{"line":193,"column":10},"end":{"line":193,"column":62}},"71":{"start":{"line":195,"column":31},"end":{"line":195,"column":84}},"72":{"start":{"line":196,"column":8},"end":{"line":200,"column":10}},"73":{"start":{"line":212,"column":30},"end":{"line":237,"column":3}},"74":{"start":{"line":214,"column":6},"end":{"line":234,"column":8}},"75":{"start":{"line":215,"column":8},"end":{"line":233,"column":10}},"76":{"start":{"line":216,"column":10},"end":{"line":216,"column":42}},"77":{"start":{"line":216,"column":30},"end":{"line":216,"column":42}},"78":{"start":{"line":218,"column":51},"end":{"line":221,"column":11}},"79":{"start":{"line":224,"column":10},"end":{"line":230,"column":11}},"80":{"start":{"line":225,"column":29},"end":{"line":225,"column":78}},"81":{"start":{"line":226,"column":29},"end":{"line":226,"column":69}},"82":{"start":{"line":227,"column":12},"end":{"line":229,"column":13}},"83":{"start":{"line":228,"column":14},"end":{"line":228,"column":49}},"84":{"start":{"line":232,"column":10},"end":{"line":232,"column":41}},"85":{"start":{"line":240,"column":23},"end":{"line":295,"column":50}},"86":{"start":{"line":241,"column":23},"end":{"line":241,"column":74}},"87":{"start":{"line":241,"column":43},"end":{"line":241,"column":73}},"88":{"start":{"line":242,"column":23},"end":{"line":244,"column":5}},"89":{"start":{"line":243,"column":14},"end":{"line":243,"column":55}},"90":{"start":{"line":246,"column":6},"end":{"line":246,"column":70}},"91":{"start":{"line":248,"column":4},"end":{"line":256,"column":5}},"92":{"start":{"line":249,"column":24},"end":{"line":249,"column":60}},"93":{"start":{"line":250,"column":6},"end":{"line":254,"column":8}},"94":{"start":{"line":255,"column":6},"end":{"line":255,"column":13}},"95":{"start":{"line":258,"column":25},"end":{"line":264,"column":5}},"96":{"start":{"line":260,"column":8},"end":{"line":263,"column":22}},"97":{"start":{"line":266,"column":4},"end":{"line":273,"column":5}},"98":{"start":{"line":267,"column":6},"end":{"line":271,"column":8}},"99":{"start":{"line":272,"column":6},"end":{"line":272,"column":13}},"100":{"start":{"line":275,"column":4},"end":{"line":275,"column":25}},"101":{"start":{"line":276,"column":18},"end":{"line":276,"column":51}},"102":{"start":{"line":277,"column":4},"end":{"line":280,"column":5}},"103":{"start":{"line":278,"column":6},"end":{"line":278,"column":28}},"104":{"start":{"line":279,"column":6},"end":{"line":279,"column":13}},"105":{"start":{"line":282,"column":21},"end":{"line":282,"column":47}},"106":{"start":{"line":283,"column":4},"end":{"line":292,"column":5}},"107":{"start":{"line":284,"column":6},"end":{"line":288,"column":7}},"108":{"start":{"line":285,"column":8},"end":{"line":285,"column":76}},"109":{"start":{"line":287,"column":8},"end":{"line":287,"column":51}},"110":{"start":{"line":289,"column":6},"end":{"line":289,"column":66}},"111":{"start":{"line":291,"column":6},"end":{"line":291,"column":50}},"112":{"start":{"line":294,"column":4},"end":{"line":294,"column":41}},"113":{"start":{"line":298,"column":26},"end":{"line":298,"column":66}},"114":{"start":{"line":298,"column":40},"end":{"line":298,"column":57}},"115":{"start":{"line":299,"column":26},"end":{"line":299,"column":60}},"116":{"start":{"line":299,"column":40},"end":{"line":299,"column":51}},"117":{"start":{"line":300,"column":26},"end":{"line":300,"column":72}},"118":{"start":{"line":300,"column":40},"end":{"line":300,"column":63}},"119":{"start":{"line":301,"column":26},"end":{"line":304,"column":3}},"120":{"start":{"line":302,"column":11},"end":{"line":302,"column":67}},"121":{"start":{"line":306,"column":2},"end":{"line":318,"column":4}}},"fnMap":{"0":{"name":"useChecklistData","decl":{"start":{"line":62,"column":16},"end":{"line":62,"column":32}},"loc":{"start":{"line":62,"column":78},"end":{"line":319,"column":1}},"line":62},"1":{"name":"(anonymous_1)","decl":{"start":{"line":77,"column":12},"end":{"line":77,"column":13}},"loc":{"start":{"line":77,"column":18},"end":{"line":104,"column":3}},"line":77},"2":{"name":"(anonymous_2)","decl":{"start":{"line":78,"column":17},"end":{"line":78,"column":18}},"loc":{"start":{"line":78,"column":29},"end":{"line":102,"column":5}},"line":78},"3":{"name":"(anonymous_3)","decl":{"start":{"line":91,"column":37},"end":{"line":91,"column":38}},"loc":{"start":{"line":91,"column":46},"end":{"line":97,"column":9}},"line":91},"4":{"name":"(anonymous_4)","decl":{"start":{"line":108,"column":4},"end":{"line":108,"column":5}},"loc":{"start":{"line":108,"column":51},"end":{"line":160,"column":5}},"line":108},"5":{"name":"(anonymous_5)","decl":{"start":{"line":165,"column":12},"end":{"line":165,"column":13}},"loc":{"start":{"line":165,"column":18},"end":{"line":173,"column":3}},"line":165},"6":{"name":"(anonymous_6)","decl":{"start":{"line":166,"column":63},"end":{"line":166,"column":64}},"loc":{"start":{"line":166,"column":81},"end":{"line":171,"column":5}},"line":166},"7":{"name":"(anonymous_7)","decl":{"start":{"line":176,"column":41},"end":{"line":176,"column":42}},"loc":{"start":{"line":176,"column":83},"end":{"line":180,"column":3}},"line":176},"8":{"name":"(anonymous_8)","decl":{"start":{"line":177,"column":12},"end":{"line":177,"column":13}},"loc":{"start":{"line":178,"column":6},"end":{"line":178,"column":87}},"line":178},"9":{"name":"(anonymous_9)","decl":{"start":{"line":178,"column":15},"end":{"line":178,"column":16}},"loc":{"start":{"line":178,"column":24},"end":{"line":178,"column":85}},"line":178},"10":{"name":"(anonymous_10)","decl":{"start":{"line":182,"column":42},"end":{"line":182,"column":43}},"loc":{"start":{"line":182,"column":75},"end":{"line":186,"column":3}},"line":182},"11":{"name":"(anonymous_11)","decl":{"start":{"line":183,"column":12},"end":{"line":183,"column":13}},"loc":{"start":{"line":184,"column":6},"end":{"line":184,"column":70}},"line":184},"12":{"name":"(anonymous_12)","decl":{"start":{"line":184,"column":15},"end":{"line":184,"column":16}},"loc":{"start":{"line":184,"column":24},"end":{"line":184,"column":68}},"line":184},"13":{"name":"(anonymous_13)","decl":{"start":{"line":188,"column":38},"end":{"line":188,"column":39}},"loc":{"start":{"line":188,"column":79},"end":{"line":203,"column":3}},"line":188},"14":{"name":"(anonymous_14)","decl":{"start":{"line":189,"column":12},"end":{"line":189,"column":13}},"loc":{"start":{"line":190,"column":6},"end":{"line":201,"column":8}},"line":190},"15":{"name":"(anonymous_15)","decl":{"start":{"line":190,"column":15},"end":{"line":190,"column":16}},"loc":{"start":{"line":190,"column":23},"end":{"line":201,"column":7}},"line":190},"16":{"name":"(anonymous_16)","decl":{"start":{"line":213,"column":4},"end":{"line":213,"column":5}},"loc":{"start":{"line":213,"column":47},"end":{"line":235,"column":5}},"line":213},"17":{"name":"(anonymous_17)","decl":{"start":{"line":214,"column":14},"end":{"line":214,"column":15}},"loc":{"start":{"line":215,"column":8},"end":{"line":233,"column":10}},"line":215},"18":{"name":"(anonymous_18)","decl":{"start":{"line":215,"column":17},"end":{"line":215,"column":18}},"loc":{"start":{"line":215,"column":25},"end":{"line":233,"column":9}},"line":215},"19":{"name":"(anonymous_19)","decl":{"start":{"line":240,"column":35},"end":{"line":240,"column":36}},"loc":{"start":{"line":240,"column":47},"end":{"line":295,"column":3}},"line":240},"20":{"name":"(anonymous_20)","decl":{"start":{"line":241,"column":35},"end":{"line":241,"column":36}},"loc":{"start":{"line":241,"column":43},"end":{"line":241,"column":73}},"line":241},"21":{"name":"(anonymous_21)","decl":{"start":{"line":243,"column":6},"end":{"line":243,"column":7}},"loc":{"start":{"line":243,"column":14},"end":{"line":243,"column":55}},"line":243},"22":{"name":"(anonymous_22)","decl":{"start":{"line":259,"column":6},"end":{"line":259,"column":7}},"loc":{"start":{"line":260,"column":8},"end":{"line":263,"column":22}},"line":260},"23":{"name":"(anonymous_23)","decl":{"start":{"line":298,"column":34},"end":{"line":298,"column":35}},"loc":{"start":{"line":298,"column":40},"end":{"line":298,"column":57}},"line":298},"24":{"name":"(anonymous_24)","decl":{"start":{"line":299,"column":34},"end":{"line":299,"column":35}},"loc":{"start":{"line":299,"column":40},"end":{"line":299,"column":51}},"line":299},"25":{"name":"(anonymous_25)","decl":{"start":{"line":300,"column":34},"end":{"line":300,"column":35}},"loc":{"start":{"line":300,"column":40},"end":{"line":300,"column":63}},"line":300},"26":{"name":"(anonymous_26)","decl":{"start":{"line":302,"column":4},"end":{"line":302,"column":5}},"loc":{"start":{"line":302,"column":11},"end":{"line":302,"column":67}},"line":302}},"branchMap":{"0":{"loc":{"start":{"line":68,"column":51},"end":{"line":68,"column":71}},"type":"binary-expr","locations":[{"start":{"line":68,"column":51},"end":{"line":68,"column":65}},{"start":{"line":68,"column":69},"end":{"line":68,"column":71}}],"line":68},"1":{"loc":{"start":{"line":80,"column":6},"end":{"line":100,"column":7}},"type":"if","locations":[{"start":{"line":80,"column":6},"end":{"line":100,"column":7}},{"start":{"line":86,"column":13},"end":{"line":100,"column":7}}],"line":80},"2":{"loc":{"start":{"line":82,"column":8},"end":{"line":85,"column":9}},"type":"if","locations":[{"start":{"line":82,"column":8},"end":{"line":85,"column":9}},{"start":{},"end":{}}],"line":82},"3":{"loc":{"start":{"line":88,"column":10},"end":{"line":90,"column":40}},"type":"cond-expr","locations":[{"start":{"line":89,"column":14},"end":{"line":89,"column":44}},{"start":{"line":90,"column":14},"end":{"line":90,"column":40}}],"line":88},"4":{"loc":{"start":{"line":88,"column":10},"end":{"line":88,"column":54}},"type":"binary-expr","locations":[{"start":{"line":88,"column":10},"end":{"line":88,"column":20}},{"start":{"line":88,"column":24},"end":{"line":88,"column":54}}],"line":88},"5":{"loc":{"start":{"line":120,"column":28},"end":{"line":120,"column":74}},"type":"binary-expr","locations":[{"start":{"line":120,"column":28},"end":{"line":120,"column":36}},{"start":{"line":120,"column":40},"end":{"line":120,"column":62}},{"start":{"line":120,"column":66},"end":{"line":120,"column":74}}],"line":120},"6":{"loc":{"start":{"line":128,"column":12},"end":{"line":130,"column":25}},"type":"cond-expr","locations":[{"start":{"line":129,"column":16},"end":{"line":129,"column":53}},{"start":{"line":130,"column":16},"end":{"line":130,"column":25}}],"line":128},"7":{"loc":{"start":{"line":128,"column":12},"end":{"line":128,"column":26}},"type":"binary-expr","locations":[{"start":{"line":128,"column":12},"end":{"line":128,"column":17}},{"start":{"line":128,"column":21},"end":{"line":128,"column":26}}],"line":128},"8":{"loc":{"start":{"line":132,"column":30},"end":{"line":132,"column":59}},"type":"binary-expr","locations":[{"start":{"line":132,"column":30},"end":{"line":132,"column":46}},{"start":{"line":132,"column":50},"end":{"line":132,"column":59}}],"line":132},"9":{"loc":{"start":{"line":135,"column":30},"end":{"line":135,"column":59}},"type":"binary-expr","locations":[{"start":{"line":135,"column":30},"end":{"line":135,"column":50}},{"start":{"line":135,"column":54},"end":{"line":135,"column":59}}],"line":135},"10":{"loc":{"start":{"line":136,"column":30},"end":{"line":136,"column":59}},"type":"binary-expr","locations":[{"start":{"line":136,"column":30},"end":{"line":136,"column":50}},{"start":{"line":136,"column":54},"end":{"line":136,"column":59}}],"line":136},"11":{"loc":{"start":{"line":138,"column":36},"end":{"line":138,"column":75}},"type":"binary-expr","locations":[{"start":{"line":138,"column":36},"end":{"line":138,"column":62}},{"start":{"line":138,"column":66},"end":{"line":138,"column":75}}],"line":138},"12":{"loc":{"start":{"line":141,"column":8},"end":{"line":151,"column":9}},"type":"if","locations":[{"start":{"line":141,"column":8},"end":{"line":151,"column":9}},{"start":{},"end":{}}],"line":141},"13":{"loc":{"start":{"line":150,"column":10},"end":{"line":150,"column":46}},"type":"if","locations":[{"start":{"line":150,"column":10},"end":{"line":150,"column":46}},{"start":{},"end":{}}],"line":150},"14":{"loc":{"start":{"line":167,"column":6},"end":{"line":167,"column":30}},"type":"if","locations":[{"start":{"line":167,"column":6},"end":{"line":167,"column":30}},{"start":{},"end":{}}],"line":167},"15":{"loc":{"start":{"line":178,"column":24},"end":{"line":178,"column":85}},"type":"cond-expr","locations":[{"start":{"line":178,"column":41},"end":{"line":178,"column":78}},{"start":{"line":178,"column":81},"end":{"line":178,"column":85}}],"line":178},"16":{"loc":{"start":{"line":184,"column":24},"end":{"line":184,"column":68}},"type":"cond-expr","locations":[{"start":{"line":184,"column":41},"end":{"line":184,"column":61}},{"start":{"line":184,"column":64},"end":{"line":184,"column":68}}],"line":184},"17":{"loc":{"start":{"line":191,"column":8},"end":{"line":191,"column":40}},"type":"if","locations":[{"start":{"line":191,"column":8},"end":{"line":191,"column":40}},{"start":{},"end":{}}],"line":191},"18":{"loc":{"start":{"line":192,"column":8},"end":{"line":194,"column":9}},"type":"if","locations":[{"start":{"line":192,"column":8},"end":{"line":194,"column":9}},{"start":{},"end":{}}],"line":192},"19":{"loc":{"start":{"line":195,"column":31},"end":{"line":195,"column":84}},"type":"binary-expr","locations":[{"start":{"line":195,"column":31},"end":{"line":195,"column":42}},{"start":{"line":195,"column":47},"end":{"line":195,"column":83}}],"line":195},"20":{"loc":{"start":{"line":195,"column":47},"end":{"line":195,"column":83}},"type":"cond-expr","locations":[{"start":{"line":195,"column":63},"end":{"line":195,"column":78}},{"start":{"line":195,"column":81},"end":{"line":195,"column":83}}],"line":195},"21":{"loc":{"start":{"line":198,"column":20},"end":{"line":198,"column":40}},"type":"binary-expr","locations":[{"start":{"line":198,"column":20},"end":{"line":198,"column":33}},{"start":{"line":198,"column":37},"end":{"line":198,"column":40}}],"line":198},"22":{"loc":{"start":{"line":216,"column":10},"end":{"line":216,"column":42}},"type":"if","locations":[{"start":{"line":216,"column":10},"end":{"line":216,"column":42}},{"start":{},"end":{}}],"line":216},"23":{"loc":{"start":{"line":220,"column":25},"end":{"line":220,"column":68}},"type":"binary-expr","locations":[{"start":{"line":220,"column":25},"end":{"line":220,"column":48}},{"start":{"line":220,"column":52},"end":{"line":220,"column":68}}],"line":220},"24":{"loc":{"start":{"line":224,"column":10},"end":{"line":230,"column":11}},"type":"if","locations":[{"start":{"line":224,"column":10},"end":{"line":230,"column":11}},{"start":{},"end":{}}],"line":224},"25":{"loc":{"start":{"line":224,"column":14},"end":{"line":224,"column":54}},"type":"binary-expr","locations":[{"start":{"line":224,"column":14},"end":{"line":224,"column":31}},{"start":{"line":224,"column":35},"end":{"line":224,"column":54}}],"line":224},"26":{"loc":{"start":{"line":227,"column":12},"end":{"line":229,"column":13}},"type":"if","locations":[{"start":{"line":227,"column":12},"end":{"line":229,"column":13}},{"start":{},"end":{}}],"line":227},"27":{"loc":{"start":{"line":246,"column":6},"end":{"line":246,"column":70}},"type":"cond-expr","locations":[{"start":{"line":246,"column":30},"end":{"line":246,"column":66}},{"start":{"line":246,"column":69},"end":{"line":246,"column":70}}],"line":246},"28":{"loc":{"start":{"line":248,"column":4},"end":{"line":256,"column":5}},"type":"if","locations":[{"start":{"line":248,"column":4},"end":{"line":256,"column":5}},{"start":{},"end":{}}],"line":248},"29":{"loc":{"start":{"line":260,"column":8},"end":{"line":263,"column":22}},"type":"binary-expr","locations":[{"start":{"line":260,"column":8},"end":{"line":260,"column":32}},{"start":{"line":261,"column":8},"end":{"line":261,"column":49}},{"start":{"line":262,"column":8},"end":{"line":262,"column":30}},{"start":{"line":263,"column":8},"end":{"line":263,"column":22}}],"line":260},"30":{"loc":{"start":{"line":266,"column":4},"end":{"line":273,"column":5}},"type":"if","locations":[{"start":{"line":266,"column":4},"end":{"line":273,"column":5}},{"start":{},"end":{}}],"line":266},"31":{"loc":{"start":{"line":277,"column":4},"end":{"line":280,"column":5}},"type":"if","locations":[{"start":{"line":277,"column":4},"end":{"line":280,"column":5}},{"start":{},"end":{}}],"line":277},"32":{"loc":{"start":{"line":283,"column":4},"end":{"line":292,"column":5}},"type":"if","locations":[{"start":{"line":283,"column":4},"end":{"line":292,"column":5}},{"start":{"line":290,"column":11},"end":{"line":292,"column":5}}],"line":283},"33":{"loc":{"start":{"line":302,"column":11},"end":{"line":302,"column":67}},"type":"cond-expr","locations":[{"start":{"line":302,"column":28},"end":{"line":302,"column":63}},{"start":{"line":302,"column":66},"end":{"line":302,"column":67}}],"line":302}},"s":{"0":1,"1":167,"2":167,"3":167,"4":167,"5":167,"6":167,"7":167,"8":167,"9":167,"10":167,"11":167,"12":50,"13":50,"14":50,"15":8,"16":8,"17":7,"18":7,"19":42,"20":42,"21":124,"22":42,"23":42,"24":50,"25":50,"26":167,"27":27,"28":27,"29":27,"30":27,"31":27,"32":27,"33":25,"34":25,"35":25,"36":25,"37":25,"38":25,"39":25,"40":25,"41":25,"42":1,"43":27,"44":25,"45":2,"46":2,"47":2,"48":167,"49":165,"50":3,"51":1,"52":2,"53":2,"54":2,"55":165,"56":167,"57":81,"58":81,"59":243,"60":167,"61":1,"62":1,"63":3,"64":167,"65":7,"66":7,"67":19,"68":12,"69":7,"70":1,"71":6,"72":6,"73":167,"74":5,"75":5,"76":9,"77":4,"78":5,"79":5,"80":1,"81":1,"82":1,"83":1,"84":5,"85":167,"86":27,"87":79,"88":27,"89":77,"90":27,"91":27,"92":1,"93":1,"94":1,"95":26,"96":76,"97":26,"98":1,"99":1,"100":25,"101":25,"102":25,"103":2,"104":2,"105":23,"106":23,"107":2,"108":2,"109":1,"110":2,"111":21,"112":23,"113":167,"114":141,"115":167,"116":141,"117":167,"118":141,"119":167,"120":130,"121":167},"f":{"0":167,"1":50,"2":50,"3":124,"4":27,"5":165,"6":3,"7":81,"8":81,"9":243,"10":1,"11":1,"12":3,"13":7,"14":7,"15":19,"16":5,"17":5,"18":9,"19":27,"20":79,"21":77,"22":76,"23":141,"24":141,"25":141,"26":130},"b":{"0":[167,145],"1":[8,42],"2":[7,1],"3":[1,41],"4":[42,2],"5":[27,2,1],"6":[1,26],"7":[27,1],"8":[27,25],"9":[27,26],"10":[27,26],"11":[27,26],"12":[25,2],"13":[1,24],"14":[1,2],"15":[81,162],"16":[1,2],"17":[12,7],"18":[1,6],"19":[6,1],"20":[1,0],"21":[6,4],"22":[4,5],"23":[5,3],"24":[1,4],"25":[5,2],"26":[1,0],"27":[26,1],"28":[1,26],"29":[76,26,3,2],"30":[1,25],"31":[2,23],"32":[2,21],"33":[80,50]},"_coverageSchema":"1a1c01bbd47fc00a2c39e90264f33305004495a9","hash":"b38d7f31e8c9927b11ceba29c30369d967f52d5c"}
,"E:\\DZ_Inspection\\src\\hooks\\useCollapsibleSections.ts": {"path":"E:\\DZ_Inspection\\src\\hooks\\useCollapsibleSections.ts","statementMap":{"0":{"start":{"line":7,"column":36},"end":{"line":9,"column":3}},"1":{"start":{"line":8,"column":4},"end":{"line":8,"column":58}},"2":{"start":{"line":8,"column":46},"end":{"line":8,"column":56}},"3":{"start":{"line":11,"column":20},"end":{"line":11,"column":44}},"4":{"start":{"line":12,"column":20},"end":{"line":12,"column":41}},"5":{"start":{"line":13,"column":2},"end":{"line":13,"column":36}},"6":{"start":{"line":15,"column":2},"end":{"line":27,"column":18}},"7":{"start":{"line":16,"column":4},"end":{"line":26,"column":7}},"8":{"start":{"line":17,"column":19},"end":{"line":17,"column":30}},"9":{"start":{"line":18,"column":20},"end":{"line":18,"column":25}},"10":{"start":{"line":19,"column":6},"end":{"line":24,"column":7}},"11":{"start":{"line":20,"column":8},"end":{"line":23,"column":9}},"12":{"start":{"line":21,"column":10},"end":{"line":21,"column":30}},"13":{"start":{"line":22,"column":10},"end":{"line":22,"column":25}},"14":{"start":{"line":25,"column":6},"end":{"line":25,"column":35}},"15":{"start":{"line":29,"column":24},"end":{"line":31,"column":8}},"16":{"start":{"line":30,"column":4},"end":{"line":30,"column":63}},"17":{"start":{"line":30,"column":26},"end":{"line":30,"column":60}},"18":{"start":{"line":33,"column":22},"end":{"line":36,"column":3}},"19":{"start":{"line":34,"column":23},"end":{"line":34,"column":48}},"20":{"start":{"line":38,"column":29},"end":{"line":44,"column":3}},"21":{"start":{"line":40,"column":24},"end":{"line":40,"column":88}},"22":{"start":{"line":40,"column":42},"end":{"line":40,"column":80}},"23":{"start":{"line":41,"column":6},"end":{"line":41,"column":44}},"24":{"start":{"line":46,"column":2},"end":{"line":46,"column":71}}},"fnMap":{"0":{"name":"useCollapsibleSections","decl":{"start":{"line":4,"column":16},"end":{"line":4,"column":38}},"loc":{"start":{"line":4,"column":64},"end":{"line":47,"column":1}},"line":4},"1":{"name":"(anonymous_1)","decl":{"start":{"line":7,"column":70},"end":{"line":7,"column":71}},"loc":{"start":{"line":8,"column":4},"end":{"line":8,"column":58}},"line":8},"2":{"name":"(anonymous_2)","decl":{"start":{"line":8,"column":41},"end":{"line":8,"column":42}},"loc":{"start":{"line":8,"column":46},"end":{"line":8,"column":56}},"line":8},"3":{"name":"(anonymous_3)","decl":{"start":{"line":15,"column":12},"end":{"line":15,"column":13}},"loc":{"start":{"line":15,"column":18},"end":{"line":27,"column":3}},"line":15},"4":{"name":"(anonymous_4)","decl":{"start":{"line":16,"column":17},"end":{"line":16,"column":18}},"loc":{"start":{"line":16,"column":25},"end":{"line":26,"column":5}},"line":16},"5":{"name":"(anonymous_5)","decl":{"start":{"line":29,"column":36},"end":{"line":29,"column":37}},"loc":{"start":{"line":29,"column":55},"end":{"line":31,"column":3}},"line":29},"6":{"name":"(anonymous_6)","decl":{"start":{"line":30,"column":17},"end":{"line":30,"column":18}},"loc":{"start":{"line":30,"column":26},"end":{"line":30,"column":60}},"line":30},"7":{"name":"(anonymous_7)","decl":{"start":{"line":34,"column":4},"end":{"line":34,"column":5}},"loc":{"start":{"line":34,"column":23},"end":{"line":34,"column":48}},"line":34},"8":{"name":"(anonymous_8)","decl":{"start":{"line":39,"column":4},"end":{"line":39,"column":5}},"loc":{"start":{"line":39,"column":47},"end":{"line":42,"column":5}},"line":39},"9":{"name":"(anonymous_9)","decl":{"start":{"line":40,"column":37},"end":{"line":40,"column":38}},"loc":{"start":{"line":40,"column":42},"end":{"line":40,"column":80}},"line":40}},"branchMap":{"0":{"loc":{"start":{"line":20,"column":8},"end":{"line":23,"column":9}},"type":"if","locations":[{"start":{"line":20,"column":8},"end":{"line":23,"column":9}},{"start":{},"end":{}}],"line":20},"1":{"loc":{"start":{"line":25,"column":13},"end":{"line":25,"column":34}},"type":"cond-expr","locations":[{"start":{"line":25,"column":23},"end":{"line":25,"column":27}},{"start":{"line":25,"column":30},"end":{"line":25,"column":34}}],"line":25},"2":{"loc":{"start":{"line":34,"column":23},"end":{"line":34,"column":48}},"type":"binary-expr","locations":[{"start":{"line":34,"column":23},"end":{"line":34,"column":39}},{"start":{"line":34,"column":43},"end":{"line":34,"column":48}}],"line":34}},"s":{"0":31,"1":16,"2":20,"3":31,"4":31,"5":31,"6":31,"7":19,"8":19,"9":19,"10":19,"11":28,"12":3,"13":3,"14":19,"15":31,"16":9,"17":9,"18":31,"19":12,"20":31,"21":3,"22":6,"23":3,"24":31},"f":{"0":31,"1":16,"2":20,"3":19,"4":19,"5":9,"6":9,"7":12,"8":3,"9":6},"b":{"0":[3,25],"1":[3,16],"2":[12,2]},"_coverageSchema":"1a1c01bbd47fc00a2c39e90264f33305004495a9","hash":"a3e7b570414cc2d2dadccdef5d591f493127f7e8"}
,"E:\\DZ_Inspection\\src\\hooks\\useHomeData.ts": {"path":"E:\\DZ_Inspection\\src\\hooks\\useHomeData.ts","statementMap":{"0":{"start":{"line":7,"column":24},"end":{"line":20,"column":1}},"1":{"start":{"line":23,"column":26},"end":{"line":23,"column":51}},"2":{"start":{"line":25,"column":2},"end":{"line":36,"column":4}},"3":{"start":{"line":27,"column":21},"end":{"line":27,"column":25}},"4":{"start":{"line":28,"column":6},"end":{"line":33,"column":11}},"5":{"start":{"line":29,"column":26},"end":{"line":29,"column":56}},"6":{"start":{"line":29,"column":40},"end":{"line":29,"column":56}},"7":{"start":{"line":31,"column":10},"end":{"line":31,"column":54}},"8":{"start":{"line":32,"column":10},"end":{"line":32,"column":39}},"9":{"start":{"line":32,"column":24},"end":{"line":32,"column":39}},"10":{"start":{"line":34,"column":6},"end":{"line":34,"column":41}},"11":{"start":{"line":34,"column":21},"end":{"line":34,"column":38}},"12":{"start":{"line":38,"column":31},"end":{"line":42,"column":3}},"13":{"start":{"line":40,"column":6},"end":{"line":40,"column":45}},"14":{"start":{"line":44,"column":2},"end":{"line":44,"column":43}}},"fnMap":{"0":{"name":"useHomeData","decl":{"start":{"line":22,"column":16},"end":{"line":22,"column":27}},"loc":{"start":{"line":22,"column":30},"end":{"line":45,"column":1}},"line":22},"1":{"name":"(anonymous_1)","decl":{"start":{"line":26,"column":16},"end":{"line":26,"column":17}},"loc":{"start":{"line":26,"column":22},"end":{"line":35,"column":5}},"line":26},"2":{"name":"(anonymous_2)","decl":{"start":{"line":29,"column":14},"end":{"line":29,"column":15}},"loc":{"start":{"line":29,"column":24},"end":{"line":29,"column":58}},"line":29},"3":{"name":"(anonymous_3)","decl":{"start":{"line":30,"column":15},"end":{"line":30,"column":16}},"loc":{"start":{"line":30,"column":20},"end":{"line":33,"column":9}},"line":30},"4":{"name":"(anonymous_4)","decl":{"start":{"line":34,"column":13},"end":{"line":34,"column":14}},"loc":{"start":{"line":34,"column":19},"end":{"line":34,"column":40}},"line":34},"5":{"name":"(anonymous_5)","decl":{"start":{"line":39,"column":4},"end":{"line":39,"column":5}},"loc":{"start":{"line":40,"column":6},"end":{"line":40,"column":45}},"line":40}},"branchMap":{"0":{"loc":{"start":{"line":29,"column":26},"end":{"line":29,"column":56}},"type":"if","locations":[{"start":{"line":29,"column":26},"end":{"line":29,"column":56}},{"start":{},"end":{}}],"line":29},"1":{"loc":{"start":{"line":32,"column":10},"end":{"line":32,"column":39}},"type":"if","locations":[{"start":{"line":32,"column":10},"end":{"line":32,"column":39}},{"start":{},"end":{}}],"line":32}},"s":{"0":2,"1":25,"2":25,"3":22,"4":22,"5":17,"6":16,"7":3,"8":3,"9":2,"10":22,"11":7,"12":25,"13":5,"14":25},"f":{"0":25,"1":22,"2":17,"3":3,"4":7,"5":5},"b":{"0":[16,1],"1":[2,1]},"_coverageSchema":"1a1c01bbd47fc00a2c39e90264f33305004495a9","hash":"12a7f5101541c66851608e71ce95ac911e7a9df0"}
,"E:\\DZ_Inspection\\src\\hooks\\useInspectionList.ts": {"path":"E:\\DZ_Inspection\\src\\hooks\\useInspectionList.ts","statementMap":{"0":{"start":{"line":9,"column":40},"end":{"line":9,"column":71}},"1":{"start":{"line":10,"column":42},"end":{"line":10,"column":54}},"2":{"start":{"line":11,"column":42},"end":{"line":11,"column":94}},"3":{"start":{"line":13,"column":2},"end":{"line":27,"column":4}},"4":{"start":{"line":15,"column":21},"end":{"line":15,"column":25}},"5":{"start":{"line":16,"column":18},"end":{"line":23,"column":7}},"6":{"start":{"line":17,"column":8},"end":{"line":22,"column":9}},"7":{"start":{"line":18,"column":22},"end":{"line":18,"column":57}},"8":{"start":{"line":19,"column":10},"end":{"line":19,"column":44}},"9":{"start":{"line":19,"column":24},"end":{"line":19,"column":44}},"10":{"start":{"line":21,"column":10},"end":{"line":21,"column":60}},"11":{"start":{"line":24,"column":6},"end":{"line":24,"column":12}},"12":{"start":{"line":25,"column":6},"end":{"line":25,"column":41}},"13":{"start":{"line":25,"column":21},"end":{"line":25,"column":38}},"14":{"start":{"line":29,"column":27},"end":{"line":44,"column":8}},"15":{"start":{"line":30,"column":4},"end":{"line":43,"column":7}},"16":{"start":{"line":35,"column":10},"end":{"line":40,"column":11}},"17":{"start":{"line":36,"column":12},"end":{"line":36,"column":50}},"18":{"start":{"line":37,"column":12},"end":{"line":37,"column":66}},"19":{"start":{"line":37,"column":35},"end":{"line":37,"column":64}},"20":{"start":{"line":37,"column":52},"end":{"line":37,"column":63}},"21":{"start":{"line":39,"column":12},"end":{"line":39,"column":46}},"22":{"start":{"line":46,"column":19},"end":{"line":58,"column":46}},"23":{"start":{"line":47,"column":4},"end":{"line":57,"column":79}},"24":{"start":{"line":48,"column":19},"end":{"line":48,"column":70}},"25":{"start":{"line":50,"column":8},"end":{"line":50,"column":38}},"26":{"start":{"line":50,"column":26},"end":{"line":50,"column":38}},"27":{"start":{"line":51,"column":18},"end":{"line":51,"column":43}},"28":{"start":{"line":52,"column":8},"end":{"line":55,"column":10}},"29":{"start":{"line":57,"column":22},"end":{"line":57,"column":77}},"30":{"start":{"line":60,"column":2},"end":{"line":64,"column":4}}},"fnMap":{"0":{"name":"useInspectionList","decl":{"start":{"line":8,"column":16},"end":{"line":8,"column":33}},"loc":{"start":{"line":8,"column":36},"end":{"line":65,"column":1}},"line":8},"1":{"name":"(anonymous_1)","decl":{"start":{"line":14,"column":16},"end":{"line":14,"column":17}},"loc":{"start":{"line":14,"column":22},"end":{"line":26,"column":5}},"line":14},"2":{"name":"(anonymous_2)","decl":{"start":{"line":16,"column":18},"end":{"line":16,"column":19}},"loc":{"start":{"line":16,"column":30},"end":{"line":23,"column":7}},"line":16},"3":{"name":"(anonymous_3)","decl":{"start":{"line":25,"column":13},"end":{"line":25,"column":14}},"loc":{"start":{"line":25,"column":19},"end":{"line":25,"column":40}},"line":25},"4":{"name":"(anonymous_4)","decl":{"start":{"line":29,"column":39},"end":{"line":29,"column":40}},"loc":{"start":{"line":29,"column":61},"end":{"line":44,"column":3}},"line":29},"5":{"name":"(anonymous_5)","decl":{"start":{"line":34,"column":17},"end":{"line":34,"column":18}},"loc":{"start":{"line":34,"column":29},"end":{"line":41,"column":9}},"line":34},"6":{"name":"(anonymous_6)","decl":{"start":{"line":37,"column":27},"end":{"line":37,"column":28}},"loc":{"start":{"line":37,"column":35},"end":{"line":37,"column":64}},"line":37},"7":{"name":"(anonymous_7)","decl":{"start":{"line":37,"column":47},"end":{"line":37,"column":48}},"loc":{"start":{"line":37,"column":52},"end":{"line":37,"column":63}},"line":37},"8":{"name":"(anonymous_8)","decl":{"start":{"line":46,"column":27},"end":{"line":46,"column":28}},"loc":{"start":{"line":46,"column":33},"end":{"line":58,"column":3}},"line":46},"9":{"name":"(anonymous_9)","decl":{"start":{"line":48,"column":14},"end":{"line":48,"column":15}},"loc":{"start":{"line":48,"column":19},"end":{"line":48,"column":70}},"line":48},"10":{"name":"(anonymous_10)","decl":{"start":{"line":49,"column":14},"end":{"line":49,"column":15}},"loc":{"start":{"line":49,"column":19},"end":{"line":56,"column":7}},"line":49},"11":{"name":"(anonymous_11)","decl":{"start":{"line":57,"column":12},"end":{"line":57,"column":13}},"loc":{"start":{"line":57,"column":22},"end":{"line":57,"column":77}},"line":57}},"branchMap":{"0":{"loc":{"start":{"line":19,"column":10},"end":{"line":19,"column":44}},"type":"if","locations":[{"start":{"line":19,"column":10},"end":{"line":19,"column":44}},{"start":{},"end":{}}],"line":19},"1":{"loc":{"start":{"line":48,"column":19},"end":{"line":48,"column":70}},"type":"binary-expr","locations":[{"start":{"line":48,"column":19},"end":{"line":48,"column":41}},{"start":{"line":48,"column":45},"end":{"line":48,"column":70}}],"line":48},"2":{"loc":{"start":{"line":50,"column":8},"end":{"line":50,"column":38}},"type":"if","locations":[{"start":{"line":50,"column":8},"end":{"line":50,"column":38}},{"start":{},"end":{}}],"line":50},"3":{"loc":{"start":{"line":53,"column":10},"end":{"line":54,"column":54}},"type":"binary-expr","locations":[{"start":{"line":53,"column":10},"end":{"line":53,"column":51}},{"start":{"line":54,"column":10},"end":{"line":54,"column":54}}],"line":53}},"s":{"0":80,"1":80,"2":80,"3":80,"4":62,"5":62,"6":62,"7":62,"8":58,"9":58,"10":2,"11":62,"12":62,"13":14,"14":80,"15":6,"16":3,"17":3,"18":2,"19":2,"20":2,"21":1,"22":80,"23":62,"24":82,"25":76,"26":61,"27":15,"28":15,"29":44,"30":80},"f":{"0":80,"1":62,"2":62,"3":14,"4":6,"5":3,"6":2,"7":2,"8":62,"9":82,"10":76,"11":44},"b":{"0":[58,0],"1":[82,12],"2":[61,15],"3":[15,13]},"_coverageSchema":"1a1c01bbd47fc00a2c39e90264f33305004495a9","hash":"54f5a0e339405ca0d0a1bf8733f34d07bb9d2300"}
,"E:\\DZ_Inspection\\src\\hooks\\useSignature.ts": {"path":"E:\\DZ_Inspection\\src\\hooks\\useSignature.ts","statementMap":{"0":{"start":{"line":5,"column":44},"end":{"line":5,"column":59}},"1":{"start":{"line":6,"column":41},"end":{"line":6,"column":61}},"2":{"start":{"line":8,"column":23},"end":{"line":11,"column":8}},"3":{"start":{"line":9,"column":4},"end":{"line":9,"column":27}},"4":{"start":{"line":10,"column":4},"end":{"line":10,"column":28}},"5":{"start":{"line":13,"column":25},"end":{"line":15,"column":8}},"6":{"start":{"line":14,"column":4},"end":{"line":14,"column":26}},"7":{"start":{"line":18,"column":26},"end":{"line":18,"column":38}},"8":{"start":{"line":20,"column":2},"end":{"line":27,"column":4}}},"fnMap":{"0":{"name":"useSignature","decl":{"start":{"line":4,"column":16},"end":{"line":4,"column":28}},"loc":{"start":{"line":4,"column":31},"end":{"line":28,"column":1}},"line":4},"1":{"name":"(anonymous_1)","decl":{"start":{"line":8,"column":35},"end":{"line":8,"column":36}},"loc":{"start":{"line":8,"column":52},"end":{"line":11,"column":3}},"line":8},"2":{"name":"(anonymous_2)","decl":{"start":{"line":13,"column":37},"end":{"line":13,"column":38}},"loc":{"start":{"line":13,"column":43},"end":{"line":15,"column":3}},"line":13}},"branchMap":{},"s":{"0":25,"1":25,"2":25,"3":7,"4":7,"5":25,"6":2,"7":25,"8":25},"f":{"0":25,"1":7,"2":2},"b":{},"_coverageSchema":"1a1c01bbd47fc00a2c39e90264f33305004495a9","hash":"e218d63d3ef03dd7d82ca955245cd5180b031283"}
,"E:\\DZ_Inspection\\src\\repositories\\AgendaRepository.ts": {"path":"E:\\DZ_Inspection\\src\\repositories\\AgendaRepository.ts","statementMap":{"0":{"start":{"line":11,"column":2},"end":{"line":16,"column":3}},"1":{"start":{"line":12,"column":16},"end":{"line":12,"column":62}},"2":{"start":{"line":13,"column":4},"end":{"line":13,"column":56}},"3":{"start":{"line":15,"column":4},"end":{"line":15,"column":14}},"4":{"start":{"line":20,"column":2},"end":{"line":20,"column":72}},"5":{"start":{"line":23,"column":32},"end":{"line":89,"column":1}},"6":{"start":{"line":26,"column":4},"end":{"line":26,"column":21}},"7":{"start":{"line":30,"column":16},"end":{"line":30,"column":31}},"8":{"start":{"line":31,"column":4},"end":{"line":31,"column":46}},"9":{"start":{"line":31,"column":25},"end":{"line":31,"column":36}},"10":{"start":{"line":40,"column":16},"end":{"line":40,"column":31}},"11":{"start":{"line":41,"column":18},"end":{"line":41,"column":54}},"12":{"start":{"line":41,"column":37},"end":{"line":41,"column":53}},"13":{"start":{"line":42,"column":4},"end":{"line":46,"column":5}},"14":{"start":{"line":43,"column":6},"end":{"line":43,"column":24}},"15":{"start":{"line":45,"column":6},"end":{"line":45,"column":21}},"16":{"start":{"line":47,"column":4},"end":{"line":47,"column":24}},"17":{"start":{"line":50,"column":4},"end":{"line":60,"column":5}},"18":{"start":{"line":51,"column":6},"end":{"line":56,"column":9}},"19":{"start":{"line":59,"column":6},"end":{"line":59,"column":41}},"20":{"start":{"line":67,"column":16},"end":{"line":67,"column":31}},"21":{"start":{"line":68,"column":4},"end":{"line":68,"column":49}},"22":{"start":{"line":68,"column":35},"end":{"line":68,"column":46}},"23":{"start":{"line":69,"column":4},"end":{"line":69,"column":34}},"24":{"start":{"line":77,"column":16},"end":{"line":77,"column":31}},"25":{"start":{"line":78,"column":18},"end":{"line":78,"column":55}},"26":{"start":{"line":78,"column":37},"end":{"line":78,"column":54}},"27":{"start":{"line":79,"column":4},"end":{"line":87,"column":5}},"28":{"start":{"line":80,"column":6},"end":{"line":84,"column":8}},"29":{"start":{"line":85,"column":6},"end":{"line":85,"column":26}},"30":{"start":{"line":86,"column":6},"end":{"line":86,"column":42}}},"fnMap":{"0":{"name":"readAll","decl":{"start":{"line":10,"column":15},"end":{"line":10,"column":22}},"loc":{"start":{"line":10,"column":48},"end":{"line":17,"column":1}},"line":10},"1":{"name":"writeAll","decl":{"start":{"line":19,"column":15},"end":{"line":19,"column":23}},"loc":{"start":{"line":19,"column":60},"end":{"line":21,"column":1}},"line":19},"2":{"name":"(anonymous_2)","decl":{"start":{"line":25,"column":2},"end":{"line":25,"column":3}},"loc":{"start":{"line":25,"column":40},"end":{"line":27,"column":3}},"line":25},"3":{"name":"(anonymous_3)","decl":{"start":{"line":29,"column":2},"end":{"line":29,"column":3}},"loc":{"start":{"line":29,"column":56},"end":{"line":32,"column":3}},"line":29},"4":{"name":"(anonymous_4)","decl":{"start":{"line":31,"column":20},"end":{"line":31,"column":21}},"loc":{"start":{"line":31,"column":25},"end":{"line":31,"column":36}},"line":31},"5":{"name":"(anonymous_5)","decl":{"start":{"line":39,"column":2},"end":{"line":39,"column":3}},"loc":{"start":{"line":39,"column":46},"end":{"line":61,"column":3}},"line":39},"6":{"name":"(anonymous_6)","decl":{"start":{"line":41,"column":32},"end":{"line":41,"column":33}},"loc":{"start":{"line":41,"column":37},"end":{"line":41,"column":53}},"line":41},"7":{"name":"(anonymous_7)","decl":{"start":{"line":66,"column":2},"end":{"line":66,"column":3}},"loc":{"start":{"line":66,"column":42},"end":{"line":70,"column":3}},"line":66},"8":{"name":"(anonymous_8)","decl":{"start":{"line":68,"column":30},"end":{"line":68,"column":31}},"loc":{"start":{"line":68,"column":35},"end":{"line":68,"column":46}},"line":68},"9":{"name":"(anonymous_9)","decl":{"start":{"line":76,"column":2},"end":{"line":76,"column":3}},"loc":{"start":{"line":76,"column":84},"end":{"line":88,"column":3}},"line":76},"10":{"name":"(anonymous_10)","decl":{"start":{"line":78,"column":32},"end":{"line":78,"column":33}},"loc":{"start":{"line":78,"column":37},"end":{"line":78,"column":54}},"line":78}},"branchMap":{"0":{"loc":{"start":{"line":13,"column":11},"end":{"line":13,"column":55}},"type":"cond-expr","locations":[{"start":{"line":13,"column":18},"end":{"line":13,"column":49}},{"start":{"line":13,"column":53},"end":{"line":13,"column":55}}],"line":13},"1":{"loc":{"start":{"line":31,"column":11},"end":{"line":31,"column":45}},"type":"binary-expr","locations":[{"start":{"line":31,"column":11},"end":{"line":31,"column":37}},{"start":{"line":31,"column":41},"end":{"line":31,"column":45}}],"line":31},"2":{"loc":{"start":{"line":42,"column":4},"end":{"line":46,"column":5}},"type":"if","locations":[{"start":{"line":42,"column":4},"end":{"line":46,"column":5}},{"start":{"line":44,"column":11},"end":{"line":46,"column":5}}],"line":42},"3":{"loc":{"start":{"line":50,"column":4},"end":{"line":60,"column":5}},"type":"if","locations":[{"start":{"line":50,"column":4},"end":{"line":60,"column":5}},{"start":{"line":57,"column":11},"end":{"line":60,"column":5}}],"line":50},"4":{"loc":{"start":{"line":79,"column":4},"end":{"line":87,"column":5}},"type":"if","locations":[{"start":{"line":79,"column":4},"end":{"line":87,"column":5}},{"start":{},"end":{}}],"line":79}},"s":{"0":36,"1":36,"2":36,"3":2,"4":19,"5":4,"6":9,"7":6,"8":6,"9":6,"10":13,"11":13,"12":2,"13":13,"14":2,"15":11,"16":13,"17":13,"18":11,"19":2,"20":3,"21":3,"22":3,"23":3,"24":5,"25":5,"26":3,"27":5,"28":3,"29":3,"30":3},"f":{"0":36,"1":19,"2":9,"3":6,"4":6,"5":13,"6":2,"7":3,"8":3,"9":5,"10":3},"b":{"0":[19,17],"1":[6,2],"2":[2,11],"3":[11,2],"4":[3,2]},"_coverageSchema":"1a1c01bbd47fc00a2c39e90264f33305004495a9","hash":"5ea0273c49ea0cac06388be3adaaa07a7f054e57"}
,"E:\\DZ_Inspection\\src\\repositories\\ApprovalRepository.ts": {"path":"E:\\DZ_Inspection\\src\\repositories\\ApprovalRepository.ts","statementMap":{"0":{"start":{"line":29,"column":14},"end":{"line":29,"column":68}},"1":{"start":{"line":30,"column":2},"end":{"line":30,"column":36}},"2":{"start":{"line":34,"column":2},"end":{"line":34,"column":80}},"3":{"start":{"line":43,"column":2},"end":{"line":43,"column":128}},"4":{"start":{"line":46,"column":34},"end":{"line":171,"column":1}},"5":{"start":{"line":49,"column":14},"end":{"line":49,"column":31}},"6":{"start":{"line":50,"column":4},"end":{"line":50,"column":85}},"7":{"start":{"line":50,"column":28},"end":{"line":50,"column":83}},"8":{"start":{"line":55,"column":14},"end":{"line":55,"column":31}},"9":{"start":{"line":56,"column":4},"end":{"line":56,"column":49}},"10":{"start":{"line":56,"column":25},"end":{"line":56,"column":47}},"11":{"start":{"line":61,"column":14},"end":{"line":61,"column":31}},"12":{"start":{"line":62,"column":19},"end":{"line":62,"column":64}},"13":{"start":{"line":62,"column":31},"end":{"line":62,"column":63}},"14":{"start":{"line":63,"column":4},"end":{"line":63,"column":23}},"15":{"start":{"line":63,"column":16},"end":{"line":63,"column":23}},"16":{"start":{"line":64,"column":4},"end":{"line":72,"column":7}},"17":{"start":{"line":73,"column":4},"end":{"line":73,"column":23}},"18":{"start":{"line":82,"column":14},"end":{"line":82,"column":31}},"19":{"start":{"line":83,"column":16},"end":{"line":83,"column":65}},"20":{"start":{"line":83,"column":33},"end":{"line":83,"column":64}},"21":{"start":{"line":84,"column":4},"end":{"line":84,"column":56}},"22":{"start":{"line":84,"column":20},"end":{"line":84,"column":56}},"23":{"start":{"line":85,"column":4},"end":{"line":85,"column":45}},"24":{"start":{"line":85,"column":38},"end":{"line":85,"column":45}},"25":{"start":{"line":86,"column":16},"end":{"line":86,"column":40}},"26":{"start":{"line":87,"column":4},"end":{"line":87,"column":112}},"27":{"start":{"line":88,"column":4},"end":{"line":88,"column":23}},"28":{"start":{"line":89,"column":33},"end":{"line":89,"column":58}},"29":{"start":{"line":90,"column":23},"end":{"line":90,"column":71}},"30":{"start":{"line":91,"column":4},"end":{"line":99,"column":5}},"31":{"start":{"line":92,"column":6},"end":{"line":98,"column":9}},"32":{"start":{"line":101,"column":4},"end":{"line":105,"column":6}},"33":{"start":{"line":114,"column":14},"end":{"line":114,"column":31}},"34":{"start":{"line":115,"column":16},"end":{"line":115,"column":65}},"35":{"start":{"line":115,"column":33},"end":{"line":115,"column":64}},"36":{"start":{"line":116,"column":4},"end":{"line":116,"column":56}},"37":{"start":{"line":116,"column":20},"end":{"line":116,"column":56}},"38":{"start":{"line":117,"column":4},"end":{"line":117,"column":83}},"39":{"start":{"line":117,"column":38},"end":{"line":117,"column":83}},"40":{"start":{"line":118,"column":16},"end":{"line":118,"column":40}},"41":{"start":{"line":119,"column":4},"end":{"line":119,"column":116}},"42":{"start":{"line":120,"column":4},"end":{"line":120,"
[...]
,"E:\\DZ_Inspection\\src\\utils\\scoringUtils.ts": {"path":"E:\\DZ_Inspection\\src\\utils\\scoringUtils.ts","statementMap":{"0":{"start":{"line":44,"column":58},"end":{"line":48,"column":10}},"1":{"start":{"line":50,"column":27},"end":{"line":50,"column":29}},"2":{"start":{"line":51,"column":27},"end":{"line":51,"column":29}},"3":{"start":{"line":52,"column":27},"end":{"line":52,"column":29}},"4":{"start":{"line":55,"column":35},"end":{"line":55,"column":36}},"5":{"start":{"line":56,"column":35},"end":{"line":56,"column":36}},"6":{"start":{"line":60,"column":35},"end":{"line":60,"column":39}},"7":{"start":{"line":119,"column":2},"end":{"line":119,"column":65}},"8":{"start":{"line":123,"column":2},"end":{"line":123,"column":39}},"9":{"start":{"line":123,"column":28},"end":{"line":123,"column":39}},"10":{"start":{"line":124,"column":2},"end":{"line":124,"column":39}},"11":{"start":{"line":124,"column":28},"end":{"line":124,"column":39}},"12":{"start":{"line":125,"column":2},"end":{"line":125,"column":39}},"13":{"start":{"line":125,"column":28},"end":{"line":125,"column":39}},"14":{"start":{"line":126,"column":2},"end":{"line":126,"column":13}},"15":{"start":{"line":130,"column":2},"end":{"line":135,"column":3}},"16":{"start":{"line":131,"column":14},"end":{"line":131,"column":23}},"17":{"start":{"line":132,"column":14},"end":{"line":132,"column":23}},"18":{"start":{"line":133,"column":14},"end":{"line":133,"column":23}},"19":{"start":{"line":134,"column":14},"end":{"line":134,"column":23}},"20":{"start":{"line":139,"column":2},"end":{"line":144,"column":3}},"21":{"start":{"line":140,"column":12},"end":{"line":140,"column":23}},"22":{"start":{"line":141,"column":12},"end":{"line":141,"column":23}},"23":{"start":{"line":142,"column":12},"end":{"line":142,"column":23}},"24":{"start":{"line":143,"column":12},"end":{"line":143,"column":22}},"25":{"start":{"line":150,"column":28},"end":{"line":150,"column":81}},"26":{"start":{"line":150,"column":46},"end":{"line":150,"column":80}},"27":{"start":{"line":151,"column":28},"end":{"line":151,"column":85}},"28":{"start":{"line":151,"column":46},"end":{"line":151,"column":84}},"29":{"start":{"line":152,"column":28},"end":{"line":152,"column":69}},"30":{"start":{"line":156,"column":26},"end":{"line":156,"column":72}},"31":{"start":{"line":156,"column":44},"end":{"line":156,"column":71}},"32":{"start":{"line":158,"column":26},"end":{"line":158,"column":47}},"33":{"start":{"line":159,"column":26},"end":{"line":159,"column":48}},"34":{"start":{"line":160,"column":26},"end":{"line":160,"column":84}},"35":{"start":{"line":161,"column":26},"end":{"line":161,"column":62}},"36":{"start":{"line":164,"column":39},"end":{"line":169,"column":3}},"37":{"start":{"line":165,"column":42},"end":{"line":165,"column":63}},"38":{"start":{"line":166,"column":42},"end":{"line":166,"column":65}},"39":{"start":{"line":167,"column":42},"end":{"line":167,"column":62}},"40":{"start":{"line":172,"column":26},"end":{"line":172,"column":86}},"41":{"start":{"line":172,"column":58},"end":{"line":172,"column":82}},"42":{"start":{"line":173,"column":26},"end":{"line":173,"column":86}},"43":{"start":{"line":173,"column":58},"end":{"line":173,"column":82}},"44":{"start":{"line":174,"column":16},"end":{"line":176,"column":7}},"45":{"start":{"line":179,"column":19},"end":{"line":179,"column":41}},"46":{"start":{"line":182,"column":21},"end":{"line":182,"column":29}},"47":{"start":{"line":183,"column":25},"end":{"line":183,"column":30}},"48":{"start":{"line":185,"column":2},"end":{"line":198,"column":3}},"49":{"start":{"line":187,"column":4},"end":{"line":187,"column":16}},"50":{"start":{"line":188,"column":4},"end":{"line":188,"column":42}},"51":{"start":{"line":189,"column":9},"end":{"line":198,"column":3}},"52":{"start":{"line":191,"column":4},"end":{"line":197,"column":5}},"53":{"start":{"line":192,"column":6},"end":{"line":192,"column":18}},"54":{"start":{"line":193,"column":6},"end":{"line":193,"column":30}},"55":{"start":{"line":196,"column":6},"end":{"line":196,"column":23}},"56":{"start":{"line":200,"column":29},"end":{"line":200,"column":52}},"57":{"start":{"line":201,"column":29},"end":{"line":201,"column":69}},"58":{"start":{"line":203,"column":2},"end":{"line":220,"column":4}}},"fnMap":{"0":{"name":"getSeverityWeight","decl":{"start":{"line":118,"column":9},"end":{"line":118,"column":26}},"loc":{"start":{"line":118,"column":57},"end":{"line":120,"column":1}},"line":118},"1":{"name":"scoreToRawGrade","decl":{"start":{"line":122,"column":9},"end":{"line":122,"column":24}},"loc":{"start":{"line":122,"column":47},"end":{"line":127,"column":1}},"line":122},"2":{"name":"gradeToRiskLevel","decl":{"start":{"line":129,"column":9},"end":{"line":129,"column":25}},"loc":{"start":{"line":129,"column":51},"end":{"line":136,"column":1}},"line":129},"3":{"name":"riskLevelToNextInspectionDays","decl":{"start":{"line":138,"column":9},"end":{"line":138,"column":38}},"loc":{"start":{"line":138,"column":65},"end":{"line":145,"column":1}},"line":138},"4":{"name":"computeScoreAndGrade","decl":{"start":{"line":148,"column":16},"end":{"line":148,"column":36}},"loc":{"start":{"line":148,"column":77},"end":{"line":221,"column":1}},"line":148},"5":{"name":"(anonymous_5)","decl":{"start":{"line":150,"column":41},"end":{"line":150,"column":42}},"loc":{"start":{"line":150,"column":46},"end":{"line":150,"column":80}},"line":150},"6":{"name":"(anonymous_6)","decl":{"start":{"line":151,"column":41},"end":{"line":151,"column":42}},"loc":{"start":{"line":151,"column":46},"end":{"line":151,"column":84}},"line":151},"7":{"name":"(anonymous_7)","decl":{"start":{"line":156,"column":39},"end":{"line":156,"column":40}},"loc":{"start":{"line":156,"column":44},"end":{"line":156,"column":71}},"line":156},"8":{"name":"(anonymous_8)","decl":{"start":{"line":165,"column":37},"end":{"line":165,"column":38}},"loc":{"start":{"line":165,"column":42},"end":{"line":165,"column":63}},"line":165},"9":{"name":"(anonymous_9)","decl":{"start":{"line":166,"column":37},"end":{"line":166,"column":38}},"loc":{"start":{"line":166,"column":42},"end":{"line":166,"column":65}},"line":166},"10":{"name":"(anonymous_10)","decl":{"start":{"line":167,"column":37},"end":{"line":167,"column":38}},"loc":{"start":{"line":167,"column":42},"end":{"line":167,"column":62}},"line":167},"11":{"name":"(anonymous_11)","decl":{"start":{"line":172,"column":48},"end":{"line":172,"column":49}},"loc":{"start":{"line":172,"column":58},"end":{"line":172,"column":82}},"line":172},"12":{"name":"(anonymous_12)","decl":{"start":{"line":173,"column":48},"end":{"line":173,"column":49}},"loc":{"start":{"line":173,"column":58},"end":{"line":173,"column":82}},"line":173}},"branchMap":{"0":{"loc":{"start":{"line":119,"column":9},"end":{"line":119,"column":64}},"type":"binary-expr","locations":[{"start":{"line":119,"column":9},"end":{"line":119,"column":40}},{"start":{"line":119,"column":44},"end":{"line":119,"column":64}}],"line":119},"1":{"loc":{"start":{"line":123,"column":2},"end":{"line":123,"column":39}},"type":"if","locations":[{"start":{"line":123,"column":2},"end":{"line":123,"column":39}},{"start":{},"end":{}}],"line":123},"2":{"loc":{"start":{"line":124,"column":2},"end":{"line":124,"column":39}},"type":"if","locations":[{"start":{"line":124,"column":2},"end":{"line":124,"column":39}},{"start":{},"end":{}}],"line":124},"3":{"loc":{"start":{"line":125,"column":2},"end":{"line":125,"column":39}},"type":"if","locations":[{"start":{"line":125,"column":2},"end":{"line":125,"column":39}},{"start":{},"end":{}}],"line":125},"4":{"loc":{"start":{"line":130,"column":2},"end":{"line":135,"column":3}},"type":"switch","locations":[{"start":{"line":131,"column":4},"end":{"line":131,"column":23}},{"start":{"line":132,"column":4},"end":{"line":132,"column":23}},{"start":{"line":133,"column":4},"end":{"line":133,"column":23}},{"start":{"line":134,"column":4},"end":{"line":134,"column":23}}],"line":130},"5":{"loc":{"start":{"line":139,"column":2},"end":{"line":144,"column":3}},"type":"switch","locations":[{"start":{"line":140,"column":4},"end":{"line":140,"column":23}},{"start":{"line":141,"column":4},"end":{"line":141,"column":23}},{"start":{"line":142,"column":4},"end":{"line":142,"column":23}},{"start":{"line":143,"column":4},"end":{"line":143,"column":22}}],"line":139},"6":{"loc":{"start":{"line":160,"column":26},"end":{"line":160,"column":84}},"type":"cond-expr","locations":[{"start":{"line":160,"column":48},"end":{"line":160,"column":80}},{"start":{"line":160,"column":83},"end":{"line":160,"column":84}}],"line":160},"7":{"loc":{"start":{"line":174,"column":16},"end":{"line":176,"column":7}},"type":"cond-expr","locations":[{"start":{"line":175,"column":6},"end":{"line":175,"column":65}},{"start":{"line":176,"column":6},"end":{"line":176,"column":7}}],"line":174},"8":{"loc":{"start":{"line":185,"column":2},"end":{"line":198,"column":3}},"type":"if","locations":[{"start":{"line":185,"column":2},"end":{"line":198,"column":3}},{"start":{"line":189,"column":9},"end":{"line":198,"column":3}}],"line":185},"9":{"loc":{"start":{"line":189,"column":9},"end":{"line":198,"column":3}},"type":"if","locations":[{"start":{"line":189,"column":9},"end":{"line":198,"column":3}},{"start":{},"end":{}}],"line":189},"10":{"loc":{"start":{"line":191,"column":4},"end":{"line":197,"column":5}},"type":"if","locations":[{"start":{"line":191,"column":4},"end":{"line":197,"column":5}},{"start":{"line":194,"column":11},"end":{"line":197,"column":5}}],"line":191},"11":{"loc":{"start":{"line":191,"column":8},"end":{"line":191,"column":44}},"type":"binary-expr","locations":[{"start":{"line":191,"column":8},"end":{"line":191,"column":24}},{"start":{"line":191,"column":28},"end":{"line":191,"column":44}}],"line":191}},"s":{"0":6,"1":6,"2":6,"3":6,"4":6,"5":6,"6":6,"7":1269,"8":147,"9":51,"10":96,"11":13,"12":83,"13":52,"14":31,"15":147,"16":45,"17":10,"18":56,"19":36,"20":147,"21":45,"22":10,"23":56,"24":36,"25":147,"26":800,"27":147,"28":800,"29":147,"30":147,"31":800,"32":147,"33":147,"34":147,"35":147,"36":147,"37":223,"38":223,"39":223,"40":147,"41":523,"42":147,"43":746,"44":147,"45":147,"46":147,"47":147,"48":147,"49":10,"50":10,"51":137,"52":16,"53":6,"54":6,"55":10,"56":147,"57":147,"58":147},"f":{"0":1269,"1":147,"2":147,"3":147,"4":147,"5":800,"6":800,"7":800,"8":223,"9":223,"10":223,"11":523,"12":746},"b":{"0":[1269,0],"1":[51,96],"2":[13,83],"3":[52,31],"4":[45,10,56,36],"5":[45,10,56,36],"6":[137,10],"7":[137,10],"8":[10,137],"9":[16,121],"10":[6,10],"11":[16,12]},"_coverageSchema":"1a1c01bbd47fc00a2c39e90264f33305004495a9","hash":"696cd88027148d71beecdf3e20be69dc8d705845"}
,"E:\\DZ_Inspection\\src\\utils\\statsUtils.ts": {"path":"E:\\DZ_Inspection\\src\\utils\\statsUtils.ts","statementMap":{"0":{"start":{"line":16,"column":28},"end":{"line":56,"column":1}},"1":{"start":{"line":17,"column":22},"end":{"line":17,"column":40}},"2":{"start":{"line":18,"column":22},"end":{"line":18,"column":48}},"3":{"start":{"line":19,"column":22},"end":{"line":19,"column":23}},"4":{"start":{"line":20,"column":24},"end":{"line":20,"column":25}},"5":{"start":{"line":21,"column":30},"end":{"line":21,"column":31}},"6":{"start":{"line":22,"column":30},"end":{"line":22,"column":31}},"7":{"start":{"line":24,"column":2},"end":{"line":42,"column":5}},"8":{"start":{"line":25,"column":4},"end":{"line":28,"column":48}},"9":{"start":{"line":25,"column":32},"end":{"line":25,"column":48}},"10":{"start":{"line":26,"column":9},"end":{"line":28,"column":48}},"11":{"start":{"line":26,"column":32},"end":{"line":26,"column":48}},"12":{"start":{"line":27,"column":9},"end":{"line":28,"column":48}},"13":{"start":{"line":27,"column":32},"end":{"line":27,"column":48}},"14":{"start":{"line":28,"column":9},"end":{"line":28,"column":48}},"15":{"start":{"line":28,"column":32},"end":{"line":28,"column":48}},"16":{"start":{"line":30,"column":4},"end":{"line":33,"column":5}},"17":{"start":{"line":31,"column":6},"end":{"line":31,"column":30}},"18":{"start":{"line":32,"column":6},"end":{"line":32,"column":24}},"19":{"start":{"line":35,"column":4},"end":{"line":37,"column":5}},"20":{"start":{"line":36,"column":6},"end":{"line":36,"column":49}},"21":{"start":{"line":39,"column":4},"end":{"line":41,"column":5}},"22":{"start":{"line":40,"column":6},"end":{"line":40,"column":30}},"23":{"start":{"line":46,"column":14},"end":{"line":46,"column":68}},"24":{"start":{"line":48,"column":2},"end":{"line":55,"column":4}}},"fnMap":{"0":{"name":"(anonymous_0)","decl":{"start":{"line":16,"column":28},"end":{"line":16,"column":29}},"loc":{"start":{"line":16,"column":76},"end":{"line":56,"column":1}},"line":16},"1":{"name":"(anonymous_1)","decl":{"start":{"line":24,"column":22},"end":{"line":24,"column":23}},"loc":{"start":{"line":24,"column":29},"end":{"line":42,"column":3}},"line":24}},"branchMap":{"0":{"loc":{"start":{"line":25,"column":4},"end":{"line":28,"column":48}},"type":"if","locations":[{"start":{"line":25,"column":4},"end":{"line":28,"column":48}},{"start":{"line":26,"column":9},"end":{"line":28,"column":48}}],"line":25},"1":{"loc":{"start":{"line":26,"column":9},"end":{"line":28,"column":48}},"type":"if","locations":[{"start":{"line":26,"column":9},"end":{"line":28,"column":48}},{"start":{"line":27,"column":9},"end":{"line":28,"column":48}}],"line":26},"2":{"loc":{"start":{"line":27,"column":9},"end":{"line":28,"column":48}},"type":"if","locations":[{"start":{"line":27,"column":9},"end":{"line":28,"column":48}},{"start":{"line":28,"column":9},"end":{"line":28,"column":48}}],"line":27},"3":{"loc":{"start":{"line":28,"column":9},"end":{"line":28,"column":48}},"type":"if","locations":[{"start":{"line":28,"column":9},"end":{"line":28,"column":48}},{"start":{},"end":{}}],"line":28},"4":{"loc":{"start":{"line":30,"column":4},"end":{"line":33,"column":5}},"type":"if","locations":[{"start":{"line":30,"column":4},"end":{"line":33,"column":5}},{"start":{},"end":{}}],"line":30},"5":{"loc":{"start":{"line":35,"column":4},"end":{"line":37,"column":5}},"type":"if","locations":[{"start":{"line":35,"column":4},"end":{"line":37,"column":5}},{"start":{},"end":{}}],"line":35},"6":{"loc":{"start":{"line":39,"column":4},"end":{"line":41,"column":5}},"type":"if","locations":[{"start":{"line":39,"column":4},"end":{"line":41,"column":5}},{"start":{},"end":{}}],"line":39},"7":{"loc":{"start":{"line":46,"column":14},"end":{"line":46,"column":68}},"type":"cond-expr","locations":[{"start":{"line":46,"column":36},"end":{"line":46,"column":64}},{"start":{"line":46,"column":67},"end":{"line":46,"column":68}}],"line":46},"8":{"loc":{"start":{"line":51,"column":26},"end":{"line":51,"column":72}},"type":"cond-expr","locations":[{"start":{"line":51,"column":50},"end":{"line":51,"column":55}},{"start":{"line":51,"column":58},"end":{"line":51,"column":72}}],"line":51}},"s":{"0":5,"1":42,"2":42,"3":42,"4":42,"5":42,"6":42,"7":42,"8":77,"9":52,"10":25,"11":7,"12":18,"13":8,"14":10,"15":8,"16":77,"17":70,"18":70,"19":77,"20":8,"21":77,"22":8,"23":42,"24":42},"f":{"0":42,"1":77},"b":{"0":[52,25],"1":[7,18],"2":[8,10],"3":[8,2],"4":[70,7],"5":[8,69],"6":[8,69],"7":[28,14],"8":[14,28]},"_coverageSchema":"1a1c01bbd47fc00a2c39e90264f33305004495a9","hash":"bf4d91be37d8a1a9863e389bec6bd569376b6f99"}
,"E:\\DZ_Inspection\\src\\utils\\statusUtils.ts": {"path":"E:\\DZ_Inspection\\src\\utils\\statusUtils.ts","statementMap":{"0":{"start":{"line":8,"column":29},"end":{"line":21,"column":1}},"1":{"start":{"line":9,"column":2},"end":{"line":20,"column":3}},"2":{"start":{"line":11,"column":6},"end":{"line":11,"column":21}},"3":{"start":{"line":13,"column":6},"end":{"line":13,"column":25}},"4":{"start":{"line":15,"column":6},"end":{"line":15,"column":24}},"5":{"start":{"line":17,"column":6},"end":{"line":17,"column":20}},"6":{"start":{"line":19,"column":6},"end":{"line":19,"column":23}},"7":{"start":{"line":26,"column":30},"end":{"line":37,"column":1}},"8":{"start":{"line":27,"column":2},"end":{"line":36,"column":3}},"9":{"start":{"line":29,"column":6},"end":{"line":29,"column":30}},"10":{"start":{"line":31,"column":6},"end":{"line":31,"column":33}},"11":{"start":{"line":33,"column":6},"end":{"line":33,"column":23}},"12":{"start":{"line":35,"column":6},"end":{"line":35,"column":28}},"13":{"start":{"line":42,"column":36},"end":{"line":49,"column":1}},"14":{"start":{"line":43,"column":16},"end":{"line":43,"column":28}},"15":{"start":{"line":44,"column":20},"end":{"line":44,"column":80}},"16":{"start":{"line":44,"column":38},"end":{"line":44,"column":72}},"17":{"start":{"line":45,"column":23},"end":{"line":45,"column":87}},"18":{"start":{"line":45,"column":41},"end":{"line":45,"column":79}},"19":{"start":{"line":46,"column":13},"end":{"line":46,"column":66}},"20":{"start":{"line":46,"column":31},"end":{"line":46,"column":58}},"21":{"start":{"line":47,"column":23},"end":{"line":47,"column":60}},"22":{"start":{"line":48,"column":2},"end":{"line":48,"column":62}}},"fnMap":{"0":{"name":"(anonymous_0)","decl":{"start":{"line":8,"column":29},"end":{"line":8,"column":30}},"loc":{"start":{"line":8,"column":79},"end":{"line":21,"column":1}},"line":8},"1":{"name":"(anonymous_1)","decl":{"start":{"line":26,"column":30},"end":{"line":26,"column":31}},"loc":{"start":{"line":26,"column":80},"end":{"line":37,"column":1}},"line":26},"2":{"name":"(anonymous_2)","decl":{"start":{"line":42,"column":36},"end":{"line":42,"column":37}},"loc":{"start":{"line":42,"column":54},"end":{"line":49,"column":1}},"line":42},"3":{"name":"(anonymous_3)","decl":{"start":{"line":44,"column":33},"end":{"line":44,"column":34}},"loc":{"start":{"line":44,"column":38},"end":{"line":44,"column":72}},"line":44},"4":{"name":"(anonymous_4)","decl":{"start":{"line":45,"column":36},"end":{"line":45,"column":37}},"loc":{"start":{"line":45,"column":41},"end":{"line":45,"column":79}},"line":45},"5":{"name":"(anonymous_5)","decl":{"start":{"line":46,"column":26},"end":{"line":46,"column":27}},"loc":{"start":{"line":46,"column":31},"end":{"line":46,"column":58}},"line":46}},"branchMap":{"0":{"loc":{"start":{"line":9,"column":2},"end":{"line":20,"column":3}},"type":"switch","locations":[{"start":{"line":10,"column":4},"end":{"line":11,"column":21}},{"start":{"line":12,"column":4},"end":{"line":13,"column":25}},{"start":{"line":14,"column":4},"end":{"line":15,"column":24}},{"start":{"line":16,"column":4},"end":{"line":17,"column":20}},{"start":{"line":18,"column":4},"end":{"line":19,"column":23}}],"line":9},"1":{"loc":{"start":{"line":27,"column":2},"end":{"line":36,"column":3}},"type":"switch","locations":[{"start":{"line":28,"column":4},"end":{"line":29,"column":30}},{"start":{"line":30,"column":4},"end":{"line":31,"column":33}},{"start":{"line":32,"column":4},"end":{"line":33,"column":23}},{"start":{"line":34,"column":4},"end":{"line":35,"column":28}}],"line":27}},"s":{"0":8,"1":77,"2":32,"3":32,"4":5,"5":4,"6":4,"7":8,"8":18,"9":5,"10":4,"11":5,"12":4,"13":8,"14":24,"15":24,"16":47,"17":24,"18":47,"19":24,"20":47,"21":24,"22":24},"f":{"0":77,"1":18,"2":24,"3":47,"4":47,"5":47},"b":{"0":[32,32,5,4,4],"1":[5,4,5,4]},"_coverageSchema":"1a1c01bbd47fc00a2c39e90264f33305004495a9","hash":"f528be4a42c7eb636713ec663d41e28b84ec00fb"}
}
