TN:
SF:src\facilitiesService.ts
FN:19,(anonymous_0)
FN:25,(anonymous_1)
FN:39,(anonymous_2)
FN:40,(anonymous_3)
FN:46,(anonymous_4)
FN:62,(anonymous_5)
FN:68,(anonymous_6)
FN:80,(anonymous_7)
FN:83,(anonymous_8)
FN:91,(anonymous_9)
FN:95,(anonymous_10)
FN:102,(anonymous_11)
FN:109,(anonymous_12)
FN:118,(anonymous_13)
FN:128,(anonymous_14)
FN:133,(anonymous_15)
FN:139,(anonymous_16)
FN:141,(anonymous_17)
FN:146,(anonymous_18)
FNF:19
FNH:19
FNDA:93,(anonymous_0)
FNDA:33,(anonymous_1)
FNDA:12,(anonymous_2)
FNDA:22,(anonymous_3)
FNDA:9,(anonymous_4)
FNDA:21,(anonymous_5)
FNDA:34,(anonymous_6)
FNDA:4,(anonymous_7)
FNDA:9,(anonymous_8)
FNDA:8,(anonymous_9)
FNDA:14,(anonymous_10)
FNDA:7,(anonymous_11)
FNDA:2,(anonymous_12)
FNDA:29,(anonymous_13)
FNDA:8,(anonymous_14)
FNDA:14,(anonymous_15)
FNDA:6,(anonymous_16)
FNDA:10,(anonymous_17)
FNDA:2,(anonymous_18)
DA:19,4
DA:20,93
DA:25,4
DA:26,33
DA:27,33
DA:28,31
DA:30,2
DA:39,4
DA:40,22
DA:41,12
DA:42,10
DA:46,4
DA:47,9
DA:48,9
DA:50,1
DA:62,4
DA:63,21
DA:64,21
DA:66,15
DA:68,15
DA:69,34
DA:72,34
DA:80,4
DA:81,4
DA:82,4
DA:83,9
DA:91,4
DA:92,8
DA:93,8
DA:94,6
DA:95,14
DA:102,4
DA:106,7
DA:107,7
DA:108,3
DA:109,3
DA:118,4
DA:121,29
DA:128,4
DA:133,14
DA:134,6
DA:135,6
DA:139,4
DA:141,10
DA:142,4
DA:146,4
DA:147,2
LF:47
LH:47
BRDA:41,0,0,2
BRDA:41,0,1,10
BRDA:64,1,0,6
BRDA:64,1,1,15
BRDA:93,2,0,2
BRDA:93,2,1,6
BRDA:95,3,0,14
BRDA:95,3,1,0
BRDA:107,4,0,4
BRDA:107,4,1,3
BRDA:133,5,0,2
BRDA:133,5,1,6
BRDA:141,6,0,2
BRDA:141,6,1,4
BRF:14
BRH:13
end_of_record
TN:
SF:src\db\schema.ts
FN:44,getDb
FN:55,initializeDatabase
FN:231,runMigrations
FN:247,(anonymous_3)
FN:270,migrateAsyncStorageToSQLite
FNF:5
FNH:5
FNDA:16,getDb
FNDA:10,initializeDatabase
FNDA:14,runMigrations
FNDA:117,(anonymous_3)
FNDA:6,migrateAsyncStorageToSQLite
DA:37,15
DA:45,16
DA:46,14
DA:47,13
DA:48,13
DA:56,10
DA:70,15
DA:233,14
DA:240,14
DA:241,126
DA:245,126
DA:247,117
DA:248,117
DA:249,117
DA:273,6
DA:274,6
DA:277,6
DA:278,6
DA:279,2
DA:280,2
DA:281,2
DA:318,2
DA:322,6
DA:323,6
DA:324,1
DA:325,1
DA:326,1
DA:340,1
DA:344,6
DA:345,6
DA:346,1
DA:347,1
DA:348,1
DA:360,1
DA:363,6
LF:35
LH:35
BRDA:45,0,0,2
BRDA:45,0,1,14
BRDA:245,1,0,9
BRDA:245,1,1,117
BRDA:278,2,0,2
BRDA:278,2,1,4
BRDA:297,3,0,2
BRDA:297,3,1,0
BRDA:298,4,0,2
BRDA:298,4,1,1
BRDA:298,5,0,2
BRDA:298,5,1,0
BRDA:299,6,0,2
BRDA:299,6,1,2
BRDA:299,7,0,2
BRDA:299,7,1,2
BRDA:300,8,0,1
BRDA:300,8,1,1
BRDA:300,9,0,0
BRDA:300,9,1,2
BRDA:301,10,0,2
BRDA:301,10,1,2
BRDA:302,11,0,2
BRDA:302,11,1,1
BRDA:302,12,0,2
BRDA:302,12,1,1
BRDA:302,13,0,2
BRDA:302,13,1,1
BRDA:303,14,0,0
BRDA:303,14,1,2
BRDA:303,15,0,0
BRDA:303,15,1,2
BRDA:304,16,0,2
BRDA:304,16,1,2
BRDA:304,17,0,2
BRDA:304,17,1,2
BRDA:305,18,0,2
BRDA:305,18,1,2
BRDA:305,19,0,2
BRDA:305,19,1,2
BRDA:306,20,0,2
BRDA:306,20,1,2
BRDA:306,21,0,2
BRDA:306,21,1,2
BRDA:307,22,0,1
BRDA:307,22,1,1
BRDA:308,23,0,2
BRDA:308,23,1,1
BRDA:309,24,0,2
BRDA:309,24,1,1
BRDA:310,25,0,2
BRDA:310,25,1,2
BRDA:310,26,0,2
BRDA:310,26,1,2
BRDA:311,27,0,2
BRDA:311,27,1,2
BRDA:311,28,0,2
BRDA:311,28,1,2
BRDA:312,29,0,2
BRDA:312,29,1,2
BRDA:312,30,0,2
BRDA:312,30,1,2
BRDA:312,31,0,2
BRDA:312,31,1,2
BRDA:313,32,0,2
BRDA:313,32,1,0
BRDA:314,33,0,0
BRDA:314,33,1,2
BRDA:323,34,0,1
BRDA:323,34,1,5
BRDA:332,35,0,1
BRDA:332,35,1,0
BRDA:332,36,0,1
BRDA:332,36,1,0
BRDA:332,37,0,1
BRDA:332,37,1,0
BRDA:332,38,0,1
BRDA:332,38,1,0
BRDA:333,39,0,1
BRDA:333,39,1,0
BRDA:334,40,0,1
BRDA:334,40,1,0
BRDA:335,41,0,1
BRDA:335,41,1,1
BRDA:335,42,0,1
BRDA:335,42,1,1
BRDA:336,43,0,1
BRDA:336,43,1,1
BRDA:336,44,0,1
BRDA:336,44,1,1
BRDA:336,45,0,1
BRDA:336,45,1,1
BRDA:345,46,0,1
BRDA:345,46,1,5
BRDA:354,47,0,1
BRDA:354,47,1,1
BRDA:355,48,0,1
BRDA:355,48,1,1
BRDA:355,49,0,1
BRDA:355,49,1,0
BRDA:355,50,0,1
BRDA:355,50,1,0
BRDA:356,51,0,1
BRDA:356,51,1,1
BRF:104
BRH:89
end_of_record
TN:
SF:src\db\syncEngine.ts
FN:37,hasSyncUrl
FN:41,safeFlush
FN:55,startSyncScheduler
FN:57,(anonymous_3)
FN:75,(anonymous_4)
FN:88,(anonymous_5)
FNF:6
FNH:6
FNDA:22,hasSyncUrl
FNDA:9,safeFlush
FNDA:13,startSyncScheduler
FNDA:2,(anonymous_3)
FNDA:6,(anonymous_4)
FNDA:3,(anonymous_5)
DA:35,1
DA:38,22
DA:42,9
DA:43,9
DA:45,9
DA:46,9
DA:47,8
DA:48,1
DA:51,1
DA:56,13
DA:57,2
DA:60,11
DA:63,11
DA:65,11
DA:67,11
DA:75,11
DA:77,6
DA:79,6
DA:80,1
DA:82,6
DA:88,11
DA:89,3
DA:90,3
LF:23
LH:23
BRDA:38,0,0,22
BRDA:38,0,1,0
BRDA:42,1,0,0
BRDA:42,1,1,9
BRDA:47,2,0,1
BRDA:47,2,1,7
BRDA:55,3,0,1
BRDA:56,4,0,2
BRDA:56,4,1,11
BRDA:77,5,0,6
BRDA:77,5,1,4
BRDA:79,6,0,1
BRDA:79,6,1,5
BRDA:79,7,0,6
BRDA:79,7,1,1
BRF:15
BRH:13
end_of_record
TN:
SF:src\hooks\useChecklistData.ts
FN:62,useChecklistData
FN:77,(anonymous_1)
FN:78,(anonymous_2)
FN:91,(anonymous_3)
FN:108,(anonymous_4)
FN:165,(anonymous_5)
FN:166,(anonymous_6)
FN:176,(anonymous_7)
FN:177,(anonymous_8)
FN:178,(anonymous_9)
FN:182,(anonymous_10)
FN:183,(anonymous_11)
FN:184,(anonymous_12)
FN:188,(anonymous_13)
FN:189,(anonymous_14)
FN:190,(anonymous_15)
FN:213,(anonymous_16)
FN:214,(anonymous_17)
FN:215,(anonymous_18)
FN:240,(anonymous_19)
FN:241,(anonymous_20)
FN:243,(anonymous_21)
FN:259,(anonymous_22)
FN:298,(anonymous_23)
FN:299,(anonymous_24)
FN:300,(anonymous_25)
FN:302,(anonymous_26)
FNF:27
FNH:27
FNDA:167,useChecklistData
FNDA:50,(anonymous_1)
FNDA:50,(anonymous_2)
FNDA:124,(anonymous_3)
FNDA:27,(anonymous_4)
FNDA:165,(anonymous_5)
FNDA:3,(anonymous_6)
FNDA:81,(anonymous_7)
FNDA:81,(anonymous_8)
FNDA:243,(anonymous_9)
FNDA:1,(anonymous_10)
FNDA:1,(anonymous_11)
FNDA:3,(anonymous_12)
FNDA:7,(anonymous_13)
FNDA:7,(anonymous_14)
FNDA:19,(anonymous_15)
FNDA:5,(anonymous_16)
FNDA:5,(anonymous_17)
FNDA:9,(anonymous_18)
FNDA:27,(anonymous_19)
FNDA:79,(anonymous_20)
FNDA:77,(anonymous_21)
FNDA:76,(anonymous_22)
FNDA:141,(anonymous_23)
FNDA:141,(anonymous_24)
FNDA:141,(anonymous_25)
FNDA:130,(anonymous_26)
DA:30,1
DA:63,167
DA:64,167
DA:66,167
DA:67,167
DA:68,167
DA:69,167
DA:71,167
DA:72,167
DA:73,167
DA:74,167
DA:77,167
DA:78,50
DA:79,50
DA:80,50
DA:81,8
DA:82,8
DA:83,7
DA:84,7
DA:88,42
DA:91,124
DA:98,42
DA:99,42
DA:101,50
DA:103,50
DA:107,167
DA:109,27
DA:110,27
DA:111,27
DA:112,27
DA:114,27
DA:141,27
DA:142,25
DA:143,25
DA:144,25
DA:145,25
DA:146,25
DA:147,25
DA:148,25
DA:149,25
DA:150,25
DA:153,27
DA:154,25
DA:156,2
DA:157,2
DA:158,2
DA:165,167
DA:166,165
DA:167,3
DA:168,2
DA:169,2
DA:170,2
DA:172,165
DA:176,167
DA:177,81
DA:178,243
DA:182,167
DA:183,1
DA:184,3
DA:188,167
DA:189,7
DA:190,7
DA:191,19
DA:192,7
DA:193,1
DA:195,6
DA:196,6
DA:212,167
DA:214,5
DA:215,5
DA:216,9
DA:218,5
DA:224,5
DA:225,1
DA:226,1
DA:227,1
DA:228,1
DA:232,5
DA:240,167
DA:241,79
DA:242,27
DA:243,77
DA:246,27
DA:248,27
DA:249,1
DA:250,1
DA:255,1
DA:258,26
DA:260,76
DA:266,26
DA:267,1
DA:272,1
DA:275,25
DA:276,25
DA:277,25
DA:278,2
DA:279,2
DA:282,23
DA:283,23
DA:284,2
DA:285,2
DA:287,1
DA:289,2
DA:291,21
DA:294,23
DA:298,167
DA:299,167
DA:300,167
DA:301,167
DA:302,130
DA:306,167
LF:111
LH:111
BRDA:68,0,0,167
BRDA:68,0,1,145
BRDA:80,1,0,8
BRDA:80,1,1,42
BRDA:82,2,0,7
BRDA:82,2,1,1
BRDA:88,3,0,1
BRDA:88,3,1,41
BRDA:88,4,0,42
BRDA:88,4,1,2
BRDA:120,5,0,27
BRDA:120,5,1,2
BRDA:120,5,2,1
BRDA:128,6,0,1
BRDA:128,6,1,26
BRDA:128,7,0,27
BRDA:128,7,1,1
BRDA:132,8,0,27
BRDA:132,8,1,25
BRDA:135,9,0,27
BRDA:135,9,1,26
BRDA:136,10,0,27
BRDA:136,10,1,26
BRDA:138,11,0,27
BRDA:138,11,1,26
BRDA:141,12,0,25
BRDA:141,12,1,2
BRDA:150,13,0,1
BRDA:150,13,1,24
BRDA:167,14,0,1
BRDA:167,14,1,2
BRDA:178,15,0,81
BRDA:178,15,1,162
BRDA:184,16,0,1
BRDA:184,16,1,2
BRDA:191,17,0,12
BRDA:191,17,1,7
BRDA:192,18,0,1
BRDA:192,18,1,6
BRDA:195,19,0,6
BRDA:195,19,1,1
BRDA:195,20,0,1
BRDA:195,20,1,0
BRDA:198,21,0,6
BRDA:198,21,1,4
BRDA:216,22,0,4
BRDA:216,22,1,5
BRDA:220,23,0,5
BRDA:220,23,1,3
BRDA:224,24,0,1
BRDA:224,24,1,4
BRDA:224,25,0,5
BRDA:224,25,1,2
BRDA:227,26,0,1
BRDA:227,26,1,0
BRDA:246,27,0,26
BRDA:246,27,1,1
BRDA:248,28,0,1
BRDA:248,28,1,26
BRDA:260,29,0,76
BRDA:260,29,1,26
BRDA:260,29,2,3
BRDA:260,29,3,2
BRDA:266,30,0,1
BRDA:266,30,1,25
BRDA:277,31,0,2
BRDA:277,31,1,23
BRDA:283,32,0,2
BRDA:283,32,1,21
BRDA:302,33,0,80
BRDA:302,33,1,50
BRF:71
BRH:69
end_of_record
TN:
SF:src\hooks\useCollapsibleSections.ts
FN:4,useCollapsibleSections
FN:7,(anonymous_1)
FN:8,(anonymous_2)
FN:15,(anonymous_3)
FN:16,(anonymous_4)
FN:29,(anonymous_5)
FN:30,(anonymous_6)
FN:34,(anonymous_7)
FN:39,(anonymous_8)
FN:40,(anonymous_9)
FNF:10
FNH:10
FNDA:31,useCollapsibleSections
FNDA:16,(anonymous_1)
FNDA:20,(anonymous_2)
FNDA:19,(anonymous_3)
FNDA:19,(anonymous_4)
FNDA:9,(anonymous_5)
FNDA:9,(anonymous_6)
FNDA:12,(anonymous_7)
FNDA:3,(anonymous_8)
FNDA:6,(anonymous_9)
DA:7,31
DA:8,20
DA:11,31
DA:12,31
DA:13,31
DA:15,31
DA:16,19
DA:17,19
DA:18,19
DA:19,19
DA:20,28
DA:21,3
DA:22,3
DA:25,19
DA:29,31
DA:30,9
DA:33,31
DA:34,12
DA:38,31
DA:40,6
DA:41,3
DA:46,31
LF:22
LH:22
BRDA:20,0,0,3
BRDA:20,0,1,25
BRDA:25,1,0,3
BRDA:25,1,1,16
BRDA:34,2,0,12
BRDA:34,2,1,2
BRF:6
BRH:6
end_of_record
TN:
SF:src\hooks\useHomeData.ts
FN:22,useHomeData
FN:26,(anonymous_1)
FN:29,(anonymous_2)
FN:30,(anonymous_3)
FN:34,(anonymous_4)
FN:39,(anonymous_5)
FNF:6
FNH:6
FNDA:25,useHomeData
FNDA:22,(anonymous_1)
FNDA:17,(anonymous_2)
FNDA:3,(anonymous_3)
FNDA:7,(anonymous_4)
FNDA:5,(anonymous_5)
DA:7,2
DA:23,25
DA:25,25
DA:27,22
DA:28,22
DA:29,17
DA:31,3
DA:32,3
DA:34,22
DA:38,25
DA:40,5
DA:44,25
LF:12
LH:12
BRDA:29,0,0,16
BRDA:29,0,1,1
BRDA:32,1,0,2
BRDA:32,1,1,1
BRF:4
BRH:4
end_of_record
TN:
SF:src\hooks\useInspectionList.ts
FN:8,useInspectionList
FN:14,(anonymous_1)
FN:16,(anonymous_2)
FN:25,(anonymous_3)
FN:29,(anonymous_4)
FN:34,(anonymous_5)
FN:37,(anonymous_6)
FN:37,(anonymous_7)
FN:46,(anonymous_8)
FN:48,(anonymous_9)
FN:49,(anonymous_10)
FN:57,(anonymous_11)
FNF:12
FNH:12
FNDA:80,useInspectionList
FNDA:62,(anonymous_1)
FNDA:62,(anonymous_2)
FNDA:14,(anonymous_3)
FNDA:6,(anonymous_4)
FNDA:3,(anonymous_5)
FNDA:2,(anonymous_6)
FNDA:2,(anonymous_7)
FNDA:62,(anonymous_8)
FNDA:82,(anonymous_9)
FNDA:76,(anonymous_10)
FNDA:44,(anonymous_11)
DA:9,80
DA:10,80
DA:11,80
DA:13,80
DA:15,62
DA:16,62
DA:17,62
DA:18,62
DA:19,58
DA:21,2
DA:24,62
DA:25,62
DA:29,80
DA:30,6
DA:35,3
DA:36,3
DA:37,2
DA:39,1
DA:46,80
DA:47,62
DA:48,82
DA:50,76
DA:51,15
DA:52,15
DA:57,44
DA:60,80
LF:26
LH:26
BRDA:19,0,0,58
BRDA:19,0,1,0
BRDA:48,1,0,82
BRDA:48,1,1,12
BRDA:50,2,0,61
BRDA:50,2,1,15
BRDA:53,3,0,15
BRDA:53,3,1,13
BRF:8
BRH:7
end_of_record
TN:
SF:src\hooks\useSignature.ts
FN:4,useSignature
FN:8,(anonymous_1)
FN:13,(anonymous_2)
FNF:3
FNH:3
FNDA:25,useSignature
FNDA:7,(anonymous_1)
FNDA:2,(anonymous_2)
DA:5,25
DA:6,25
DA:8,25
DA:9,7
DA:10,7
DA:13,25
DA:14,2
DA:18,25
DA:20,25
LF:9
LH:9
BRF:0
BRH:0
end_of_record
TN:
SF:src\repositories\AgendaRepository.ts
FN:10,readAll
FN:19,writeAll
FN:25,(anonymous_2)
FN:29,(anonymous_3)
FN:31,(anonymous_4)
FN:39,(anonymous_5)
FN:41,(anonymous_6)
FN:66,(anonymous_7)
FN:68,(anonymous_8)
FN:76,(anonymous_9)
FN:78,(anonymous_10)
FNF:11
FNH:11
FNDA:36,readAll
FNDA:19,writeAll
FNDA:9,(anonymous_2)
FNDA:6,(anonymous_3)
FNDA:6,(anonymous_4)
FNDA:13,(anonymous_5)
FNDA:2,(anonymous_6)
FNDA:3,(anonymous_7)
FNDA:3,(anonymous_8)
FNDA:5,(anonymous_9)
FNDA:3,(anonymous_10)
DA:11,36
DA:12,36
DA:13,36
DA:15,2
DA:20,19
DA:23,4
DA:26,9
DA:30,6
DA:31,6
DA:40,13
DA:41,13
DA:42,13
DA:43,2
DA:45,11
DA:47,13
DA:50,13
DA:51,11
DA:59,2
DA:67,3
DA:68,3
DA:69,3
DA:77,5
DA:78,5
DA:79,5
DA:80,3
DA:85,3
DA:86,3
LF:27
LH:27
BRDA:13,0,0,19
BRDA:13,0,1,17
BRDA:31,1,0,6
BRDA:31,1,1,2
BRDA:42,2,0,2
BRDA:42,2,1,11
BRDA:50,3,0,11
BRDA:50,3,1,2
BRDA:79,4,0,3
BRDA:79,4,1,2
BRF:10
BRH:10
end_of_record
TN:
SF:src\repositories\ApprovalRepository.ts
FN:28,loadQueue
FN:33,saveQueue
FN:41,getInspectionRepository
FN:48,(anonymous_3)
FN:50,(anonymous_4)
FN:54,(anonymous_5)
FN:56,(anonymous_6)
FN:60,(anonymous_7)
FN:62,(anonymous_8)
FN:77,(anonymous_9)
FN:83,(anonymous_10)
FN:109,(anonymous_11)
FN:115,(anonymous_12)
FN:141,(anonymous_13)
FN:147,(anonymous_14)
FNF:15
FNH:15
FNDA:89,loadQueue
FNDA:56,saveQueue
FNDA:23,getInspectionRepository
FNDA:17,(anonymous_3)
FNDA:2,(anonymous_4)
FNDA:2,(anonymous_5)
FNDA:4,(anonymous_6)
FNDA:35,(anonymous_7)
FNDA:4,(anonymous_8)
FNDA:18,(anonymous_9)
FNDA:17,(anonymous_10)
FNDA:8,(anonymous_11)
FNDA:7,(anonymous_12)
FNDA:9,(anonymous_13)
FNDA:8,(anonymous_14)
DA:29,89
DA:30,89
DA:34,56
DA:43,23
DA:46,4
DA:49,17
DA:50,17
DA:55,2
DA:56,4
DA:61,35
DA:62,35
DA:63,35
DA:64,33
DA:73,33
DA:82,18
DA:83,18
DA:84,18
DA:85,16
DA:86,14
DA:87,14
DA:88,14
DA:89,14
DA:90,14
DA:91,14
DA:92,7
DA:101,14
DA:114,8
DA:115,8
DA:116,8
DA:117,6
DA:118,4
DA:119,4
DA:120,4
DA:121,4
DA:122,4
DA:123,4
DA:124,2
DA:133,4
DA:146,9
DA:147,9
DA:148,9
DA:149,7
DA:150,5
DA:151,5
DA:152,5
DA:153,5
DA:154,5
DA:155,5
DA:156,3
DA:165,5
LF:50
LH:50
BRDA:30,0,0,53
BRDA:30,0,1,36
BRDA:63,1,0,2
BRDA:63,1,1,33
BRDA:84,2,0,2
BRDA:84,2,1,16
BRDA:85,3,0,2
BRDA:85,3,1,14
BRDA:91,4,0,7
BRDA:91,4,1,7
BRDA:116,5,0,2
BRDA:116,5,1,6
BRDA:117,6,0,2
BRDA:117,6,1,4
BRDA:123,7,0,2
BRDA:123,7,1,2
BRDA:148,8,0,2
BRDA:148,8,1,7
BRDA:149,9,0,2
BRDA:149,9,1,5
BRDA:155,10,0,3
BRDA:155,10,1,2
BRF:22
BRH:22
end_of_record
TN:
SF:src\repositories\AuditLogRepository.ts
FN:38,makeId
FN:42,readLog
FN:51,writeLog
FN:62,(anonymous_3)
FN:92,(anonymous_4)
FN:98,(anonymous_5)
FN:100,(anonymous_6)
FN:104,(anonymous_7)
FN:106,(anonymous_8)
FN:110,(anonymous_9)
FNF:10
FNH:10
FNDA:533,makeId
FNDA:552,readLog
FNDA:533,writeLog
FNDA:533,(anonymous_3)
FNDA:10,(anonymous_4)
FNDA:4,(anonymous_5)
FNDA:9,(anonymous_6)
FNDA:5,(anonymous_7)
FNDA:8,(anonymous_8)
FNDA:2,(anonymous_9)
DA:14,4
DA:39,533
DA:43,552
DA:44,552
DA:45,551
DA:47,1
DA:52,533
DA:57,4
DA:71,533
DA:72,533
DA:81,533
DA:82,533
DA:84,533
DA:85,533
DA:93,10
DA:94,10
DA:99,4
DA:100,9
DA:105,5
DA:106,8
DA:111,2
LF:21
LH:21
BRDA:45,0,0,531
BRDA:45,0,1,20
BRDA:84,1,0,6
BRDA:84,1,1,527
BRF:4
BRH:4
end_of_record
TN:
SF:src\repositories\AuthRepository.ts
FN:20,(anonymous_0)
FN:22,isNative
FN:26,secureGet
FN:32,secureSet
FN:38,secureDelete
FN:46,(anonymous_5)
FN:48,(anonymous_6)
FN:57,(anonymous_7)
FN:62,(anonymous_8)
FN:69,(anonymous_9)
FN:70,(anonymous_10)
FN:72,(anonymous_11)
FN:77,(anonymous_12)
FN:84,(anonymous_13)
FN:93,(anonymous_14)
FN:98,(anonymous_15)
FN:101,(anonymous_16)
FNF:17
FNH:17
FNDA:40,(anonymous_0)
FNDA:56,isNative
FNDA:15,secureGet
FNDA:12,secureSet
FNDA:3,secureDelete
FNDA:9,(anonymous_5)
FNDA:10,(anonymous_6)
FNDA:34,(anonymous_7)
FNDA:24,(anonymous_8)
FNDA:2,(anonymous_9)
FNDA:2,(anonymous_10)
FNDA:4,(anonymous_11)
FNDA:8,(anonymous_12)
FNDA:10,(anonymous_13)
FNDA:6,(anonymous_14)
FNDA:5,(anonymous_15)
FNDA:8,(anonymous_16)
DA:9,2
DA:11,2
DA:19,2
DA:20,40
DA:23,56
DA:27,15
DA:33,12
DA:39,3
DA:44,2
DA:46,9
DA:49,10
DA:50,3
DA:52,7
DA:54,10
DA:58,34
DA:59,34
DA:63,24
DA:64,24
DA:65,24
DA:66,24
DA:70,2
DA:73,4
DA:74,4
DA:78,8
DA:79,6
DA:80,6
DA:81,4
DA:85,10
DA:86,8
DA:87,8
DA:88,6
DA:89,4
DA:90,2
DA:94,6
DA:95,6
DA:99,5
DA:102,8
DA:103,6
DA:104,6
DA:110,4
DA:112,2
LF:41
LH:41
BRDA:27,0,0,11
BRDA:27,0,1,4
BRDA:33,1,0,9
BRDA:33,1,1,3
BRDA:39,2,0,2
BRDA:39,2,1,1
BRDA:49,3,0,3
BRDA:49,3,1,7
BRDA:59,4,0,20
BRDA:59,4,1,14
BRDA:78,5,0,2
BRDA:78,5,1,6
BRDA:80,6,0,2
BRDA:80,6,1,4
BRDA:85,7,0,2
BRDA:85,7,1,8
BRDA:87,8,0,2
BRDA:87,8,1,6
BRDA:88,9,0,2
BRDA:88,9,1,4
BRDA:89,10,0,2
BRDA:89,10,1,2
BRDA:101,11,0,8
BRDA:102,12,0,2
BRDA:102,12,1,6
BRF:25
BRH:25
end_of_record
TN:
SF:src\repositories\CorrectiveActionRepository.ts
FN:6,writeAll
FN:13,makeId
FN:17,defaultDeadline
FN:23,readAll
FN:32,(anonymous_4)
FN:44,(anonymous_5)
FN:63,(anonymous_6)
FN:67,(anonymous_7)
FN:69,(anonymous_8)
FN:72,(anonymous_9)
FN:74,(anonymous_10)
FN:77,(anonymous_11)
FN:80,(anonymous_12)
FN:86,(anonymous_13)
FN:88,(anonymous_14)
FN:91,(anonymous_15)
FN:127,(anonymous_16)
FN:136,(anonymous_17)
FN:154,(anonymous_18)
FN:162,(anonymous_19)
FN:182,(anonymous_20)
FN:188,(anonymous_21)
FN:205,(anonymous_22)
FN:207,(anonymous_23)
FN:210,(anonymous_24)
FN:212,(anonymous_25)
FNF:26
FNH:26
FNDA:77,writeAll
FNDA:37,makeId
FNDA:1,defaultDeadline
FNDA:142,readAll
FNDA:149,(anonymous_4)
FNDA:1,(anonymous_5)
FNDA:43,(anonymous_6)
FNDA:5,(anonymous_7)
FNDA:8,(anonymous_8)
FNDA:4,(anonymous_9)
FNDA:7,(anonymous_10)
FNDA:4,(anonymous_11)
FNDA:12,(anonymous_12)
FNDA:6,(anonymous_13)
FNDA:9,(anonymous_14)
FNDA:16,(anonymous_15)
FNDA:14,(anonymous_16)
FNDA:15,(anonymous_17)
FNDA:43,(anonymous_18)
FNDA:23,(anonymous_19)
FNDA:12,(anonymous_20)
FNDA:10,(anonymous_21)
FNDA:5,(anonymous_22)
FNDA:7,(anonymous_23)
FNDA:4,(anonymous_24)
FNDA:8,(anonymous_25)
DA:7,77
DA:14,37
DA:18,1
DA:19,1
DA:20,1
DA:24,142
DA:25,142
DA:26,141
DA:28,106
DA:29,103
DA:30,103
DA:32,103
DA:33,149
DA:37,11
DA:38,11
DA:40,138
DA:43,103
DA:44,11
DA:47,103
DA:49,4
DA:62,7
DA:64,43
DA:68,5
DA:69,8
DA:73,4
DA:74,7
DA:78,4
DA:79,4
DA:80,12
DA:87,6
DA:88,9
DA:92,16
DA:93,16
DA:95,16
DA:96,16
DA:97,16
DA:99,16
DA:108,16
DA:109,29
DA:110,13
DA:111,10
DA:113,6
DA:115,29
DA:120,14
DA:124,16
DA:128,14
DA:129,14
DA:130,12
DA:132,9
DA:133,9
DA:134,9
DA:136,9
DA:137,15
DA:141,7
DA:142,7
DA:144,8
DA:147,9
DA:148,9
DA:158,43
DA:159,43
DA:160,43
DA:162,43
DA:163,43
DA:172,43
DA:173,3
DA:175,40
DA:178,43
DA:179,43
DA:187,12
DA:188,12
DA:189,12
DA:191,9
DA:192,9
DA:194,9
DA:202,9
DA:206,5
DA:207,7
DA:211,4
DA:212,8
LF:79
LH:79
BRDA:26,0,0,35
BRDA:26,0,1,106
BRDA:33,1,0,11
BRDA:33,1,1,138
BRDA:34,2,0,149
BRDA:34,2,1,46
BRDA:34,2,2,120
BRDA:43,3,0,11
BRDA:43,3,1,92
BRDA:80,4,0,12
BRDA:80,4,1,9
BRDA:80,4,2,6
BRDA:91,5,0,7
BRDA:109,6,0,16
BRDA:109,6,1,13
BRDA:110,7,0,3
BRDA:110,7,1,10
BRDA:111,8,0,4
BRDA:111,8,1,6
BRDA:115,9,0,14
BRDA:115,9,1,15
BRDA:116,10,0,29
BRDA:116,10,1,23
BRDA:116,10,2,20
BRDA:130,11,0,3
BRDA:130,11,1,9
BRDA:137,12,0,7
BRDA:137,12,1,8
BRDA:138,13,0,15
BRDA:138,13,1,6
BRDA:138,13,2,12
BRDA:147,14,0,5
BRDA:147,14,1,4
BRDA:160,15,0,43
BRDA:160,15,1,37
BRDA:172,16,0,3
BRDA:172,16,1,40
BRDA:189,17,0,3
BRDA:189,17,1,9
BRDA:199,18,0,5
BRDA:199,18,1,4
BRF:41
BRH:41
end_of_record
TN:
SF:src\repositories\FacilityRepository.ts
FN:29,parseCoord
FN:45,sanitizeCoords
FN:54,readAll
FN:59,writeAll
FN:70,(anonymous_4)
FN:72,(anonymous_5)
FN:79,(anonymous_6)
FN:94,(anonymous_7)
FN:99,(anonymous_8)
FN:111,(anonymous_9)
FN:113,(anonymous_10)
FN:120,(anonymous_11)
FNF:12
FNH:12
FNDA:11,parseCoord
FNDA:75,sanitizeCoords
FNDA:153,readAll
FNDA:80,writeAll
FNDA:16,(anonymous_4)
FNDA:11,(anonymous_5)
FNDA:66,(anonymous_6)
FNDA:13,(anonymous_7)
FNDA:10,(anonymous_8)
FNDA:10,(anonymous_9)
FNDA:7,(anonymous_10)
FNDA:6,(anonymous_11)
DA:16,6
DA:33,11
DA:34,10
DA:35,10
DA:36,9
DA:37,7
DA:38,6
DA:46,75
DA:47,75
DA:48,75
DA:49,75
DA:55,153
DA:56,152
DA:60,80
DA:65,6
DA:71,16
DA:72,16
DA:80,66
DA:81,66
DA:85,66
DA:86,66
DA:98,13
DA:99,13
DA:100,13
DA:101,9
DA:102,9
DA:103,9
DA:104,9
DA:112,10
DA:113,10
DA:114,10
DA:115,5
DA:116,5
DA:121,6
LF:34
LH:34
BRDA:33,0,0,1
BRDA:33,0,1,10
BRDA:33,1,0,11
BRDA:33,1,1,11
BRDA:33,1,2,11
BRDA:34,2,0,8
BRDA:34,2,1,2
BRDA:35,3,0,1
BRDA:35,3,1,9
BRDA:36,4,0,2
BRDA:36,4,1,7
BRDA:36,5,0,9
BRDA:36,5,1,5
BRDA:36,5,2,4
BRDA:37,6,0,1
BRDA:37,6,1,6
BRDA:37,7,0,7
BRDA:37,7,1,4
BRDA:37,7,2,4
BRDA:47,8,0,7
BRDA:47,8,1,68
BRDA:48,9,0,4
BRDA:48,9,1,71
BRDA:56,10,0,60
BRDA:56,10,1,92
BRDA:72,11,0,16
BRDA:72,11,1,8
BRDA:100,12,0,4
BRDA:100,12,1,9
BRDA:114,13,0,5
BRDA:114,13,1,5
BRF:31
BRH:31
end_of_record
TN:
SF:src\repositories\InspectionRepository.ts
FN:15,sanitizeItems
FN:16,(anonymous_1)
FN:27,loadAll
FN:37,saveAll
FN:43,(anonymous_4)
FN:47,(anonymous_5)
FN:49,(anonymous_6)
FN:52,(anonymous_7)
FN:54,(anonymous_8)
FN:57,(anonymous_9)
FN:59,(anonymous_10)
FN:62,(anonymous_11)
FN:64,(anonymous_12)
FN:78,(anonymous_13)
FN:79,(anonymous_14)
FN:131,(anonymous_15)
FN:133,(anonymous_16)
FN:134,(anonymous_17)
FN:146,(anonymous_18)
FN:148,(anonymous_19)
FNF:20
FNH:17
FNDA:28,sanitizeItems
FNDA:0,(anonymous_1)
FNDA:65,loadAll
FNDA:40,saveAll
FNDA:15,(anonymous_4)
FNDA:2,(anonymous_5)
FNDA:5,(anonymous_6)
FNDA:4,(anonymous_7)
FNDA:7,(anonymous_8)
FNDA:4,(anonymous_9)
FNDA:2,(anonymous_10)
FNDA:28,(anonymous_11)
FNDA:9,(anonymous_12)
FNDA:0,(anonymous_13)
FNDA:0,(anonymous_14)
FNDA:6,(anonymous_15)
FNDA:4,(anonymous_16)
FNDA:5,(anonymous_17)
FNDA:6,(anonymous_18)
FNDA:10,(anonymous_19)
DA:16,28
DA:17,0
DA:18,0
DA:19,0
DA:20,0
DA:21,0
DA:23,0
DA:28,65
DA:29,65
DA:30,38
DA:31,38
DA:33,2
DA:38,40
DA:39,40
DA:42,5
DA:44,15
DA:48,2
DA:49,5
DA:53,4
DA:54,7
DA:58,4
DA:59,4
DA:63,28
DA:64,28
DA:66,28
DA:70,28
DA:75,28
DA:76,14
DA:77,14
DA:78,0
DA:79,0
DA:81,14
DA:88,12
DA:93,14
DA:94,14
DA:101,28
DA:102,24
DA:104,4
DA:106,28
DA:108,28
DA:110,14
DA:119,14
DA:121,14
DA:122,14
DA:125,14
DA:126,14
DA:132,6
DA:133,6
DA:134,6
DA:135,6
DA:136,6
DA:138,3
DA:147,6
DA:148,10
DA:149,6
DA:151,6
LF:56
LH:48
BRDA:18,0,0,0
BRDA:18,0,1,0
BRDA:19,1,0,0
BRDA:19,1,1,0
BRDA:19,2,0,0
BRDA:19,2,1,0
BRDA:19,2,2,0
BRDA:29,3,0,27
BRDA:29,3,1,38
BRDA:54,4,0,7
BRDA:54,4,1,5
BRDA:59,5,0,4
BRDA:59,5,1,2
BRDA:66,6,0,28
BRDA:66,6,1,16
BRDA:66,6,2,3
BRDA:75,7,0,14
BRDA:75,7,1,14
BRDA:101,8,0,24
BRDA:101,8,1,4
BRDA:108,9,0,14
BRDA:108,9,1,14
BRDA:136,10,0,3
BRDA:136,10,1,3
BRF:24
BRH:17
end_of_record
TN:
SF:src\repositories\NotificationRepository.ts
FN:8,load
FN:13,save
FN:19,(anonymous_2)
FN:30,(anonymous_3)
FN:34,(anonymous_4)
FN:36,(anonymous_5)
FN:39,(anonymous_6)
FN:41,(anonymous_7)
FN:44,(anonymous_8)
FN:46,(anonymous_9)
FN:52,(anonymous_10)
FN:55,(anonymous_11)
FN:61,(anonymous_12)
FN:63,(anonymous_13)
FN:69,(anonymous_14)
FNF:15
FNH:15
FNDA:86,load
FNDA:52,save
FNDA:35,(anonymous_2)
FNDA:29,(anonymous_3)
FNDA:4,(anonymous_4)
FNDA:7,(anonymous_5)
FNDA:3,(anonymous_6)
FNDA:5,(anonymous_7)
FNDA:7,(anonymous_8)
FNDA:8,(anonymous_9)
FNDA:4,(anonymous_10)
FNDA:6,(anonymous_11)
FNDA:4,(anonymous_12)
FNDA:5,(anonymous_13)
FNDA:2,(anonymous_14)
DA:6,2
DA:9,86
DA:10,86
DA:14,52
DA:17,2
DA:20,35
DA:21,35
DA:26,35
DA:27,35
DA:31,29
DA:35,4
DA:36,7
DA:40,3
DA:41,5
DA:45,7
DA:46,7
DA:47,8
DA:49,7
DA:53,4
DA:54,4
DA:55,4
DA:56,6
DA:58,4
DA:62,4
DA:63,4
DA:64,5
DA:66,4
DA:70,2
LF:28
LH:28
BRDA:10,0,0,63
BRDA:10,0,1,23
BRDA:36,1,0,7
BRDA:36,1,1,3
BRDA:41,2,0,5
BRDA:41,2,1,4
BRDA:47,3,0,6
BRDA:47,3,1,2
BRDA:56,4,0,2
BRDA:56,4,1,4
BRDA:64,5,0,4
BRDA:64,5,1,1
BRF:12
BRH:12
end_of_record
TN:
SF:src\repositories\SettingsRepository.ts
FN:25,(anonymous_0)
FN:31,(anonymous_1)
FN:40,(anonymous_2)
FN:56,(anonymous_3)
FN:66,(anonymous_4)
FNF:5
FNH:5
FNDA:18,(anonymous_0)
FNDA:90,(anonymous_1)
FNDA:16,(anonymous_2)
FNDA:29,(anonymous_3)
FNDA:24,(anonymous_4)
DA:12,4
DA:18,4
DA:24,4
DA:26,18
DA:27,18
DA:28,18
DA:29,15
DA:30,15
DA:31,90
DA:32,45
DA:34,15
DA:36,3
DA:41,16
DA:42,16
DA:43,14
DA:44,10
DA:45,10
DA:46,10
DA:48,11
DA:50,10
DA:52,2
DA:60,29
DA:63,29
DA:64,8
DA:66,24
DA:74,25
DA:76,2
LF:27
LH:27
BRDA:32,0,0,19
BRDA:32,0,1,26
BRDA:32,1,0,45
BRDA:32,1,1,45
BRDA:43,2,0,4
BRDA:43,2,1,10
BRDA:43,3,0,14
BRDA:43,3,1,12
BRDA:63,4,0,8
BRDA:63,4,1,21
BRF:10
BRH:10
end_of_record
TN:
SF:src\repositories\keys.ts
FNF:0
FNH:0
DA:3,33
DA:45,33
LF:2
LH:2
BRF:0
BRH:0
end_of_record
TN:
SF:src\services\BackupService.ts
FN:44,buildPhotoUriMap
FN:67,applyPhotoUriMap
FN:73,(anonymous_2)
FN:75,(anonymous_3)
FN:133,exportBackup
FN:147,(anonymous_5)
FN:209,importBackup
FN:264,(anonymous_7)
FN:265,(anonymous_8)
FN:277,getLastBackupDate
FNF:10
FNH:10
FNDA:10,buildPhotoUriMap
FNDA:6,applyPhotoUriMap
FNDA:5,(anonymous_2)
FNDA:6,(anonymous_3)
FNDA:10,exportBackup
FNDA:90,(anonymous_5)
FNDA:18,importBackup
FNDA:11,(anonymous_7)
FNDA:11,(anonymous_8)
FNDA:3,getLastBackupDate
DA:39,1
DA:47,10
DA:48,10
DA:49,9
DA:50,2
DA:51,1
DA:53,2
DA:55,1
DA:59,10
DA:71,6
DA:73,5
DA:76,6
DA:77,6
DA:78,6
DA:79,6
DA:80,4
DA:82,6
DA:83,1
DA:85,6
DA:112,1
DA:135,10
DA:146,10
DA:147,90
DA:149,10
DA:153,10
DA:172,10
DA:173,10
DA:174,10
DA:175,10
DA:180,10
DA:181,10
DA:182,9
DA:190,10
DA:192,10
DA:211,18
DA:216,18
DA:218,17
DA:219,16
DA:222,14
DA:227,14
DA:228,14
DA:230,1
DA:234,13
DA:235,1
DA:239,12
DA:240,1
DA:245,11
DA:250,11
DA:263,11
DA:264,11
DA:265,11
DA:266,11
DA:268,11
DA:278,3
DA:279,3
DA:280,2
DA:282,1
LF:57
LH:57
BRDA:50,0,0,1
BRDA:50,0,1,1
BRDA:53,1,0,1
BRDA:53,1,1,1
BRDA:53,2,0,2
BRDA:53,2,1,2
BRDA:71,3,0,1
BRDA:71,3,1,5
BRDA:71,4,0,6
BRDA:71,4,1,6
BRDA:79,5,0,4
BRDA:79,5,1,2
BRDA:79,6,0,6
BRDA:79,6,1,5
BRDA:82,7,0,1
BRDA:82,7,1,5
BRDA:149,8,0,9
BRDA:149,8,1,1
BRDA:157,9,0,8
BRDA:157,9,1,2
BRDA:158,10,0,8
BRDA:158,10,1,2
BRDA:160,11,0,10
BRDA:160,11,1,2
BRDA:161,12,0,10
BRDA:161,12,1,2
BRDA:162,13,0,10
BRDA:162,13,1,2
BRDA:163,14,0,10
BRDA:163,14,1,2
BRDA:164,15,0,10
BRDA:164,15,1,2
BRDA:165,16,0,10
BRDA:165,16,1,2
BRDA:181,17,0,9
BRDA:181,17,1,1
BRDA:216,18,0,1
BRDA:216,18,1,17
BRDA:219,19,0,2
BRDA:219,19,1,14
BRDA:234,20,0,1
BRDA:234,20,1,12
BRDA:234,21,0,13
BRDA:234,21,1,12
BRDA:239,22,0,1
BRDA:239,22,1,11
BRDA:239,23,0,12
BRDA:239,23,1,11
BRDA:245,24,0,6
BRDA:245,24,1,5
BRDA:253,25,0,11
BRDA:253,25,1,1
BRDA:254,26,0,11
BRDA:254,26,1,0
BRDA:255,27,0,11
BRDA:255,27,1,0
BRDA:256,28,0,11
BRDA:256,28,1,0
BRDA:257,29,0,11
BRDA:257,29,1,0
BRDA:258,30,0,11
BRDA:258,30,1,0
BRDA:259,31,0,11
BRDA:259,31,1,0
BRDA:271,32,0,11
BRDA:271,32,1,1
BRDA:280,33,0,1
BRDA:280,33,1,1
BRF:68
BRH:62
end_of_record
TN:
SF:src\services\CapNotificationService.ts
FN:52,ensureChannel
FN:62,ensureDigestChannel
FN:72,ensureWeeklyChannel
FN:83,shouldRun
FN:93,markRan
FN:107,nextOrTodayMonday
FN:115,shouldRunWeekly
FN:126,markWeeklyRan
FN:133,startOfDay
FN:137,addDays
FN:144,schedulePerItemAlerts
FN:188,scheduleCapDigestNotification
FN:204,(anonymous_12)
FN:249,scheduleCapWeeklyDigest
FN:331,scheduleCapDeadlineNotifications
FN:365,cancelCapNotification
FN:375,cancelCapDigestNotification
FN:389,cancelCapWeeklyDigestNotification
FNF:18
FNH:18
FNDA:8,ensureChannel
FNDA:8,ensureDigestChannel
FNDA:8,ensureWeeklyChannel
FNDA:11,shouldRun
FNDA:8,markRan
FNDA:44,nextOrTodayMonday
FNDA:27,shouldRunWeekly
FNDA:18,markWeeklyRan
FNDA:34,startOfDay
FNDA:8,addDays
FNDA:8,schedulePerItemAlerts
FNDA:20,scheduleCapDigestNotification
FNDA:9,(anonymous_12)
FNDA:27,scheduleCapWeeklyDigest
FNDA:11,scheduleCapDeadlineNotifications
FNDA:2,cancelCapNotification
FNDA:3,cancelCapDigestNotification
FNDA:4,cancelCapWeeklyDigestNotification
DA:31,1
DA:33,1
DA:34,1
DA:35,1
DA:36,1
DA:39,0
DA:43,1
DA:44,1
DA:45,1
DA:46,1
DA:47,1
DA:48,1
DA:49,1
DA:53,8
DA:54,8
DA:63,8
DA:64,8
DA:73,8
DA:74,8
DA:84,11
DA:85,11
DA:86,10
DA:87,10
DA:89,1
DA:94,8
DA:95,8
DA:108,44
DA:109,44
DA:110,44
DA:111,44
DA:112,44
DA:116,27
DA:117,27
DA:118,26
DA:120,26
DA:122,1
DA:127,18
DA:128,18
DA:134,34
DA:138,8
DA:139,8
DA:140,8
DA:145,8
DA:146,8
DA:147,8
DA:148,8
DA:150,8
DA:151,7
DA:152,7
DA:155,7
DA:156,7
DA:158,5
DA:159,5
DA:160,5
DA:162,5
DA:167,5
DA:171,5
DA:189,20
DA:190,20
DA:191,20
DA:192,20
DA:193,1
DA:196,20
DA:197,19
DA:198,19
DA:199,19
DA:200,19
DA:202,19
DA:203,19
DA:204,9
DA:206,19
DA:208,19
DA:210,13
DA:211,13
DA:212,13
DA:213,13
DA:215,13
DA:219,13
DA:220,13
DA:221,13
DA:223,13
DA:225,13
DA:242,13
DA:244,1
DA:250,27
DA:251,27
DA:252,27
DA:255,26
DA:256,26
DA:257,1
DA:261,26
DA:264,25
DA:267,18
DA:273,18
DA:274,6
DA:275,12
DA:276,4
DA:278,8
DA:282,18
DA:283,18
DA:284,18
DA:285,18
DA:286,18
DA:287,18
DA:290,18
DA:291,18
DA:292,18
DA:295,18
DA:296,18
DA:297,1
DA:300,18
DA:302,18
DA:319,18
DA:320,18
DA:322,18
DA:326,1
DA:332,11
DA:333,11
DA:334,11
DA:335,10
DA:336,9
DA:338,8
DA:339,8
DA:340,8
DA:344,8
DA:345,8
DA:346,1
DA:350,8
DA:353,8
DA:356,8
DA:358,8
DA:360,0
DA:366,2
DA:367,2
DA:368,2
DA:370,1
DA:376,3
DA:377,3
DA:378,3
DA:379,3
DA:380,2
DA:381,1
DA:384,1
DA:390,4
DA:391,4
DA:392,4
DA:393,4
DA:394,3
DA:395,2
DA:396,2
DA:399,1
LF:151
LH:149
BRDA:35,0,0,1
BRDA:35,0,1,0
BRDA:53,1,0,0
BRDA:53,1,1,8
BRDA:53,2,0,8
BRDA:53,2,1,8
BRDA:63,3,0,0
BRDA:63,3,1,8
BRDA:63,4,0,8
BRDA:63,4,1,8
BRDA:73,5,0,0
BRDA:73,5,1,8
BRDA:73,6,0,8
BRDA:73,6,1,8
BRDA:107,7,0,44
BRDA:110,8,0,2
BRDA:110,8,1,42
BRDA:110,9,0,42
BRDA:110,9,1,0
BRDA:156,10,0,2
BRDA:156,10,1,5
BRDA:156,11,0,7
BRDA:156,11,1,6
BRDA:160,12,0,0
BRDA:160,12,1,5
BRDA:167,13,0,5
BRDA:167,13,1,0
BRDA:177,14,0,5
BRDA:177,14,1,5
BRDA:189,15,0,0
BRDA:189,15,1,20
BRDA:192,16,0,1
BRDA:192,16,1,19
BRDA:204,17,0,9
BRDA:204,17,1,9
BRDA:208,18,0,6
BRDA:208,18,1,13
BRDA:208,19,0,19
BRDA:208,19,1,10
BRDA:208,19,2,7
BRDA:211,20,0,9
BRDA:211,20,1,4
BRDA:212,21,0,3
BRDA:212,21,1,10
BRDA:213,22,0,8
BRDA:213,22,1,5
BRDA:215,23,0,9
BRDA:215,23,1,4
BRDA:216,24,0,3
BRDA:216,24,1,6
BRDA:221,25,0,1
BRDA:221,25,1,12
BRDA:232,26,0,9
BRDA:232,26,1,4
BRDA:234,27,0,13
BRDA:234,27,1,13
BRDA:250,28,0,0
BRDA:250,28,1,27
BRDA:252,29,0,1
BRDA:252,29,1,26
BRDA:256,30,0,1
BRDA:256,30,1,25
BRDA:264,31,0,7
BRDA:264,31,1,18
BRDA:267,32,0,18
BRDA:267,32,1,0
BRDA:273,33,0,6
BRDA:273,33,1,12
BRDA:274,34,0,1
BRDA:274,34,1,5
BRDA:275,35,0,4
BRDA:275,35,1,8
BRDA:276,36,0,3
BRDA:276,36,1,1
BRDA:283,37,0,16
BRDA:283,37,1,2
BRDA:284,38,0,2
BRDA:284,38,1,16
BRDA:285,39,0,6
BRDA:285,39,1,12
BRDA:286,40,0,4
BRDA:286,40,1,14
BRDA:296,41,0,1
BRDA:296,41,1,17
BRDA:309,42,0,6
BRDA:309,42,1,12
BRDA:311,43,0,18
BRDA:311,43,1,18
BRDA:332,44,0,0
BRDA:332,44,1,11
BRDA:334,45,0,1
BRDA:334,45,1,10
BRDA:335,46,0,1
BRDA:335,46,1,9
BRDA:336,47,0,1
BRDA:336,47,1,8
BRDA:345,48,0,1
BRDA:345,48,1,7
BRDA:366,49,0,0
BRDA:366,49,1,2
BRDA:376,50,0,0
BRDA:376,50,1,3
BRDA:379,51,0,2
BRDA:379,51,1,1
BRDA:390,52,0,0
BRDA:390,52,1,4
BRDA:393,53,0,3
BRDA:393,53,1,1
BRF:108
BRH:94
end_of_record
TN:
SF:src\services\CapReportService.ts
FN:51,formatDate
FN:63,buildCapHTML
FN:71,(anonymous_2)
FN:72,(anonymous_3)
FN:73,(anonymous_4)
FN:74,(anonymous_5)
FN:93,(anonymous_6)
FN:277,(anonymous_7)
FN:288,(anonymous_8)
FN:289,(anonymous_9)
FNF:10
FNH:10
FNDA:12,formatDate
FNDA:9,buildCapHTML
FNDA:12,(anonymous_2)
FNDA:12,(anonymous_3)
FNDA:12,(anonymous_4)
FNDA:12,(anonymous_5)
FNDA:12,(anonymous_6)
FNDA:11,(anonymous_7)
FNDA:3,(anonymous_8)
FNDA:6,(anonymous_9)
DA:23,1
DA:30,1
DA:37,1
DA:44,1
DA:52,12
DA:53,12
DA:57,0
DA:68,9
DA:69,9
DA:71,12
DA:72,12
DA:73,12
DA:74,12
DA:75,9
DA:76,9
DA:79,9
DA:92,9
DA:94,12
DA:95,12
DA:96,12
DA:97,12
DA:111,9
DA:270,1
DA:278,11
DA:279,11
DA:285,11
DA:288,3
DA:289,6
DA:291,11
DA:292,2
DA:293,2
DA:296,9
DA:302,9
DA:303,8
DA:305,7
DA:307,7
DA:308,7
DA:309,7
DA:316,1
DA:319,1
DA:320,1
LF:41
LH:40
BRDA:76,0,0,9
BRDA:76,0,1,0
BRDA:94,1,0,10
BRDA:94,1,1,2
BRDA:104,2,0,1
BRDA:104,2,1,11
BRDA:105,3,0,12
BRDA:105,3,1,1
BRDA:106,4,0,12
BRDA:106,4,1,0
BRDA:229,5,0,9
BRDA:229,5,1,0
BRDA:238,6,0,9
BRDA:238,6,1,0
BRDA:277,7,0,7
BRDA:285,8,0,2
BRDA:285,8,1,9
BRDA:287,9,0,2
BRDA:287,9,1,7
BRDA:289,10,0,6
BRDA:289,10,1,1
BRDA:289,10,2,0
BRDA:291,11,0,2
BRDA:291,11,1,9
BRDA:302,12,0,8
BRDA:302,12,1,1
BRDA:305,13,0,7
BRDA:305,13,1,0
BRF:28
BRH:22
end_of_record
TN:
SF:src\services\IntegrityService.ts
FN:17,canonicalise
FN:25,sha256Hex
FN:35,readHashes
FN:44,writeHashes
FN:55,(anonymous_4)
FN:63,(anonymous_5)
FN:75,(anonymous_6)
FN:87,(anonymous_7)
FN:93,(anonymous_8)
FN:101,(anonymous_9)
FNF:10
FNH:10
FNDA:42,canonicalise
FNDA:42,sha256Hex
FNDA:30,readHashes
FNDA:17,writeHashes
FNDA:17,(anonymous_4)
FNDA:12,(anonymous_5)
FNDA:13,(anonymous_6)
FNDA:3,(anonymous_7)
FNDA:2,(anonymous_8)
FNDA:17,(anonymous_9)
DA:19,42
DA:20,42
DA:26,42
DA:36,30
DA:37,30
DA:38,30
DA:40,0
DA:45,17
DA:50,3
DA:56,17
DA:64,12
DA:65,12
DA:66,12
DA:67,12
DA:68,12
DA:78,13
DA:79,13
DA:80,13
DA:81,13
DA:82,4
DA:84,9
DA:88,3
DA:89,3
DA:90,3
DA:94,2
DA:95,2
DA:96,2
DA:101,17
DA:102,3
LF:29
LH:28
BRDA:38,0,0,20
BRDA:38,0,1,10
BRDA:81,1,0,4
BRDA:81,1,1,9
BRF:4
BRH:4
end_of_record
TN:
SF:src\services\NotificationService.ts
FN:22,getNotifications
FN:38,getNotificationsWithHandler
FN:43,(anonymous_2)
FN:62,requestPermission
FN:91,isEnabled
FN:100,setEnabled
FN:110,scheduleForAgendaItem
FN:163,cancelForAgendaItem
FN:176,rescheduleAll
FNF:9
FNH:8
FNDA:48,getNotifications
FNDA:48,getNotificationsWithHandler
FNDA:0,(anonymous_2)
FNDA:14,requestPermission
FNDA:13,isEnabled
FNDA:8,setEnabled
FNDA:9,scheduleForAgendaItem
FNDA:13,cancelForAgendaItem
FNDA:4,rescheduleAll
DA:23,48
DA:25,48
DA:28,48
DA:30,44
DA:37,4
DA:39,48
DA:40,48
DA:41,2
DA:42,2
DA:43,0
DA:50,48
DA:63,14
DA:64,14
DA:65,13
DA:66,13
DA:67,12
DA:69,2
DA:70,2
DA:82,1
DA:84,1
DA:85,1
DA:92,13
DA:93,13
DA:94,13
DA:96,0
DA:101,8
DA:102,8
DA:103,8
DA:104,4
DA:113,9
DA:114,9
DA:115,8
DA:116,8
DA:117,8
DA:119,7
DA:120,7
DA:122,7
DA:123,7
DA:125,7
DA:128,7
DA:129,7
DA:130,3
DA:143,6
DA:144,6
DA:145,6
DA:146,2
DA:159,1
DA:164,13
DA:165,13
DA:166,12
DA:167,12
DA:172,1
DA:179,4
DA:180,4
DA:181,3
DA:182,3
DA:183,2
DA:184,2
DA:185,1
DA:187,1
LF:60
LH:58
BRDA:28,0,0,4
BRDA:28,0,1,44
BRDA:40,1,0,2
BRDA:40,1,1,46
BRDA:40,2,0,48
BRDA:40,2,1,44
BRDA:64,3,0,1
BRDA:64,3,1,13
BRDA:67,4,0,10
BRDA:67,4,1,2
BRDA:70,5,0,1
BRDA:70,5,1,1
BRDA:94,6,0,9
BRDA:94,6,1,4
BRDA:103,7,0,4
BRDA:103,7,1,4
BRDA:103,8,0,8
BRDA:103,8,1,4
BRDA:114,9,0,1
BRDA:114,9,1,8
BRDA:117,10,0,1
BRDA:117,10,1,7
BRDA:120,11,0,0
BRDA:120,11,1,7
BRDA:129,12,0,3
BRDA:129,12,1,4
BRDA:137,13,0,3
BRDA:137,13,1,3
BRDA:145,14,0,2
BRDA:145,14,1,4
BRDA:153,15,0,2
BRDA:153,15,1,2
BRDA:165,16,0,1
BRDA:165,16,1,12
BRDA:180,17,0,1
BRDA:180,17,1,3
BRDA:184,18,0,1
BRDA:184,18,1,1
BRF:38
BRH:37
end_of_record
TN:
SF:src\services\PhotoService.ts
FN:16,ensureDir
FN:30,copyToAppStorage
FN:54,deletePhoto
FN:71,photoExists
FNF:4
FNH:4
FNDA:4,ensureDir
FNDA:4,copyToAppStorage
FNDA:3,deletePhoto
FNDA:3,photoExists
DA:13,1
DA:17,4
DA:18,4
DA:19,1
DA:34,4
DA:35,4
DA:38,4
DA:39,4
DA:40,4
DA:41,3
DA:43,1
DA:44,1
DA:55,3
DA:56,3
DA:57,2
DA:58,1
DA:61,1
DA:72,3
DA:73,3
DA:74,2
DA:76,1
LF:21
LH:21
BRDA:18,0,0,1
BRDA:18,0,1,3
BRDA:57,1,0,1
BRDA:57,1,1,1
BRF:4
BRH:4
end_of_record
TN:
SF:src\services\SessionLockService.ts
FN:23,(anonymous_0)
FN:28,(anonymous_1)
FN:33,(anonymous_2)
FN:39,(anonymous_3)
FN:51,(anonymous_4)
FNF:5
FNH:5
FNDA:1,(anonymous_0)
FNDA:2,(anonymous_1)
FNDA:15,(anonymous_2)
FNDA:16,(anonymous_3)
FNDA:14,(anonymous_4)
DA:16,1
DA:19,1
DA:20,1
DA:24,1
DA:29,2
DA:34,15
DA:35,15
DA:40,16
DA:42,14
DA:43,14
DA:45,11
DA:46,11
DA:52,14
DA:53,14
DA:54,12
DA:55,12
DA:56,9
DA:57,9
DA:58,6
DA:60,2
DA:65,1
LF:21
LH:21
BRDA:40,0,0,2
BRDA:40,0,1,14
BRDA:43,1,0,3
BRDA:43,1,1,11
BRDA:55,2,0,3
BRDA:55,2,1,9
BRDA:55,3,0,12
BRDA:55,3,1,10
BRDA:57,4,0,3
BRDA:57,4,1,6
BRDA:57,5,0,9
BRDA:57,5,1,8
BRF:12
BRH:12
end_of_record
TN:
SF:src\services\SyncService.ts
FN:58,getSyncApiUrl
FN:76,readQueue
FN:85,writeQueue
FN:91,checkOnline
FN:111,enqueue
FN:113,(anonymous_5)
FN:137,flush
FN:192,getSyncStatus
FN:207,clearQueue
FNF:9
FNH:9
FNDA:13,getSyncApiUrl
FNDA:47,readQueue
FNDA:39,writeQueue
FNDA:18,checkOnline
FNDA:31,enqueue
FNDA:11,(anonymous_5)
FNDA:13,flush
FNDA:6,getSyncStatus
FNDA:1,clearQueue
DA:56,1
DA:59,13
DA:77,47
DA:78,47
DA:79,47
DA:81,3
DA:86,39
DA:92,18
DA:94,18
DA:102,18
DA:103,16
DA:105,2
DA:112,31
DA:113,31
DA:115,31
DA:121,31
DA:122,5
DA:125,5
DA:126,5
DA:127,5
DA:128,3
DA:131,26
DA:134,31
DA:138,13
DA:139,13
DA:141,12
DA:142,12
DA:144,10
DA:145,10
DA:147,8
DA:148,8
DA:150,8
DA:151,10
DA:157,10
DA:162,9
DA:164,6
DA:165,3
DA:170,0
DA:173,3
DA:176,1
DA:180,8
DA:182,8
DA:183,5
DA:189,8
DA:193,6
DA:198,6
DA:200,6
DA:208,1
LF:48
LH:47
BRDA:59,0,0,13
BRDA:59,0,1,1
BRDA:59,1,0,13
BRDA:59,1,1,1
BRDA:79,2,0,22
BRDA:79,2,1,25
BRDA:103,3,0,16
BRDA:103,3,1,14
BRDA:121,4,0,5
BRDA:121,4,1,26
BRDA:125,5,0,5
BRDA:125,5,1,2
BRDA:125,5,2,1
BRDA:126,6,0,5
BRDA:126,6,1,2
BRDA:126,6,2,1
BRDA:127,7,0,3
BRDA:127,7,1,2
BRDA:139,8,0,1
BRDA:139,8,1,12
BRDA:142,9,0,2
BRDA:142,9,1,10
BRDA:145,10,0,2
BRDA:145,10,1,8
BRDA:162,11,0,6
BRDA:162,11,1,3
BRDA:165,12,0,0
BRDA:165,12,1,3
BRDA:182,13,0,5
BRDA:182,13,1,3
BRDA:202,14,0,1
BRDA:202,14,1,5
BRF:32
BRH:31
end_of_record
TN:
SF:src\services\apiClient.ts
FN:19,getApiUrl
FN:28,apiClient
FN:34,(anonymous_2)
FNF:3
FNH:3
FNDA:7,getApiUrl
FNDA:7,apiClient
FNDA:8,(anonymous_2)
DA:18,1
DA:20,7
DA:32,7
DA:34,8
DA:40,7
DA:42,7
DA:48,6
DA:49,2
DA:50,2
DA:51,1
DA:58,5
LF:11
LH:11
BRDA:20,0,0,7
BRDA:20,0,1,7
BRDA:20,1,0,7
BRDA:20,1,1,7
BRDA:30,2,0,6
BRDA:36,3,0,8
BRDA:36,3,1,7
BRDA:37,4,0,7
BRDA:37,4,1,1
BRDA:48,5,0,2
BRDA:48,5,1,4
BRDA:50,6,0,1
BRDA:50,6,1,1
BRF:13
BRH:13
end_of_record
TN:
SF:src\services\briefService.ts
FN:14,buildBrief
FN:17,(anonymous_1)
FN:18,(anonymous_2)
FN:35,(anonymous_3)
FN:36,(anonymous_4)
FNF:5
FNH:5
FNDA:8,buildBrief
FNDA:8,(anonymous_1)
FNDA:1,(anonymous_2)
FNDA:8,(anonymous_3)
FNDA:7,(anonymous_4)
DA:15,8
DA:16,8
DA:17,8
DA:18,1
DA:20,8
DA:22,8
DA:23,2
DA:33,6
DA:34,6
DA:35,8
DA:36,7
DA:39,6
LF:12
LH:12
BRDA:20,0,0,8
BRDA:20,0,1,2
BRDA:22,1,0,2
BRDA:22,1,1,6
BRDA:36,2,0,7
BRDA:36,2,1,0
BRDA:36,3,0,7
BRDA:36,3,1,1
BRDA:42,4,0,6
BRDA:42,4,1,1
BRDA:43,5,0,6
BRDA:43,5,1,1
BRF:12
BRH:11
end_of_record
TN:
SF:src\services\capFactory.ts
FN:11,defaultDeadlineDays
FN:20,deadlineFromToday
FN:26,createCapItemsFromInspection
FN:34,(anonymous_3)
FN:35,(anonymous_4)
FN:39,(anonymous_5)
FNF:6
FNH:6
FNDA:10,defaultDeadlineDays
FNDA:10,deadlineFromToday
FNDA:10,createCapItemsFromInspection
FNDA:2,(anonymous_3)
FNDA:1,(anonymous_4)
FNDA:13,(anonymous_5)
DA:12,10
DA:13,2
DA:14,1
DA:15,6
DA:16,1
DA:21,10
DA:22,10
DA:23,10
DA:31,10
DA:32,10
DA:34,2
DA:35,1
DA:38,10
DA:39,13
DA:42,10
DA:43,11
DA:49,10
DA:53,10
LF:18
LH:18
BRDA:12,0,0,2
BRDA:12,0,1,1
BRDA:12,0,2,6
BRDA:12,0,3,1
BRDA:43,1,0,1
BRDA:43,1,1,10
BRDA:49,2,0,1
BRDA:49,2,1,9
BRDA:63,3,0,10
BRDA:63,3,1,0
BRF:10
BRH:9
end_of_record
TN:
SF:src\services\decisionSupport.ts
FN:72,suggestDecision
FNF:1
FNH:1
FNDA:40,suggestDecision
DA:60,2
DA:76,40
DA:78,40
DA:79,40
DA:86,40
DA:87,2
DA:89,40
DA:90,6
DA:92,40
DA:93,25
DA:95,40
DA:96,1
DA:99,40
DA:100,40
DA:101,40
DA:103,40
DA:104,4
DA:106,40
DA:107,2
DA:109,40
DA:110,1
DA:116,40
DA:118,2
DA:119,2
DA:120,2
DA:121,2
DA:122,2
DA:124,38
DA:126,1
DA:127,1
DA:128,1
DA:129,1
DA:130,1
DA:132,37
DA:133,3
DA:134,3
DA:135,3
DA:136,3
DA:137,3
DA:141,34
DA:142,26
DA:143,26
DA:144,26
DA:145,26
DA:149,8
DA:150,4
DA:151,4
DA:152,4
DA:153,4
DA:157,4
DA:158,4
DA:159,4
DA:160,4
DA:163,40
DA:164,6
DA:167,40
LF:56
LH:56
BRDA:86,0,0,2
BRDA:86,0,1,38
BRDA:89,1,0,6
BRDA:89,1,1,34
BRDA:92,2,0,25
BRDA:92,2,1,15
BRDA:95,3,0,1
BRDA:95,3,1,39
BRDA:99,4,0,40
BRDA:99,4,1,35
BRDA:100,5,0,5
BRDA:100,5,1,35
BRDA:101,6,0,40
BRDA:101,6,1,35
BRDA:103,7,0,4
BRDA:103,7,1,36
BRDA:106,8,0,2
BRDA:106,8,1,38
BRDA:109,9,0,1
BRDA:109,9,1,39
BRDA:116,10,0,2
BRDA:116,10,1,38
BRDA:116,11,0,40
BRDA:116,11,1,5
BRDA:124,12,0,1
BRDA:124,12,1,37
BRDA:124,13,0,38
BRDA:124,13,1,3
BRDA:132,14,0,3
BRDA:132,14,1,34
BRDA:133,15,0,1
BRDA:133,15,1,2
BRDA:137,16,0,1
BRDA:137,16,1,2
BRDA:141,17,0,26
BRDA:141,17,1,8
BRDA:142,18,0,1
BRDA:142,18,1,25
BRDA:143,19,0,1
BRDA:143,19,1,25
BRDA:145,20,0,1
BRDA:145,20,1,25
BRDA:149,21,0,4
BRDA:149,21,1,4
BRDA:163,22,0,6
BRDA:163,22,1,34
BRF:46
BRH:46
end_of_record
TN:
SF:src\services\differentialView.ts
FN:73,buildDifferentialView
FN:90,(anonymous_1)
FN:95,(anonymous_2)
FN:107,(anonymous_3)
FN:126,(anonymous_4)
FN:127,(anonymous_5)
FN:128,(anonymous_6)
FN:148,buildDifferentialViewSync
FN:159,(anonymous_8)
FN:178,(anonymous_9)
FN:179,(anonymous_10)
FN:180,(anonymous_11)
FNF:12
FNH:12
FNDA:9,buildDifferentialView
FNDA:15,(anonymous_1)
FNDA:1,(anonymous_2)
FNDA:41,(anonymous_3)
FNDA:41,(anonymous_4)
FNDA:41,(anonymous_5)
FNDA:41,(anonymous_6)
FNDA:2,buildDifferentialViewSync
FNDA:10,(anonymous_8)
FNDA:10,(anonymous_9)
FNDA:10,(anonymous_10)
FNDA:10,(anonymous_11)
DA:77,9
DA:79,9
DA:80,3
DA:83,3
DA:86,9
DA:87,8
DA:88,8
DA:91,15
DA:95,1
DA:96,8
DA:100,9
DA:101,9
DA:102,6
DA:103,21
DA:107,9
DA:108,41
DA:111,41
DA:112,20
DA:113,21
DA:114,6
DA:115,15
DA:116,5
DA:117,10
DA:118,5
DA:120,5
DA:123,41
DA:126,41
DA:127,41
DA:128,41
DA:130,9
DA:152,2
DA:153,2
DA:154,1
DA:155,4
DA:159,2
DA:160,10
DA:163,10
DA:164,6
DA:165,4
DA:166,1
DA:167,3
DA:168,1
DA:169,2
DA:170,1
DA:172,1
DA:175,10
DA:178,10
DA:179,10
DA:180,10
DA:182,2
LF:50
LH:50
BRDA:79,0,0,3
BRDA:79,0,1,6
BRDA:83,1,0,1
BRDA:83,1,1,2
BRDA:86,2,0,8
BRDA:86,2,1,1
BRDA:91,3,0,15
BRDA:91,3,1,14
BRDA:91,3,2,14
BRDA:96,4,0,8
BRDA:96,4,1,3
BRDA:101,5,0,6
BRDA:101,5,1,3
BRDA:111,6,0,20
BRDA:111,6,1,21
BRDA:111,7,0,41
BRDA:111,7,1,26
BRDA:113,8,0,6
BRDA:113,8,1,15
BRDA:113,9,0,21
BRDA:113,9,1,11
BRDA:115,10,0,5
BRDA:115,10,1,10
BRDA:115,11,0,15
BRDA:115,11,1,5
BRDA:117,12,0,5
BRDA:117,12,1,5
BRDA:117,13,0,10
BRDA:117,13,1,10
BRDA:153,14,0,1
BRDA:153,14,1,1
BRDA:163,15,0,6
BRDA:163,15,1,4
BRDA:163,16,0,10
BRDA:163,16,1,5
BRDA:165,17,0,1
BRDA:165,17,1,3
BRDA:165,18,0,4
BRDA:165,18,1,2
BRDA:167,19,0,1
BRDA:167,19,1,2
BRDA:167,20,0,3
BRDA:167,20,1,1
BRDA:169,21,0,1
BRDA:169,21,1,1
BRDA:169,22,0,2
BRDA:169,22,1,2
BRF:47
BRH:47
end_of_record
TN:
SF:src\services\followUpService.ts
FN:9,addDays
FN:22,createFollowUpIfNeeded
FN:34,(anonymous_2)
FNF:3
FNH:3
FNDA:4,addDays
FNDA:7,createFollowUpIfNeeded
FNDA:1,(anonymous_2)
DA:10,4
DA:11,4
DA:12,4
DA:23,7
DA:26,6
DA:29,6
DA:32,5
DA:33,5
DA:35,1
DA:38,5
DA:40,4
DA:41,4
DA:43,4
LF:13
LH:13
BRDA:23,0,0,1
BRDA:23,0,1,6
BRDA:26,1,0,6
BRDA:26,1,1,2
BRDA:29,2,0,1
BRDA:29,2,1,5
BRDA:35,3,0,1
BRDA:35,3,1,1
BRDA:38,4,0,1
BRDA:38,4,1,4
BRDA:41,5,0,3
BRDA:41,5,1,1
BRF:12
BRH:12
end_of_record
TN:
SF:src\services\geofencingService.ts
FN:7,toRad
FN:11,haversineDistance
FN:29,checkProximity
FNF:3
FNH:3
FNDA:52,toRad
FNDA:13,haversineDistance
FNDA:13,checkProximity
DA:4,1
DA:5,1
DA:8,52
DA:15,13
DA:16,13
DA:18,13
DA:20,13
DA:37,13
DA:38,13
LF:9
LH:9
BRDA:32,0,0,13
BRF:1
BRH:1
end_of_record
TN:
SF:src\services\meetingGateService.ts
FN:10,persistOpeningMeetingDone
FN:20,persistClosingMeetingDone
FNF:2
FNH:2
FNDA:3,persistOpeningMeetingDone
FNDA:3,persistClosingMeetingDone
DA:11,3
DA:12,3
DA:13,2
DA:21,3
DA:22,3
DA:23,2
LF:6
LH:6
BRDA:12,0,0,1
BRDA:12,0,1,2
BRDA:22,1,0,1
BRDA:22,1,1,2
BRF:4
BRH:4
end_of_record
TN:
SF:src\services\serverAuth.ts
FN:22,getApiUrl
FN:30,isNative
FN:34,secureGet
FN:40,secureSet
FN:46,secureDelete
FN:54,decodeJwtPayload
FN:65,isTokenExpired
FN:79,saveTokens
FN:86,clearTokens
FN:96,refreshAccessToken
FN:126,getAccessToken
FN:149,login
FN:183,isLoggedIn
FN:191,getServerUserId
FN:200,registerPushToken
FNF:15
FNH:15
FNDA:12,getApiUrl
FNDA:36,isNative
FNDA:19,secureGet
FNDA:11,secureSet
FNDA:6,secureDelete
FNDA:6,decodeJwtPayload
FNDA:6,isTokenExpired
FNDA:5,saveTokens
FNDA:2,clearTokens
FNDA:7,refreshAccessToken
FNDA:8,getAccessToken
FNDA:5,login
FNDA:2,isLoggedIn
FNDA:2,getServerUserId
FNDA:3,registerPushToken
DA:21,1
DA:23,12
DA:26,1
DA:31,36
DA:35,19
DA:41,11
DA:47,6
DA:55,6
DA:56,6
DA:57,6
DA:58,6
DA:59,5
DA:61,1
DA:66,6
DA:67,6
DA:69,5
DA:80,5
DA:87,2
DA:97,7
DA:98,7
DA:100,5
DA:101,5
DA:107,3
DA:108,1
DA:109,1
DA:112,2
DA:113,2
DA:114,2
DA:116,2
DA:127,8
DA:128,8
DA:129,6
DA:130,3
DA:150,5
DA:151,5
DA:157,4
DA:164,4
DA:165,2
DA:168,2
DA:169,2
DA:170,1
DA:173,2
DA:175,1
DA:184,2
DA:185,2
DA:192,2
DA:201,3
DA:202,3
DA:204,2
DA:205,2
LF:50
LH:50
BRDA:23,0,0,12
BRDA:23,0,1,12
BRDA:23,1,0,12
BRDA:23,1,1,12
BRDA:35,2,0,19
BRDA:35,2,1,0
BRDA:41,3,0,11
BRDA:41,3,1,0
BRDA:47,4,0,6
BRDA:47,4,1,0
BRDA:57,5,0,0
BRDA:57,5,1,6
BRDA:67,6,0,1
BRDA:67,6,1,5
BRDA:98,7,0,2
BRDA:98,7,1,5
BRDA:107,8,0,1
BRDA:107,8,1,2
BRDA:128,9,0,2
BRDA:128,9,1,6
BRDA:129,10,0,3
BRDA:129,10,1,3
BRDA:164,11,0,2
BRDA:164,11,1,2
BRDA:165,12,0,2
BRDA:165,12,1,1
BRDA:169,13,0,1
BRDA:169,13,1,1
BRDA:202,14,0,1
BRDA:202,14,1,2
BRF:30
BRH:26
end_of_record
TN:
SF:src\services\violationHistory.ts
FN:45,getCompletedForFacility
FN:53,(anonymous_1)
FN:58,(anonymous_2)
FN:65,getPriorCompletedInspection
FN:81,getPriorItemStatus
FN:89,(anonymous_5)
FN:93,annotateRepeatViolations
FN:108,(anonymous_7)
FN:120,(anonymous_8)
FNF:9
FNH:9
FNDA:13,getCompletedForFacility
FNDA:12,(anonymous_1)
FNDA:1,(anonymous_2)
FNDA:15,getPriorCompletedInspection
FNDA:4,getPriorItemStatus
FNDA:4,(anonymous_5)
FNDA:4,annotateRepeatViolations
FNDA:5,(anonymous_7)
FNDA:4,(anonymous_8)
DA:50,13
DA:51,13
DA:54,12
DA:58,1
DA:71,15
DA:72,5
DA:73,5
DA:74,2
DA:77,13
DA:78,13
DA:87,4
DA:88,4
DA:89,4
DA:90,3
DA:100,4
DA:107,4
DA:108,5
DA:115,2
DA:116,2
DA:117,3
DA:120,2
DA:121,4
DA:123,4
DA:126,4
LF:24
LH:24
BRDA:54,0,0,12
BRDA:54,0,1,11
BRDA:54,0,2,11
BRDA:71,1,0,5
BRDA:71,1,1,10
BRDA:73,2,0,2
BRDA:73,2,1,3
BRDA:73,3,0,5
BRDA:73,3,1,4
BRDA:73,3,2,3
BRDA:78,4,0,13
BRDA:78,4,1,4
BRDA:88,5,0,1
BRDA:88,5,1,3
BRDA:107,6,0,2
BRDA:107,6,1,2
BRDA:123,7,0,4
BRDA:123,7,1,3
BRF:18
BRH:18
end_of_record
TN:
SF:src\stores\CriteriaPreviewStore.ts
FN:13,(anonymous_0)
FN:16,(anonymous_1)
FN:21,(anonymous_2)
FN:25,(anonymous_3)
FN:29,(anonymous_4)
FNF:5
FNH:5
FNDA:10,(anonymous_0)
FNDA:15,(anonymous_1)
FNDA:8,(anonymous_2)
FNDA:7,(anonymous_3)
FNDA:23,(anonymous_4)
DA:8,2
DA:9,2
DA:11,2
DA:14,10
DA:17,15
DA:22,8
DA:23,8
DA:26,7
DA:30,23
DA:31,23
LF:10
LH:10
BRF:0
BRH:0
end_of_record
TN:
SF:src\utils\dateUtils.ts
FN:7,(anonymous_0)
FN:23,(anonymous_1)
FN:43,(anonymous_2)
FN:52,(anonymous_3)
FN:68,(anonymous_4)
FNF:5
FNH:5
FNDA:30,(anonymous_0)
FNDA:26,(anonymous_1)
FNDA:11,(anonymous_2)
FNDA:6,(anonymous_3)
FNDA:7,(anonymous_4)
DA:7,7
DA:8,30
DA:9,30
DA:23,7
DA:24,26
DA:25,26
DA:26,26
DA:27,26
DA:28,26
DA:29,26
DA:30,26
DA:37,7
DA:43,7
DA:44,11
DA:45,11
DA:52,7
DA:53,6
DA:54,6
DA:68,7
DA:69,7
LF:20
LH:20
BRF:0
BRH:0
end_of_record
TN:
SF:src\utils\fileUtils.ts
FN:9,(anonymous_0)
FNF:1
FNH:1
FNDA:52,(anonymous_0)
DA:9,6
DA:10,52
DA:11,52
DA:15,52
DA:20,52
DA:21,52
LF:6
LH:6
BRF:0
BRH:0
end_of_record
TN:
SF:src\utils\groupViolations.ts
FN:30,groupViolationsByRepeat
FN:31,(anonymous_1)
FN:34,(anonymous_2)
FN:35,(anonymous_3)
FN:45,formatViolationGroupSummary
FNF:5
FNH:5
FNDA:18,groupViolationsByRepeat
FNDA:33,(anonymous_1)
FNDA:20,(anonymous_2)
FNDA:20,(anonymous_3)
FNDA:20,formatViolationGroupSummary
DA:31,33
DA:33,18
DA:34,20
DA:35,20
DA:46,20
DA:47,20
DA:49,16
DA:50,16
DA:51,8
DA:53,16
DA:54,12
DA:56,16
LF:12
LH:12
BRDA:47,0,0,4
BRDA:47,0,1,16
BRDA:50,1,0,8
BRDA:50,1,1,8
BRDA:53,2,0,12
BRDA:53,2,1,4
BRDA:54,3,0,6
BRDA:54,3,1,6
BRF:8
BRH:8
end_of_record
TN:
SF:src\utils\inspectionUtils.ts
FN:4,(anonymous_0)
FN:5,(anonymous_1)
FN:8,(anonymous_2)
FN:15,(anonymous_3)
FN:17,(anonymous_4)
FN:25,(anonymous_5)
FN:26,(anonymous_6)
FN:29,(anonymous_7)
FN:31,(anonymous_8)
FN:34,(anonymous_9)
FNF:10
FNH:10
FNDA:167,(anonymous_0)
FNDA:309,(anonymous_1)
FNDA:16,(anonymous_2)
FNDA:193,(anonymous_3)
FNDA:354,(anonymous_4)
FNDA:157,(anonymous_5)
FNDA:191,(anonymous_6)
FNDA:8,(anonymous_7)
FNDA:11,(anonymous_8)
FNDA:18,(anonymous_9)
DA:4,7
DA:5,309
DA:8,7
DA:9,16
DA:10,16
DA:11,11
DA:12,11
DA:15,7
DA:16,193
DA:17,193
DA:18,354
DA:19,354
DA:20,354
DA:22,193
DA:25,7
DA:26,191
DA:29,7
DA:30,8
DA:31,11
DA:34,18
LF:20
LH:20
BRDA:10,0,0,5
BRDA:10,0,1,11
BRDA:18,1,0,354
BRDA:18,1,1,8
BRDA:19,2,0,253
BRDA:19,2,1,101
BRF:6
BRH:6
end_of_record
TN:
SF:src\utils\loadHomeData.ts
FN:27,getFacilityForAgenda
FN:32,(anonymous_1)
FN:33,(anonymous_2)
FN:37,loadHomeData
FN:54,(anonymous_4)
FN:61,(anonymous_5)
FN:70,(anonymous_6)
FNF:7
FNH:7
FNDA:10,getFacilityForAgenda
FNDA:10,(anonymous_1)
FNDA:5,(anonymous_2)
FNDA:27,loadHomeData
FNDA:26,(anonymous_4)
FNDA:17,(anonymous_5)
FNDA:11,(anonymous_6)
DA:31,10
DA:32,10
DA:33,5
DA:38,27
DA:48,26
DA:51,26
DA:52,26
DA:53,26
DA:56,26
DA:57,24
DA:58,24
DA:59,24
DA:61,17
DA:65,26
DA:66,26
DA:69,26
DA:70,26
DA:71,11
DA:74,26
LF:19
LH:19
BRDA:32,0,0,10
BRDA:32,0,1,6
BRDA:48,1,0,26
BRDA:48,1,1,2
BRDA:56,2,0,2
BRDA:56,2,1,24
BRDA:71,3,0,1
BRDA:71,3,1,10
BRDA:75,4,0,26
BRDA:75,4,1,3
BRF:10
BRH:10
end_of_record
TN:
SF:src\utils\numericUtils.ts
FN:31,deriveNumericCompliance
FN:60,numericStateToComplianceStatus
FNF:2
FNH:2
FNDA:47,deriveNumericCompliance
FNDA:17,numericStateToComplianceStatus
DA:35,47
DA:37,35
DA:39,35
DA:40,35
DA:41,35
DA:43,16
DA:44,16
DA:45,16
DA:47,8
DA:63,17
DA:64,5
DA:65,4
DA:66,4
DA:67,4
LF:14
LH:14
BRDA:35,0,0,12
BRDA:35,0,1,35
BRDA:35,1,0,47
BRDA:35,1,1,43
BRDA:35,1,2,39
BRDA:39,2,0,35
BRDA:39,2,1,31
BRDA:40,3,0,35
BRDA:40,3,1,31
BRDA:41,4,0,19
BRDA:41,4,1,16
BRDA:41,5,0,35
BRDA:41,5,1,27
BRDA:43,6,0,16
BRDA:43,6,1,16
BRDA:44,7,0,16
BRDA:44,7,1,16
BRDA:45,8,0,8
BRDA:45,8,1,8
BRDA:45,9,0,16
BRDA:45,9,1,12
BRDA:63,10,0,5
BRDA:63,10,1,4
BRDA:63,10,2,4
BRDA:63,10,3,4
BRF:25
BRH:25
end_of_record
TN:
SF:src\utils\scoringUtils.ts
FN:118,getSeverityWeight
FN:122,scoreToRawGrade
FN:129,gradeToRiskLevel
FN:138,riskLevelToNextInspectionDays
FN:148,computeScoreAndGrade
FN:150,(anonymous_5)
FN:151,(anonymous_6)
FN:156,(anonymous_7)
FN:165,(anonymous_8)
FN:166,(anonymous_9)
FN:167,(anonymous_10)
FN:172,(anonymous_11)
FN:173,(anonymous_12)
FNF:13
FNH:13
FNDA:1269,getSeverityWeight
FNDA:147,scoreToRawGrade
FNDA:147,gradeToRiskLevel
FNDA:147,riskLevelToNextInspectionDays
FNDA:147,computeScoreAndGrade
FNDA:800,(anonymous_5)
FNDA:800,(anonymous_6)
FNDA:800,(anonymous_7)
FNDA:223,(anonymous_8)
FNDA:223,(anonymous_9)
FNDA:223,(anonymous_10)
FNDA:523,(anonymous_11)
FNDA:746,(anonymous_12)
DA:44,6
DA:50,6
DA:51,6
DA:52,6
DA:55,6
DA:56,6
DA:60,6
DA:119,1269
DA:123,147
DA:124,96
DA:125,83
DA:126,31
DA:130,147
DA:131,45
DA:132,10
DA:133,56
DA:134,36
DA:139,147
DA:140,45
DA:141,10
DA:142,56
DA:143,36
DA:150,800
DA:151,800
DA:152,147
DA:156,800
DA:158,147
DA:159,147
DA:160,147
DA:161,147
DA:164,147
DA:165,223
DA:166,223
DA:167,223
DA:172,523
DA:173,746
DA:174,147
DA:179,147
DA:182,147
DA:183,147
DA:185,147
DA:187,10
DA:188,10
DA:189,137
DA:191,16
DA:192,6
DA:193,6
DA:196,10
DA:200,147
DA:201,147
DA:203,147
LF:51
LH:51
BRDA:119,0,0,1269
BRDA:119,0,1,0
BRDA:123,1,0,51
BRDA:123,1,1,96
BRDA:124,2,0,13
BRDA:124,2,1,83
BRDA:125,3,0,52
BRDA:125,3,1,31
BRDA:130,4,0,45
BRDA:130,4,1,10
BRDA:130,4,2,56
BRDA:130,4,3,36
BRDA:139,5,0,45
BRDA:139,5,1,10
BRDA:139,5,2,56
BRDA:139,5,3,36
BRDA:160,6,0,137
BRDA:160,6,1,10
BRDA:174,7,0,137
BRDA:174,7,1,10
BRDA:185,8,0,10
BRDA:185,8,1,137
BRDA:189,9,0,16
BRDA:189,9,1,121
BRDA:191,10,0,6
BRDA:191,10,1,10
BRDA:191,11,0,16
BRDA:191,11,1,12
BRF:28
BRH:27
end_of_record
TN:
SF:src\utils\statsUtils.ts
FN:16,(anonymous_0)
FN:24,(anonymous_1)
FNF:2
FNH:2
FNDA:42,(anonymous_0)
FNDA:77,(anonymous_1)
DA:16,5
DA:17,42
DA:18,42
DA:19,42
DA:20,42
DA:21,42
DA:22,42
DA:24,42
DA:25,77
DA:26,25
DA:27,18
DA:28,10
DA:30,77
DA:31,70
DA:32,70
DA:35,77
DA:36,8
DA:39,77
DA:40,8
DA:46,42
DA:48,42
LF:21
LH:21
BRDA:25,0,0,52
BRDA:25,0,1,25
BRDA:26,1,0,7
BRDA:26,1,1,18
BRDA:27,2,0,8
BRDA:27,2,1,10
BRDA:28,3,0,8
BRDA:28,3,1,2
BRDA:30,4,0,70
BRDA:30,4,1,7
BRDA:35,5,0,8
BRDA:35,5,1,69
BRDA:39,6,0,8
BRDA:39,6,1,69
BRDA:46,7,0,28
BRDA:46,7,1,14
BRDA:51,8,0,14
BRDA:51,8,1,28
BRF:18
BRH:18
end_of_record
TN:
SF:src\utils\statusUtils.ts
FN:8,(anonymous_0)
FN:26,(anonymous_1)
FN:42,(anonymous_2)
FN:44,(anonymous_3)
FN:45,(anonymous_4)
FN:46,(anonymous_5)
FNF:6
FNH:6
FNDA:77,(anonymous_0)
FNDA:18,(anonymous_1)
FNDA:24,(anonymous_2)
FNDA:47,(anonymous_3)
FNDA:47,(anonymous_4)
FNDA:47,(anonymous_5)
DA:8,8
DA:9,77
DA:11,32
DA:13,32
DA:15,5
DA:17,4
DA:19,4
DA:26,8
DA:27,18
DA:29,5
DA:31,4
DA:33,5
DA:35,4
DA:42,8
DA:43,24
DA:44,47
DA:45,47
DA:46,47
DA:47,24
DA:48,24
LF:20
LH:20
BRDA:9,0,0,32
BRDA:9,0,1,32
BRDA:9,0,2,5
BRDA:9,0,3,4
BRDA:9,0,4,4
BRDA:27,1,0,5
BRDA:27,1,1,4
BRDA:27,1,2,5
BRDA:27,1,3,4
BRF:9
BRH:9
end_of_record
